[  1%] Built target toms_msg__cpp
[ 12%] Built target toms_msg__rosidl_generator_c
[ 12%] Built target ament_cmake_python_symlink_toms_msg
[ 13%] [32mBuilding CXX object CMakeFiles/toms_msg__rosidl_typesupport_cpp.dir/rosidl_typesupport_cpp/toms_msg/msg/tomato_pos__type_support.cpp.o[0m
[ 14%] [32mBuilding CXX object CMakeFiles/toms_msg__rosidl_typesupport_fastrtps_cpp.dir/rosidl_typesupport_fastrtps_cpp/toms_msg/msg/detail/dds_fastrtps/tomato_data__type_support.cpp.o[0m
[ 15%] [32mBuilding CXX object CMakeFiles/toms_msg__rosidl_typesupport_cpp.dir/rosidl_typesupport_cpp/toms_msg/msg/tomato_data__type_support.cpp.o[0m
[ 16%] [32mBuilding CXX object CMakeFiles/toms_msg__rosidl_typesupport_fastrtps_c.dir/rosidl_typesupport_fastrtps_c/toms_msg/msg/detail/tomato_pos__type_support_c.cpp.o[0m
[ 18%] [32mBuilding CXX object CMakeFiles/toms_msg__rosidl_typesupport_cpp.dir/rosidl_typesupport_cpp/toms_msg/srv/crawler_service__type_support.cpp.o[0m
[ 18%] [32mBuilding CXX object CMakeFiles/toms_msg__rosidl_typesupport_fastrtps_cpp.dir/rosidl_typesupport_fastrtps_cpp/toms_msg/msg/detail/dds_fastrtps/tomato_pos__type_support.cpp.o[0m
[ 20%] [32mBuilding CXX object CMakeFiles/toms_msg__rosidl_typesupport_cpp.dir/rosidl_typesupport_cpp/toms_msg/srv/vision_service__type_support.cpp.o[0m
[ 21%] [32mBuilding CXX object CMakeFiles/toms_msg__rosidl_typesupport_fastrtps_cpp.dir/rosidl_typesupport_fastrtps_cpp/toms_msg/srv/detail/dds_fastrtps/vision_service__type_support.cpp.o[0m
[ 32%] Built target toms_msg__rosidl_typesupport_c
[ 44%] Built target toms_msg__rosidl_typesupport_introspection_c
[ 45%] [32mBuilding CXX object CMakeFiles/toms_msg__rosidl_typesupport_introspection_cpp.dir/rosidl_typesupport_introspection_cpp/toms_msg/msg/detail/tomato_pos__type_support.cpp.o[0m
[ 46%] [32mBuilding CXX object CMakeFiles/toms_msg__rosidl_typesupport_cpp.dir/rosidl_typesupport_cpp/toms_msg/srv/rail_service__type_support.cpp.o[0m
[ 47%] [32mBuilding CXX object CMakeFiles/toms_msg__rosidl_typesupport_introspection_cpp.dir/rosidl_typesupport_introspection_cpp/toms_msg/msg/detail/tomato_data__type_support.cpp.o[0m
[ 48%] [32mBuilding CXX object CMakeFiles/toms_msg__rosidl_typesupport_cpp.dir/rosidl_typesupport_cpp/toms_msg/srv/arm_service__type_support.cpp.o[0m
[ 49%] [32mBuilding CXX object CMakeFiles/toms_msg__rosidl_typesupport_cpp.dir/rosidl_typesupport_cpp/toms_msg/srv/end_effector_service__type_support.cpp.o[0m
[ 50%] [32mBuilding CXX object CMakeFiles/toms_msg__rosidl_typesupport_introspection_cpp.dir/rosidl_typesupport_introspection_cpp/toms_msg/srv/detail/vision_service__type_support.cpp.o[0m
[ 51%] [32mBuilding CXX object CMakeFiles/toms_msg__rosidl_typesupport_cpp.dir/rosidl_typesupport_cpp/toms_msg/srv/suction_command__type_support.cpp.o[0m
[ 52%] [32mBuilding CXX object CMakeFiles/toms_msg__rosidl_typesupport_cpp.dir/rosidl_typesupport_cpp/toms_msg/srv/cart_service__type_support.cpp.o[0m
running egg_info
writing toms_msg.egg-info/PKG-INFO
writing dependency_links to toms_msg.egg-info/dependency_links.txt
writing top-level names to toms_msg.egg-info/top_level.txt
reading manifest file 'toms_msg.egg-info/SOURCES.txt'
[ 53%] [32mBuilding CXX object CMakeFiles/toms_msg__rosidl_typesupport_fastrtps_c.dir/rosidl_typesupport_fastrtps_c/toms_msg/msg/detail/tomato_data__type_support_c.cpp.o[0m
writing manifest file 'toms_msg.egg-info/SOURCES.txt'
[ 53%] Built target ament_cmake_python_build_toms_msg_egg
[ 54%] [32mBuilding CXX object CMakeFiles/toms_msg__rosidl_typesupport_fastrtps_cpp.dir/rosidl_typesupport_fastrtps_cpp/toms_msg/srv/detail/dds_fastrtps/crawler_service__type_support.cpp.o[0m
[ 55%] [32mBuilding CXX object CMakeFiles/toms_msg__rosidl_typesupport_introspection_cpp.dir/rosidl_typesupport_introspection_cpp/toms_msg/srv/detail/crawler_service__type_support.cpp.o[0m
[ 56%] [32mBuilding CXX object CMakeFiles/toms_msg__rosidl_typesupport_fastrtps_cpp.dir/rosidl_typesupport_fastrtps_cpp/toms_msg/srv/detail/dds_fastrtps/rail_service__type_support.cpp.o[0m
[ 57%] [32mBuilding CXX object CMakeFiles/toms_msg__rosidl_typesupport_introspection_cpp.dir/rosidl_typesupport_introspection_cpp/toms_msg/srv/detail/rail_service__type_support.cpp.o[0m
[ 58%] [32mBuilding CXX object CMakeFiles/toms_msg__rosidl_typesupport_introspection_cpp.dir/rosidl_typesupport_introspection_cpp/toms_msg/srv/detail/arm_service__type_support.cpp.o[0m
[ 60%] [32mBuilding CXX object CMakeFiles/toms_msg__rosidl_typesupport_fastrtps_cpp.dir/rosidl_typesupport_fastrtps_cpp/toms_msg/srv/detail/dds_fastrtps/arm_service__type_support.cpp.o[0m
[ 61%] [32mBuilding CXX object CMakeFiles/toms_msg__rosidl_typesupport_introspection_cpp.dir/rosidl_typesupport_introspection_cpp/toms_msg/srv/detail/end_effector_service__type_support.cpp.o[0m
[ 62%] [32mBuilding CXX object CMakeFiles/toms_msg__rosidl_typesupport_fastrtps_cpp.dir/rosidl_typesupport_fastrtps_cpp/toms_msg/srv/detail/dds_fastrtps/end_effector_service__type_support.cpp.o[0m
[ 63%] [32mBuilding CXX object CMakeFiles/toms_msg__rosidl_typesupport_introspection_cpp.dir/rosidl_typesupport_introspection_cpp/toms_msg/srv/detail/suction_command__type_support.cpp.o[0m
[ 64%] [32m[1mLinking CXX shared library libtoms_msg__rosidl_typesupport_cpp.so[0m
[ 65%] [32mBuilding CXX object CMakeFiles/toms_msg__rosidl_typesupport_introspection_cpp.dir/rosidl_typesupport_introspection_cpp/toms_msg/srv/detail/cart_service__type_support.cpp.o[0m
[ 66%] Built target toms_msg__rosidl_typesupport_cpp
[ 67%] [32mBuilding CXX object CMakeFiles/toms_msg__rosidl_typesupport_fastrtps_c.dir/rosidl_typesupport_fastrtps_c/toms_msg/srv/detail/vision_service__type_support_c.cpp.o[0m
[ 68%] [32mBuilding CXX object CMakeFiles/toms_msg__rosidl_typesupport_fastrtps_c.dir/rosidl_typesupport_fastrtps_c/toms_msg/srv/detail/crawler_service__type_support_c.cpp.o[0m
[ 69%] [32mBuilding CXX object CMakeFiles/toms_msg__rosidl_typesupport_fastrtps_c.dir/rosidl_typesupport_fastrtps_c/toms_msg/srv/detail/rail_service__type_support_c.cpp.o[0m
[ 70%] [32mBuilding CXX object CMakeFiles/toms_msg__rosidl_typesupport_fastrtps_cpp.dir/rosidl_typesupport_fastrtps_cpp/toms_msg/srv/detail/dds_fastrtps/suction_command__type_support.cpp.o[0m
[ 71%] [32mBuilding CXX object CMakeFiles/toms_msg__rosidl_typesupport_fastrtps_cpp.dir/rosidl_typesupport_fastrtps_cpp/toms_msg/srv/detail/dds_fastrtps/cart_service__type_support.cpp.o[0m
[ 72%] [32mBuilding CXX object CMakeFiles/toms_msg__rosidl_typesupport_fastrtps_c.dir/rosidl_typesupport_fastrtps_c/toms_msg/srv/detail/arm_service__type_support_c.cpp.o[0m
[ 73%] [32mBuilding CXX object CMakeFiles/toms_msg__rosidl_typesupport_fastrtps_c.dir/rosidl_typesupport_fastrtps_c/toms_msg/srv/detail/end_effector_service__type_support_c.cpp.o[0m
[ 74%] [32mBuilding CXX object CMakeFiles/toms_msg__rosidl_typesupport_fastrtps_c.dir/rosidl_typesupport_fastrtps_c/toms_msg/srv/detail/suction_command__type_support_c.cpp.o[0m
[ 75%] [32mBuilding CXX object CMakeFiles/toms_msg__rosidl_typesupport_fastrtps_c.dir/rosidl_typesupport_fastrtps_c/toms_msg/srv/detail/cart_service__type_support_c.cpp.o[0m
[ 76%] [32m[1mLinking CXX shared library libtoms_msg__rosidl_typesupport_introspection_cpp.so[0m
[ 77%] Built target toms_msg__rosidl_typesupport_introspection_cpp
[ 78%] [32m[1mLinking CXX shared library libtoms_msg__rosidl_typesupport_fastrtps_cpp.so[0m
[ 80%] [32m[1mLinking CXX shared library libtoms_msg__rosidl_typesupport_fastrtps_c.so[0m
[ 81%] Built target toms_msg__rosidl_typesupport_fastrtps_cpp
[ 82%] Built target toms_msg__rosidl_typesupport_fastrtps_c
[ 82%] Built target toms_msg
[ 83%] Built target toms_msg__py
[ 87%] [32mBuilding C object CMakeFiles/toms_msg__rosidl_generator_py.dir/rosidl_generator_py/toms_msg/msg/_tomato_data_s.c.o[0m
[ 87%] [32mBuilding C object CMakeFiles/toms_msg__rosidl_generator_py.dir/rosidl_generator_py/toms_msg/srv/_vision_service_s.c.o[0m
[ 87%] [32mBuilding C object CMakeFiles/toms_msg__rosidl_generator_py.dir/rosidl_generator_py/toms_msg/srv/_crawler_service_s.c.o[0m
[ 87%] [32mBuilding C object CMakeFiles/toms_msg__rosidl_generator_py.dir/rosidl_generator_py/toms_msg/msg/_tomato_pos_s.c.o[0m
[ 88%] [32mBuilding C object CMakeFiles/toms_msg__rosidl_generator_py.dir/rosidl_generator_py/toms_msg/srv/_cart_service_s.c.o[0m
[ 89%] [32mBuilding C object CMakeFiles/toms_msg__rosidl_generator_py.dir/rosidl_generator_py/toms_msg/srv/_rail_service_s.c.o[0m
[ 90%] [32mBuilding C object CMakeFiles/toms_msg__rosidl_generator_py.dir/rosidl_generator_py/toms_msg/srv/_arm_service_s.c.o[0m
[ 91%] [32mBuilding C object CMakeFiles/toms_msg__rosidl_generator_py.dir/rosidl_generator_py/toms_msg/srv/_end_effector_service_s.c.o[0m
[ 92%] [32mBuilding C object CMakeFiles/toms_msg__rosidl_generator_py.dir/rosidl_generator_py/toms_msg/srv/_suction_command_s.c.o[0m
[ 93%] [32m[1mLinking C shared library rosidl_generator_py/toms_msg/libtoms_msg__rosidl_generator_py.so[0m
[ 93%] Built target toms_msg__rosidl_generator_py
[ 95%] [32mBuilding C object CMakeFiles/toms_msg__rosidl_typesupport_c__pyext.dir/rosidl_generator_py/toms_msg/_toms_msg_s.ep.rosidl_typesupport_c.c.o[0m
[ 95%] [32mBuilding C object CMakeFiles/toms_msg__rosidl_typesupport_introspection_c__pyext.dir/rosidl_generator_py/toms_msg/_toms_msg_s.ep.rosidl_typesupport_introspection_c.c.o[0m
[ 96%] [32mBuilding C object CMakeFiles/toms_msg__rosidl_typesupport_fastrtps_c__pyext.dir/rosidl_generator_py/toms_msg/_toms_msg_s.ep.rosidl_typesupport_fastrtps_c.c.o[0m
[ 98%] [32m[1mLinking C shared library rosidl_generator_py/toms_msg/toms_msg_s__rosidl_typesupport_introspection_c.cpython-310-aarch64-linux-gnu.so[0m
[ 98%] [32m[1mLinking C shared library rosidl_generator_py/toms_msg/toms_msg_s__rosidl_typesupport_c.cpython-310-aarch64-linux-gnu.so[0m
[100%] [32m[1mLinking C shared library rosidl_generator_py/toms_msg/toms_msg_s__rosidl_typesupport_fastrtps_c.cpython-310-aarch64-linux-gnu.so[0m
[100%] Built target toms_msg__rosidl_typesupport_c__pyext
[100%] Built target toms_msg__rosidl_typesupport_introspection_c__pyext
[100%] Built target toms_msg__rosidl_typesupport_fastrtps_c__pyext
-- Install configuration: ""
-- Execute custom install script
-- Up-to-date symlink: /home/ylab/hibikino_toms_ws/install/toms_msg/share/ament_index/resource_index/rosidl_interfaces/toms_msg
-- Up-to-date symlink: /home/ylab/hibikino_toms_ws/install/toms_msg/include/toms_msg/toms_msg/msg/detail/tomato_data__functions.h
-- Up-to-date symlink: /home/ylab/hibikino_toms_ws/install/toms_msg/include/toms_msg/toms_msg/msg/detail/tomato_data__struct.h
-- Up-to-date symlink: /home/ylab/hibikino_toms_ws/install/toms_msg/include/toms_msg/toms_msg/msg/detail/tomato_data__type_support.h
-- Up-to-date symlink: /home/ylab/hibikino_toms_ws/install/toms_msg/include/toms_msg/toms_msg/msg/detail/tomato_pos__functions.h
-- Up-to-date symlink: /home/ylab/hibikino_toms_ws/install/toms_msg/include/toms_msg/toms_msg/msg/detail/tomato_pos__struct.h
-- Up-to-date symlink: /home/ylab/hibikino_toms_ws/install/toms_msg/include/toms_msg/toms_msg/msg/detail/tomato_pos__type_support.h
-- Up-to-date symlink: /home/ylab/hibikino_toms_ws/install/toms_msg/include/toms_msg/toms_msg/msg/rosidl_generator_c__visibility_control.h
-- Up-to-date symlink: /home/ylab/hibikino_toms_ws/install/toms_msg/include/toms_msg/toms_msg/msg/tomato_data.h
-- Up-to-date symlink: /home/ylab/hibikino_toms_ws/install/toms_msg/include/toms_msg/toms_msg/msg/tomato_pos.h
-- Up-to-date symlink: /home/ylab/hibikino_toms_ws/install/toms_msg/include/toms_msg/toms_msg/srv/arm_service.h
-- Up-to-date symlink: /home/ylab/hibikino_toms_ws/install/toms_msg/include/toms_msg/toms_msg/srv/cart_service.h
-- Up-to-date symlink: /home/ylab/hibikino_toms_ws/install/toms_msg/include/toms_msg/toms_msg/srv/crawler_service.h
-- Up-to-date symlink: /home/ylab/hibikino_toms_ws/install/toms_msg/include/toms_msg/toms_msg/srv/detail/arm_service__functions.h
-- Up-to-date symlink: /home/ylab/hibikino_toms_ws/install/toms_msg/include/toms_msg/toms_msg/srv/detail/arm_service__struct.h
-- Up-to-date symlink: /home/ylab/hibikino_toms_ws/install/toms_msg/include/toms_msg/toms_msg/srv/detail/arm_service__type_support.h
-- Up-to-date symlink: /home/ylab/hibikino_toms_ws/install/toms_msg/include/toms_msg/toms_msg/srv/detail/cart_service__functions.h
-- Up-to-date symlink: /home/ylab/hibikino_toms_ws/install/toms_msg/include/toms_msg/toms_msg/srv/detail/cart_service__struct.h
-- Up-to-date symlink: /home/ylab/hibikino_toms_ws/install/toms_msg/include/toms_msg/toms_msg/srv/detail/cart_service__type_support.h
-- Up-to-date symlink: /home/ylab/hibikino_toms_ws/install/toms_msg/include/toms_msg/toms_msg/srv/detail/crawler_service__functions.h
-- Up-to-date symlink: /home/ylab/hibikino_toms_ws/install/toms_msg/include/toms_msg/toms_msg/srv/detail/crawler_service__struct.h
-- Up-to-date symlink: /home/ylab/hibikino_toms_ws/install/toms_msg/include/toms_msg/toms_msg/srv/detail/crawler_service__type_support.h
-- Up-to-date symlink: /home/ylab/hibikino_toms_ws/install/toms_msg/include/toms_msg/toms_msg/srv/detail/end_effector_service__functions.h
-- Up-to-date symlink: /home/ylab/hibikino_toms_ws/install/toms_msg/include/toms_msg/toms_msg/srv/detail/end_effector_service__struct.h
-- Up-to-date symlink: /home/ylab/hibikino_toms_ws/install/toms_msg/include/toms_msg/toms_msg/srv/detail/end_effector_service__type_support.h
-- Up-to-date symlink: /home/ylab/hibikino_toms_ws/install/toms_msg/include/toms_msg/toms_msg/srv/detail/rail_service__functions.h
-- Up-to-date symlink: /home/ylab/hibikino_toms_ws/install/toms_msg/include/toms_msg/toms_msg/srv/detail/rail_service__struct.h
-- Up-to-date symlink: /home/ylab/hibikino_toms_ws/install/toms_msg/include/toms_msg/toms_msg/srv/detail/rail_service__type_support.h
-- Up-to-date symlink: /home/ylab/hibikino_toms_ws/install/toms_msg/include/toms_msg/toms_msg/srv/detail/suction_command__functions.h
-- Up-to-date symlink: /home/ylab/hibikino_toms_ws/install/toms_msg/include/toms_msg/toms_msg/srv/detail/suction_command__struct.h
-- Up-to-date symlink: /home/ylab/hibikino_toms_ws/install/toms_msg/include/toms_msg/toms_msg/srv/detail/suction_command__type_support.h
-- Up-to-date symlink: /home/ylab/hibikino_toms_ws/install/toms_msg/include/toms_msg/toms_msg/srv/detail/vision_service__functions.h
-- Up-to-date symlink: /home/ylab/hibikino_toms_ws/install/toms_msg/include/toms_msg/toms_msg/srv/detail/vision_service__struct.h
-- Up-to-date symlink: /home/ylab/hibikino_toms_ws/install/toms_msg/include/toms_msg/toms_msg/srv/detail/vision_service__type_support.h
-- Up-to-date symlink: /home/ylab/hibikino_toms_ws/install/toms_msg/include/toms_msg/toms_msg/srv/end_effector_service.h
-- Up-to-date symlink: /home/ylab/hibikino_toms_ws/install/toms_msg/include/toms_msg/toms_msg/srv/rail_service.h
-- Up-to-date symlink: /home/ylab/hibikino_toms_ws/install/toms_msg/include/toms_msg/toms_msg/srv/suction_command.h
-- Up-to-date symlink: /home/ylab/hibikino_toms_ws/install/toms_msg/include/toms_msg/toms_msg/srv/vision_service.h
-- Up-to-date symlink: /home/ylab/hibikino_toms_ws/install/toms_msg/share/toms_msg/environment/library_path.sh
-- Up-to-date symlink: /home/ylab/hibikino_toms_ws/install/toms_msg/share/toms_msg/environment/library_path.dsv
-- Up-to-date symlink: /home/ylab/hibikino_toms_ws/install/toms_msg/include/toms_msg/toms_msg/msg/detail/tomato_data__rosidl_typesupport_fastrtps_c.h
-- Up-to-date symlink: /home/ylab/hibikino_toms_ws/install/toms_msg/include/toms_msg/toms_msg/msg/detail/tomato_pos__rosidl_typesupport_fastrtps_c.h
-- Up-to-date symlink: /home/ylab/hibikino_toms_ws/install/toms_msg/include/toms_msg/toms_msg/msg/rosidl_typesupport_fastrtps_c__visibility_control.h
-- Up-to-date symlink: /home/ylab/hibikino_toms_ws/install/toms_msg/include/toms_msg/toms_msg/srv/detail/arm_service__rosidl_typesupport_fastrtps_c.h
-- Up-to-date symlink: /home/ylab/hibikino_toms_ws/install/toms_msg/include/toms_msg/toms_msg/srv/detail/cart_service__rosidl_typesupport_fastrtps_c.h
-- Up-to-date symlink: /home/ylab/hibikino_toms_ws/install/toms_msg/include/toms_msg/toms_msg/srv/detail/crawler_service__rosidl_typesupport_fastrtps_c.h
-- Up-to-date symlink: /home/ylab/hibikino_toms_ws/install/toms_msg/include/toms_msg/toms_msg/srv/detail/end_effector_service__rosidl_typesupport_fastrtps_c.h
-- Up-to-date symlink: /home/ylab/hibikino_toms_ws/install/toms_msg/include/toms_msg/toms_msg/srv/detail/rail_service__rosidl_typesupport_fastrtps_c.h
-- Up-to-date symlink: /home/ylab/hibikino_toms_ws/install/toms_msg/include/toms_msg/toms_msg/srv/detail/suction_command__rosidl_typesupport_fastrtps_c.h
-- Up-to-date symlink: /home/ylab/hibikino_toms_ws/install/toms_msg/include/toms_msg/toms_msg/srv/detail/vision_service__rosidl_typesupport_fastrtps_c.h
-- Up-to-date symlink: /home/ylab/hibikino_toms_ws/install/toms_msg/include/toms_msg/toms_msg/msg/detail/tomato_data__builder.hpp
-- Up-to-date symlink: /home/ylab/hibikino_toms_ws/install/toms_msg/include/toms_msg/toms_msg/msg/detail/tomato_data__struct.hpp
-- Up-to-date symlink: /home/ylab/hibikino_toms_ws/install/toms_msg/include/toms_msg/toms_msg/msg/detail/tomato_data__traits.hpp
-- Up-to-date symlink: /home/ylab/hibikino_toms_ws/install/toms_msg/include/toms_msg/toms_msg/msg/detail/tomato_data__type_support.hpp
-- Up-to-date symlink: /home/ylab/hibikino_toms_ws/install/toms_msg/include/toms_msg/toms_msg/msg/detail/tomato_pos__builder.hpp
-- Up-to-date symlink: /home/ylab/hibikino_toms_ws/install/toms_msg/include/toms_msg/toms_msg/msg/detail/tomato_pos__struct.hpp
-- Up-to-date symlink: /home/ylab/hibikino_toms_ws/install/toms_msg/include/toms_msg/toms_msg/msg/detail/tomato_pos__traits.hpp
-- Up-to-date symlink: /home/ylab/hibikino_toms_ws/install/toms_msg/include/toms_msg/toms_msg/msg/detail/tomato_pos__type_support.hpp
-- Up-to-date symlink: /home/ylab/hibikino_toms_ws/install/toms_msg/include/toms_msg/toms_msg/msg/rosidl_generator_cpp__visibility_control.hpp
-- Up-to-date symlink: /home/ylab/hibikino_toms_ws/install/toms_msg/include/toms_msg/toms_msg/msg/tomato_data.hpp
-- Up-to-date symlink: /home/ylab/hibikino_toms_ws/install/toms_msg/include/toms_msg/toms_msg/msg/tomato_pos.hpp
-- Up-to-date symlink: /home/ylab/hibikino_toms_ws/install/toms_msg/include/toms_msg/toms_msg/srv/arm_service.hpp
-- Up-to-date symlink: /home/ylab/hibikino_toms_ws/install/toms_msg/include/toms_msg/toms_msg/srv/cart_service.hpp
-- Up-to-date symlink: /home/ylab/hibikino_toms_ws/install/toms_msg/include/toms_msg/toms_msg/srv/crawler_service.hpp
-- Up-to-date symlink: /home/ylab/hibikino_toms_ws/install/toms_msg/include/toms_msg/toms_msg/srv/detail/arm_service__builder.hpp
-- Up-to-date symlink: /home/ylab/hibikino_toms_ws/install/toms_msg/include/toms_msg/toms_msg/srv/detail/arm_service__struct.hpp
-- Up-to-date symlink: /home/ylab/hibikino_toms_ws/install/toms_msg/include/toms_msg/toms_msg/srv/detail/arm_service__traits.hpp
-- Up-to-date symlink: /home/ylab/hibikino_toms_ws/install/toms_msg/include/toms_msg/toms_msg/srv/detail/arm_service__type_support.hpp
-- Up-to-date symlink: /home/ylab/hibikino_toms_ws/install/toms_msg/include/toms_msg/toms_msg/srv/detail/cart_service__builder.hpp
-- Up-to-date symlink: /home/ylab/hibikino_toms_ws/install/toms_msg/include/toms_msg/toms_msg/srv/detail/cart_service__struct.hpp
-- Up-to-date symlink: /home/ylab/hibikino_toms_ws/install/toms_msg/include/toms_msg/toms_msg/srv/detail/cart_service__traits.hpp
-- Up-to-date symlink: /home/ylab/hibikino_toms_ws/install/toms_msg/include/toms_msg/toms_msg/srv/detail/cart_service__type_support.hpp
-- Up-to-date symlink: /home/ylab/hibikino_toms_ws/install/toms_msg/include/toms_msg/toms_msg/srv/detail/crawler_service__builder.hpp
-- Up-to-date symlink: /home/ylab/hibikino_toms_ws/install/toms_msg/include/toms_msg/toms_msg/srv/detail/crawler_service__struct.hpp
-- Up-to-date symlink: /home/ylab/hibikino_toms_ws/install/toms_msg/include/toms_msg/toms_msg/srv/detail/crawler_service__traits.hpp
-- Up-to-date symlink: /home/ylab/hibikino_toms_ws/install/toms_msg/include/toms_msg/toms_msg/srv/detail/crawler_service__type_support.hpp
-- Up-to-date symlink: /home/ylab/hibikino_toms_ws/install/toms_msg/include/toms_msg/toms_msg/srv/detail/end_effector_service__builder.hpp
-- Up-to-date symlink: /home/ylab/hibikino_toms_ws/install/toms_msg/include/toms_msg/toms_msg/srv/detail/end_effector_service__struct.hpp
-- Up-to-date symlink: /home/ylab/hibikino_toms_ws/install/toms_msg/include/toms_msg/toms_msg/srv/detail/end_effector_service__traits.hpp
-- Up-to-date symlink: /home/ylab/hibikino_toms_ws/install/toms_msg/include/toms_msg/toms_msg/srv/detail/end_effector_service__type_support.hpp
-- Up-to-date symlink: /home/ylab/hibikino_toms_ws/install/toms_msg/include/toms_msg/toms_msg/srv/detail/rail_service__builder.hpp
-- Up-to-date symlink: /home/ylab/hibikino_toms_ws/install/toms_msg/include/toms_msg/toms_msg/srv/detail/rail_service__struct.hpp
-- Up-to-date symlink: /home/ylab/hibikino_toms_ws/install/toms_msg/include/toms_msg/toms_msg/srv/detail/rail_service__traits.hpp
-- Up-to-date symlink: /home/ylab/hibikino_toms_ws/install/toms_msg/include/toms_msg/toms_msg/srv/detail/rail_service__type_support.hpp
-- Up-to-date symlink: /home/ylab/hibikino_toms_ws/install/toms_msg/include/toms_msg/toms_msg/srv/detail/suction_command__builder.hpp
-- Up-to-date symlink: /home/ylab/hibikino_toms_ws/install/toms_msg/include/toms_msg/toms_msg/srv/detail/suction_command__struct.hpp
-- Up-to-date symlink: /home/ylab/hibikino_toms_ws/install/toms_msg/include/toms_msg/toms_msg/srv/detail/suction_command__traits.hpp
-- Up-to-date symlink: /home/ylab/hibikino_toms_ws/install/toms_msg/include/toms_msg/toms_msg/srv/detail/suction_command__type_support.hpp
-- Up-to-date symlink: /home/ylab/hibikino_toms_ws/install/toms_msg/include/toms_msg/toms_msg/srv/detail/vision_service__builder.hpp
-- Up-to-date symlink: /home/ylab/hibikino_toms_ws/install/toms_msg/include/toms_msg/toms_msg/srv/detail/vision_service__struct.hpp
-- Up-to-date symlink: /home/ylab/hibikino_toms_ws/install/toms_msg/include/toms_msg/toms_msg/srv/detail/vision_service__traits.hpp
-- Up-to-date symlink: /home/ylab/hibikino_toms_ws/install/toms_msg/include/toms_msg/toms_msg/srv/detail/vision_service__type_support.hpp
-- Up-to-date symlink: /home/ylab/hibikino_toms_ws/install/toms_msg/include/toms_msg/toms_msg/srv/end_effector_service.hpp
-- Up-to-date symlink: /home/ylab/hibikino_toms_ws/install/toms_msg/include/toms_msg/toms_msg/srv/rail_service.hpp
-- Up-to-date symlink: /home/ylab/hibikino_toms_ws/install/toms_msg/include/toms_msg/toms_msg/srv/suction_command.hpp
-- Up-to-date symlink: /home/ylab/hibikino_toms_ws/install/toms_msg/include/toms_msg/toms_msg/srv/vision_service.hpp
-- Up-to-date symlink: /home/ylab/hibikino_toms_ws/install/toms_msg/include/toms_msg/toms_msg/msg/detail/tomato_data__rosidl_typesupport_fastrtps_cpp.hpp
-- Up-to-date symlink: /home/ylab/hibikino_toms_ws/install/toms_msg/include/toms_msg/toms_msg/msg/detail/tomato_pos__rosidl_typesupport_fastrtps_cpp.hpp
-- Up-to-date symlink: /home/ylab/hibikino_toms_ws/install/toms_msg/include/toms_msg/toms_msg/msg/rosidl_typesupport_fastrtps_cpp__visibility_control.h
-- Up-to-date symlink: /home/ylab/hibikino_toms_ws/install/toms_msg/include/toms_msg/toms_msg/srv/detail/arm_service__rosidl_typesupport_fastrtps_cpp.hpp
-- Up-to-date symlink: /home/ylab/hibikino_toms_ws/install/toms_msg/include/toms_msg/toms_msg/srv/detail/cart_service__rosidl_typesupport_fastrtps_cpp.hpp
-- Up-to-date symlink: /home/ylab/hibikino_toms_ws/install/toms_msg/include/toms_msg/toms_msg/srv/detail/crawler_service__rosidl_typesupport_fastrtps_cpp.hpp
-- Up-to-date symlink: /home/ylab/hibikino_toms_ws/install/toms_msg/include/toms_msg/toms_msg/srv/detail/end_effector_service__rosidl_typesupport_fastrtps_cpp.hpp
-- Up-to-date symlink: /home/ylab/hibikino_toms_ws/install/toms_msg/include/toms_msg/toms_msg/srv/detail/rail_service__rosidl_typesupport_fastrtps_cpp.hpp
-- Up-to-date symlink: /home/ylab/hibikino_toms_ws/install/toms_msg/include/toms_msg/toms_msg/srv/detail/suction_command__rosidl_typesupport_fastrtps_cpp.hpp
-- Up-to-date symlink: /home/ylab/hibikino_toms_ws/install/toms_msg/include/toms_msg/toms_msg/srv/detail/vision_service__rosidl_typesupport_fastrtps_cpp.hpp
-- Up-to-date symlink: /home/ylab/hibikino_toms_ws/install/toms_msg/include/toms_msg/toms_msg/msg/detail/tomato_data__rosidl_typesupport_introspection_c.h
-- Up-to-date symlink: /home/ylab/hibikino_toms_ws/install/toms_msg/include/toms_msg/toms_msg/msg/detail/tomato_pos__rosidl_typesupport_introspection_c.h
-- Up-to-date symlink: /home/ylab/hibikino_toms_ws/install/toms_msg/include/toms_msg/toms_msg/msg/rosidl_typesupport_introspection_c__visibility_control.h
-- Up-to-date symlink: /home/ylab/hibikino_toms_ws/install/toms_msg/include/toms_msg/toms_msg/srv/detail/arm_service__rosidl_typesupport_introspection_c.h
-- Up-to-date symlink: /home/ylab/hibikino_toms_ws/install/toms_msg/include/toms_msg/toms_msg/srv/detail/cart_service__rosidl_typesupport_introspection_c.h
-- Up-to-date symlink: /home/ylab/hibikino_toms_ws/install/toms_msg/include/toms_msg/toms_msg/srv/detail/crawler_service__rosidl_typesupport_introspection_c.h
-- Up-to-date symlink: /home/ylab/hibikino_toms_ws/install/toms_msg/include/toms_msg/toms_msg/srv/detail/end_effector_service__rosidl_typesupport_introspection_c.h
-- Up-to-date symlink: /home/ylab/hibikino_toms_ws/install/toms_msg/include/toms_msg/toms_msg/srv/detail/rail_service__rosidl_typesupport_introspection_c.h
-- Up-to-date symlink: /home/ylab/hibikino_toms_ws/install/toms_msg/include/toms_msg/toms_msg/srv/detail/suction_command__rosidl_typesupport_introspection_c.h
-- Up-to-date symlink: /home/ylab/hibikino_toms_ws/install/toms_msg/include/toms_msg/toms_msg/srv/detail/vision_service__rosidl_typesupport_introspection_c.h
-- Up-to-date symlink: /home/ylab/hibikino_toms_ws/install/toms_msg/include/toms_msg/toms_msg/msg/detail/tomato_data__rosidl_typesupport_introspection_cpp.hpp
-- Up-to-date symlink: /home/ylab/hibikino_toms_ws/install/toms_msg/include/toms_msg/toms_msg/msg/detail/tomato_pos__rosidl_typesupport_introspection_cpp.hpp
-- Up-to-date symlink: /home/ylab/hibikino_toms_ws/install/toms_msg/include/toms_msg/toms_msg/srv/detail/arm_service__rosidl_typesupport_introspection_cpp.hpp
-- Up-to-date symlink: /home/ylab/hibikino_toms_ws/install/toms_msg/include/toms_msg/toms_msg/srv/detail/cart_service__rosidl_typesupport_introspection_cpp.hpp
-- Up-to-date symlink: /home/ylab/hibikino_toms_ws/install/toms_msg/include/toms_msg/toms_msg/srv/detail/crawler_service__rosidl_typesupport_introspection_cpp.hpp
-- Up-to-date symlink: /home/ylab/hibikino_toms_ws/install/toms_msg/include/toms_msg/toms_msg/srv/detail/end_effector_service__rosidl_typesupport_introspection_cpp.hpp
-- Up-to-date symlink: /home/ylab/hibikino_toms_ws/install/toms_msg/include/toms_msg/toms_msg/srv/detail/rail_service__rosidl_typesupport_introspection_cpp.hpp
-- Up-to-date symlink: /home/ylab/hibikino_toms_ws/install/toms_msg/include/toms_msg/toms_msg/srv/detail/suction_command__rosidl_typesupport_introspection_cpp.hpp
-- Up-to-date symlink: /home/ylab/hibikino_toms_ws/install/toms_msg/include/toms_msg/toms_msg/srv/detail/vision_service__rosidl_typesupport_introspection_cpp.hpp
-- Up-to-date symlink: /home/ylab/hibikino_toms_ws/install/toms_msg/share/toms_msg/environment/pythonpath.sh
-- Up-to-date symlink: /home/ylab/hibikino_toms_ws/install/toms_msg/share/toms_msg/environment/pythonpath.dsv
-- Up-to-date symlink: /home/ylab/hibikino_toms_ws/install/toms_msg/local/lib/python3.10/dist-packages/toms_msg-0.0.0-py3.10.egg-info/PKG-INFO
-- Up-to-date symlink: /home/ylab/hibikino_toms_ws/install/toms_msg/local/lib/python3.10/dist-packages/toms_msg-0.0.0-py3.10.egg-info/SOURCES.txt
-- Up-to-date symlink: /home/ylab/hibikino_toms_ws/install/toms_msg/local/lib/python3.10/dist-packages/toms_msg-0.0.0-py3.10.egg-info/dependency_links.txt
-- Up-to-date symlink: /home/ylab/hibikino_toms_ws/install/toms_msg/local/lib/python3.10/dist-packages/toms_msg-0.0.0-py3.10.egg-info/top_level.txt
-- Up-to-date symlink: /home/ylab/hibikino_toms_ws/install/toms_msg/local/lib/python3.10/dist-packages/toms_msg/__init__.py
-- Up-to-date symlink: /home/ylab/hibikino_toms_ws/install/toms_msg/local/lib/python3.10/dist-packages/toms_msg/_toms_msg_s.ep.rosidl_typesupport_c.c
-- Up-to-date symlink: /home/ylab/hibikino_toms_ws/install/toms_msg/local/lib/python3.10/dist-packages/toms_msg/_toms_msg_s.ep.rosidl_typesupport_fastrtps_c.c
-- Up-to-date symlink: /home/ylab/hibikino_toms_ws/install/toms_msg/local/lib/python3.10/dist-packages/toms_msg/_toms_msg_s.ep.rosidl_typesupport_introspection_c.c
-- Up-to-date symlink: /home/ylab/hibikino_toms_ws/install/toms_msg/local/lib/python3.10/dist-packages/toms_msg/libtoms_msg__rosidl_generator_py.so
-- Up-to-date symlink: /home/ylab/hibikino_toms_ws/install/toms_msg/local/lib/python3.10/dist-packages/toms_msg/msg/__init__.py
-- Up-to-date symlink: /home/ylab/hibikino_toms_ws/install/toms_msg/local/lib/python3.10/dist-packages/toms_msg/msg/_tomato_data.py
-- Up-to-date symlink: /home/ylab/hibikino_toms_ws/install/toms_msg/local/lib/python3.10/dist-packages/toms_msg/msg/_tomato_data_s.c
-- Up-to-date symlink: /home/ylab/hibikino_toms_ws/install/toms_msg/local/lib/python3.10/dist-packages/toms_msg/msg/_tomato_pos.py
-- Up-to-date symlink: /home/ylab/hibikino_toms_ws/install/toms_msg/local/lib/python3.10/dist-packages/toms_msg/msg/_tomato_pos_s.c
-- Up-to-date symlink: /home/ylab/hibikino_toms_ws/install/toms_msg/local/lib/python3.10/dist-packages/toms_msg/srv/__init__.py
-- Up-to-date symlink: /home/ylab/hibikino_toms_ws/install/toms_msg/local/lib/python3.10/dist-packages/toms_msg/srv/_arm_service.py
-- Up-to-date symlink: /home/ylab/hibikino_toms_ws/install/toms_msg/local/lib/python3.10/dist-packages/toms_msg/srv/_arm_service_s.c
-- Up-to-date symlink: /home/ylab/hibikino_toms_ws/install/toms_msg/local/lib/python3.10/dist-packages/toms_msg/srv/_cart_service.py
-- Up-to-date symlink: /home/ylab/hibikino_toms_ws/install/toms_msg/local/lib/python3.10/dist-packages/toms_msg/srv/_cart_service_s.c
-- Up-to-date symlink: /home/ylab/hibikino_toms_ws/install/toms_msg/local/lib/python3.10/dist-packages/toms_msg/srv/_crawler_service.py
-- Up-to-date symlink: /home/ylab/hibikino_toms_ws/install/toms_msg/local/lib/python3.10/dist-packages/toms_msg/srv/_crawler_service_s.c
-- Up-to-date symlink: /home/ylab/hibikino_toms_ws/install/toms_msg/local/lib/python3.10/dist-packages/toms_msg/srv/_end_effector_service.py
-- Up-to-date symlink: /home/ylab/hibikino_toms_ws/install/toms_msg/local/lib/python3.10/dist-packages/toms_msg/srv/_end_effector_service_s.c
-- Up-to-date symlink: /home/ylab/hibikino_toms_ws/install/toms_msg/local/lib/python3.10/dist-packages/toms_msg/srv/_rail_service.py
-- Up-to-date symlink: /home/ylab/hibikino_toms_ws/install/toms_msg/local/lib/python3.10/dist-packages/toms_msg/srv/_rail_service_s.c
-- Up-to-date symlink: /home/ylab/hibikino_toms_ws/install/toms_msg/local/lib/python3.10/dist-packages/toms_msg/srv/_suction_command.py
-- Up-to-date symlink: /home/ylab/hibikino_toms_ws/install/toms_msg/local/lib/python3.10/dist-packages/toms_msg/srv/_suction_command_s.c
-- Up-to-date symlink: /home/ylab/hibikino_toms_ws/install/toms_msg/local/lib/python3.10/dist-packages/toms_msg/srv/_vision_service.py
-- Up-to-date symlink: /home/ylab/hibikino_toms_ws/install/toms_msg/local/lib/python3.10/dist-packages/toms_msg/srv/_vision_service_s.c
-- Up-to-date symlink: /home/ylab/hibikino_toms_ws/install/toms_msg/local/lib/python3.10/dist-packages/toms_msg/toms_msg_s__rosidl_typesupport_c.cpython-310-aarch64-linux-gnu.so
-- Up-to-date symlink: /home/ylab/hibikino_toms_ws/install/toms_msg/local/lib/python3.10/dist-packages/toms_msg/toms_msg_s__rosidl_typesupport_fastrtps_c.cpython-310-aarch64-linux-gnu.so
-- Up-to-date symlink: /home/ylab/hibikino_toms_ws/install/toms_msg/local/lib/python3.10/dist-packages/toms_msg/toms_msg_s__rosidl_typesupport_introspection_c.cpython-310-aarch64-linux-gnu.so
-- Up-to-date symlink: /home/ylab/hibikino_toms_ws/install/toms_msg/local/lib/python3.10/dist-packages/toms_msg/toms_msg_s__rosidl_typesupport_fastrtps_c.cpython-310-aarch64-linux-gnu.so
-- Up-to-date symlink: /home/ylab/hibikino_toms_ws/install/toms_msg/local/lib/python3.10/dist-packages/toms_msg/toms_msg_s__rosidl_typesupport_introspection_c.cpython-310-aarch64-linux-gnu.so
-- Up-to-date symlink: /home/ylab/hibikino_toms_ws/install/toms_msg/local/lib/python3.10/dist-packages/toms_msg/toms_msg_s__rosidl_typesupport_c.cpython-310-aarch64-linux-gnu.so
-- Up-to-date symlink: /home/ylab/hibikino_toms_ws/install/toms_msg/share/toms_msg/msg/TomatoPos.idl
-- Up-to-date symlink: /home/ylab/hibikino_toms_ws/install/toms_msg/share/toms_msg/msg/TomatoData.idl
-- Up-to-date symlink: /home/ylab/hibikino_toms_ws/install/toms_msg/share/toms_msg/srv/VisionService.idl
-- Up-to-date symlink: /home/ylab/hibikino_toms_ws/install/toms_msg/share/toms_msg/srv/CrawlerService.idl
-- Up-to-date symlink: /home/ylab/hibikino_toms_ws/install/toms_msg/share/toms_msg/srv/RailService.idl
-- Up-to-date symlink: /home/ylab/hibikino_toms_ws/install/toms_msg/share/toms_msg/srv/ArmService.idl
-- Up-to-date symlink: /home/ylab/hibikino_toms_ws/install/toms_msg/share/toms_msg/srv/EndEffectorService.idl
-- Up-to-date symlink: /home/ylab/hibikino_toms_ws/install/toms_msg/share/toms_msg/srv/SuctionCommand.idl
-- Up-to-date symlink: /home/ylab/hibikino_toms_ws/install/toms_msg/share/toms_msg/srv/CartService.idl
-- Up-to-date symlink: /home/ylab/hibikino_toms_ws/install/toms_msg/share/toms_msg/msg/TomatoPos.msg
-- Up-to-date symlink: /home/ylab/hibikino_toms_ws/install/toms_msg/share/toms_msg/msg/TomatoData.msg
-- Up-to-date symlink: /home/ylab/hibikino_toms_ws/install/toms_msg/share/toms_msg/srv/VisionService.srv
-- Up-to-date symlink: /home/ylab/hibikino_toms_ws/install/toms_msg/share/toms_msg/srv/VisionService_Request.msg
-- Up-to-date symlink: /home/ylab/hibikino_toms_ws/install/toms_msg/share/toms_msg/srv/VisionService_Response.msg
-- Up-to-date symlink: /home/ylab/hibikino_toms_ws/install/toms_msg/share/toms_msg/srv/CrawlerService.srv
-- Up-to-date symlink: /home/ylab/hibikino_toms_ws/install/toms_msg/share/toms_msg/srv/CrawlerService_Request.msg
-- Up-to-date symlink: /home/ylab/hibikino_toms_ws/install/toms_msg/share/toms_msg/srv/CrawlerService_Response.msg
-- Up-to-date symlink: /home/ylab/hibikino_toms_ws/install/toms_msg/share/toms_msg/srv/RailService.srv
-- Up-to-date symlink: /home/ylab/hibikino_toms_ws/install/toms_msg/share/toms_msg/srv/RailService_Request.msg
-- Up-to-date symlink: /home/ylab/hibikino_toms_ws/install/toms_msg/share/toms_msg/srv/RailService_Response.msg
-- Up-to-date symlink: /home/ylab/hibikino_toms_ws/install/toms_msg/share/toms_msg/srv/ArmService.srv
-- Up-to-date symlink: /home/ylab/hibikino_toms_ws/install/toms_msg/share/toms_msg/srv/ArmService_Request.msg
-- Up-to-date symlink: /home/ylab/hibikino_toms_ws/install/toms_msg/share/toms_msg/srv/ArmService_Response.msg
-- Up-to-date symlink: /home/ylab/hibikino_toms_ws/install/toms_msg/share/toms_msg/srv/EndEffectorService.srv
-- Up-to-date symlink: /home/ylab/hibikino_toms_ws/install/toms_msg/share/toms_msg/srv/EndEffectorService_Request.msg
-- Up-to-date symlink: /home/ylab/hibikino_toms_ws/install/toms_msg/share/toms_msg/srv/EndEffectorService_Response.msg
-- Up-to-date symlink: /home/ylab/hibikino_toms_ws/install/toms_msg/share/toms_msg/srv/SuctionCommand.srv
-- Up-to-date symlink: /home/ylab/hibikino_toms_ws/install/toms_msg/share/toms_msg/srv/SuctionCommand_Request.msg
-- Up-to-date symlink: /home/ylab/hibikino_toms_ws/install/toms_msg/share/toms_msg/srv/SuctionCommand_Response.msg
-- Up-to-date symlink: /home/ylab/hibikino_toms_ws/install/toms_msg/share/toms_msg/srv/CartService.srv
-- Up-to-date symlink: /home/ylab/hibikino_toms_ws/install/toms_msg/share/toms_msg/srv/CartService_Request.msg
-- Up-to-date symlink: /home/ylab/hibikino_toms_ws/install/toms_msg/share/toms_msg/srv/CartService_Response.msg
-- Up-to-date symlink: /home/ylab/hibikino_toms_ws/install/toms_msg/share/ament_index/resource_index/package_run_dependencies/toms_msg
-- Up-to-date symlink: /home/ylab/hibikino_toms_ws/install/toms_msg/share/ament_index/resource_index/parent_prefix_path/toms_msg
-- Up-to-date symlink: /home/ylab/hibikino_toms_ws/install/toms_msg/share/toms_msg/environment/ament_prefix_path.sh
-- Up-to-date symlink: /home/ylab/hibikino_toms_ws/install/toms_msg/share/toms_msg/environment/ament_prefix_path.dsv
-- Up-to-date symlink: /home/ylab/hibikino_toms_ws/install/toms_msg/share/toms_msg/environment/path.sh
-- Up-to-date symlink: /home/ylab/hibikino_toms_ws/install/toms_msg/share/toms_msg/environment/path.dsv
-- Up-to-date symlink: /home/ylab/hibikino_toms_ws/install/toms_msg/share/toms_msg/local_setup.bash
-- Up-to-date symlink: /home/ylab/hibikino_toms_ws/install/toms_msg/share/toms_msg/local_setup.sh
-- Up-to-date symlink: /home/ylab/hibikino_toms_ws/install/toms_msg/share/toms_msg/local_setup.zsh
-- Up-to-date symlink: /home/ylab/hibikino_toms_ws/install/toms_msg/share/toms_msg/local_setup.dsv
-- Symlinking: /home/ylab/hibikino_toms_ws/install/toms_msg/share/toms_msg/package.dsv
-- Up-to-date symlink: /home/ylab/hibikino_toms_ws/install/toms_msg/share/ament_index/resource_index/packages/toms_msg
-- Up-to-date symlink: /home/ylab/hibikino_toms_ws/install/toms_msg/share/toms_msg/cmake/rosidl_cmake-extras.cmake
-- Up-to-date symlink: /home/ylab/hibikino_toms_ws/install/toms_msg/share/toms_msg/cmake/ament_cmake_export_dependencies-extras.cmake
-- Up-to-date symlink: /home/ylab/hibikino_toms_ws/install/toms_msg/share/toms_msg/cmake/ament_cmake_export_include_directories-extras.cmake
-- Up-to-date symlink: /home/ylab/hibikino_toms_ws/install/toms_msg/share/toms_msg/cmake/ament_cmake_export_libraries-extras.cmake
-- Up-to-date symlink: /home/ylab/hibikino_toms_ws/install/toms_msg/share/toms_msg/cmake/ament_cmake_export_targets-extras.cmake
-- Up-to-date symlink: /home/ylab/hibikino_toms_ws/install/toms_msg/share/toms_msg/cmake/rosidl_cmake_export_typesupport_targets-extras.cmake
-- Up-to-date symlink: /home/ylab/hibikino_toms_ws/install/toms_msg/share/toms_msg/cmake/rosidl_cmake_export_typesupport_libraries-extras.cmake
-- Up-to-date symlink: /home/ylab/hibikino_toms_ws/install/toms_msg/share/toms_msg/cmake/toms_msgConfig.cmake
-- Up-to-date symlink: /home/ylab/hibikino_toms_ws/install/toms_msg/share/toms_msg/cmake/toms_msgConfig-version.cmake
-- Up-to-date symlink: /home/ylab/hibikino_toms_ws/install/toms_msg/share/toms_msg/package.xml
-- Up-to-date: /home/ylab/hibikino_toms_ws/install/toms_msg/lib/libtoms_msg__rosidl_generator_c.so
-- Installing: /home/ylab/hibikino_toms_ws/install/toms_msg/lib/libtoms_msg__rosidl_typesupport_fastrtps_c.so
-- Set runtime path of "/home/ylab/hibikino_toms_ws/install/toms_msg/lib/libtoms_msg__rosidl_typesupport_fastrtps_c.so" to ""
-- Installing: /home/ylab/hibikino_toms_ws/install/toms_msg/lib/libtoms_msg__rosidl_typesupport_fastrtps_cpp.so
-- Set runtime path of "/home/ylab/hibikino_toms_ws/install/toms_msg/lib/libtoms_msg__rosidl_typesupport_fastrtps_cpp.so" to ""
-- Up-to-date: /home/ylab/hibikino_toms_ws/install/toms_msg/lib/libtoms_msg__rosidl_typesupport_introspection_c.so
-- Up-to-date: /home/ylab/hibikino_toms_ws/install/toms_msg/lib/libtoms_msg__rosidl_typesupport_c.so
-- Installing: /home/ylab/hibikino_toms_ws/install/toms_msg/lib/libtoms_msg__rosidl_typesupport_introspection_cpp.so
-- Set runtime path of "/home/ylab/hibikino_toms_ws/install/toms_msg/lib/libtoms_msg__rosidl_typesupport_introspection_cpp.so" to ""
-- Installing: /home/ylab/hibikino_toms_ws/install/toms_msg/lib/libtoms_msg__rosidl_typesupport_cpp.so
-- Set runtime path of "/home/ylab/hibikino_toms_ws/install/toms_msg/lib/libtoms_msg__rosidl_typesupport_cpp.so" to ""
Listing '/home/ylab/hibikino_toms_ws/install/toms_msg/local/lib/python3.10/dist-packages/toms_msg'...
Listing '/home/ylab/hibikino_toms_ws/install/toms_msg/local/lib/python3.10/dist-packages/toms_msg/msg'...
Listing '/home/ylab/hibikino_toms_ws/install/toms_msg/local/lib/python3.10/dist-packages/toms_msg/srv'...
-- Installing: /home/ylab/hibikino_toms_ws/install/toms_msg/lib/libtoms_msg__rosidl_generator_py.so
-- Set runtime path of "/home/ylab/hibikino_toms_ws/install/toms_msg/lib/libtoms_msg__rosidl_generator_py.so" to ""
-- Up-to-date: /home/ylab/hibikino_toms_ws/install/toms_msg/share/toms_msg/cmake/export_toms_msg__rosidl_generator_cExport.cmake
-- Up-to-date: /home/ylab/hibikino_toms_ws/install/toms_msg/share/toms_msg/cmake/export_toms_msg__rosidl_generator_cExport-noconfig.cmake
-- Up-to-date: /home/ylab/hibikino_toms_ws/install/toms_msg/share/toms_msg/cmake/export_toms_msg__rosidl_typesupport_fastrtps_cExport.cmake
-- Up-to-date: /home/ylab/hibikino_toms_ws/install/toms_msg/share/toms_msg/cmake/export_toms_msg__rosidl_typesupport_fastrtps_cExport-noconfig.cmake
-- Up-to-date: /home/ylab/hibikino_toms_ws/install/toms_msg/share/toms_msg/cmake/export_toms_msg__rosidl_generator_cppExport.cmake
-- Up-to-date: /home/ylab/hibikino_toms_ws/install/toms_msg/share/toms_msg/cmake/export_toms_msg__rosidl_typesupport_fastrtps_cppExport.cmake
-- Up-to-date: /home/ylab/hibikino_toms_ws/install/toms_msg/share/toms_msg/cmake/export_toms_msg__rosidl_typesupport_fastrtps_cppExport-noconfig.cmake
-- Up-to-date: /home/ylab/hibikino_toms_ws/install/toms_msg/share/toms_msg/cmake/toms_msg__rosidl_typesupport_introspection_cExport.cmake
-- Up-to-date: /home/ylab/hibikino_toms_ws/install/toms_msg/share/toms_msg/cmake/toms_msg__rosidl_typesupport_introspection_cExport-noconfig.cmake
-- Up-to-date: /home/ylab/hibikino_toms_ws/install/toms_msg/share/toms_msg/cmake/toms_msg__rosidl_typesupport_cExport.cmake
-- Up-to-date: /home/ylab/hibikino_toms_ws/install/toms_msg/share/toms_msg/cmake/toms_msg__rosidl_typesupport_cExport-noconfig.cmake
-- Up-to-date: /home/ylab/hibikino_toms_ws/install/toms_msg/share/toms_msg/cmake/toms_msg__rosidl_typesupport_introspection_cppExport.cmake
-- Up-to-date: /home/ylab/hibikino_toms_ws/install/toms_msg/share/toms_msg/cmake/toms_msg__rosidl_typesupport_introspection_cppExport-noconfig.cmake
-- Up-to-date: /home/ylab/hibikino_toms_ws/install/toms_msg/share/toms_msg/cmake/toms_msg__rosidl_typesupport_cppExport.cmake
-- Up-to-date: /home/ylab/hibikino_toms_ws/install/toms_msg/share/toms_msg/cmake/toms_msg__rosidl_typesupport_cppExport-noconfig.cmake
-- Up-to-date: /home/ylab/hibikino_toms_ws/install/toms_msg/share/toms_msg/cmake/export_toms_msg__rosidl_generator_pyExport.cmake
-- Up-to-date: /home/ylab/hibikino_toms_ws/install/toms_msg/share/toms_msg/cmake/export_toms_msg__rosidl_generator_pyExport-noconfig.cmake
