[0.847s] Invoking command in '/home/ylab/hibikino_toms_ws/build/toms_msg': CMAKE_PREFIX_PATH=${CMAKE_PREFIX_PATH}:/home/ylab/hibikino_toms_ws/install/vision_pkg:/home/ylab/hibikino_toms_ws/install/behavior_planner:/home/ylab/hibikino_toms_ws/install/smach_ros:/home/ylab/hibikino_toms_ws/install/smach:/home/ylab/hibikino_toms_ws/install/harvest_task_pkg:/home/ylab/hibikino_toms_ws/install/end_effector_pkg:/home/ylab/hibikino_toms_ws/install/cart_module_ros2:/home/ylab/hibikino_toms_ws/install/cart_controller_pkg:/home/ylab/hibikino_toms_ws/install/arm_controller_pkg:/home/ylab/ws/install/opencv_tests:/opt/ros/humble /usr/bin/cmake --build /home/ylab/hibikino_toms_ws/build/toms_msg -- -j12 -l12
[6.803s] [  1%] Built target toms_msg__cpp
[6.803s] [ 12%] Built target toms_msg__rosidl_generator_c
[6.804s] [ 12%] Built target ament_cmake_python_symlink_toms_msg
[6.804s] [ 13%] [32mBuilding CXX object CMakeFiles/toms_msg__rosidl_typesupport_cpp.dir/rosidl_typesupport_cpp/toms_msg/msg/tomato_pos__type_support.cpp.o[0m
[6.804s] [ 14%] [32mBuilding CXX object CMakeFiles/toms_msg__rosidl_typesupport_fastrtps_cpp.dir/rosidl_typesupport_fastrtps_cpp/toms_msg/msg/detail/dds_fastrtps/tomato_data__type_support.cpp.o[0m
[6.804s] [ 15%] [32mBuilding CXX object CMakeFiles/toms_msg__rosidl_typesupport_cpp.dir/rosidl_typesupport_cpp/toms_msg/msg/tomato_data__type_support.cpp.o[0m
[6.804s] [ 16%] [32mBuilding CXX object CMakeFiles/toms_msg__rosidl_typesupport_fastrtps_c.dir/rosidl_typesupport_fastrtps_c/toms_msg/msg/detail/tomato_pos__type_support_c.cpp.o[0m
[6.804s] [ 18%] [32mBuilding CXX object CMakeFiles/toms_msg__rosidl_typesupport_cpp.dir/rosidl_typesupport_cpp/toms_msg/srv/crawler_service__type_support.cpp.o[0m
[6.804s] [ 18%] [32mBuilding CXX object CMakeFiles/toms_msg__rosidl_typesupport_fastrtps_cpp.dir/rosidl_typesupport_fastrtps_cpp/toms_msg/msg/detail/dds_fastrtps/tomato_pos__type_support.cpp.o[0m
[6.805s] [ 20%] [32mBuilding CXX object CMakeFiles/toms_msg__rosidl_typesupport_cpp.dir/rosidl_typesupport_cpp/toms_msg/srv/vision_service__type_support.cpp.o[0m
[6.805s] [ 21%] [32mBuilding CXX object CMakeFiles/toms_msg__rosidl_typesupport_fastrtps_cpp.dir/rosidl_typesupport_fastrtps_cpp/toms_msg/srv/detail/dds_fastrtps/vision_service__type_support.cpp.o[0m
[6.805s] [ 32%] Built target toms_msg__rosidl_typesupport_c
[6.805s] [ 44%] Built target toms_msg__rosidl_typesupport_introspection_c
[6.805s] [ 45%] [32mBuilding CXX object CMakeFiles/toms_msg__rosidl_typesupport_introspection_cpp.dir/rosidl_typesupport_introspection_cpp/toms_msg/msg/detail/tomato_pos__type_support.cpp.o[0m
[6.805s] [ 46%] [32mBuilding CXX object CMakeFiles/toms_msg__rosidl_typesupport_cpp.dir/rosidl_typesupport_cpp/toms_msg/srv/rail_service__type_support.cpp.o[0m
[6.805s] [ 47%] [32mBuilding CXX object CMakeFiles/toms_msg__rosidl_typesupport_introspection_cpp.dir/rosidl_typesupport_introspection_cpp/toms_msg/msg/detail/tomato_data__type_support.cpp.o[0m
[6.805s] [ 48%] [32mBuilding CXX object CMakeFiles/toms_msg__rosidl_typesupport_cpp.dir/rosidl_typesupport_cpp/toms_msg/srv/arm_service__type_support.cpp.o[0m
[6.806s] [ 49%] [32mBuilding CXX object CMakeFiles/toms_msg__rosidl_typesupport_cpp.dir/rosidl_typesupport_cpp/toms_msg/srv/end_effector_service__type_support.cpp.o[0m
[6.806s] [ 50%] [32mBuilding CXX object CMakeFiles/toms_msg__rosidl_typesupport_introspection_cpp.dir/rosidl_typesupport_introspection_cpp/toms_msg/srv/detail/vision_service__type_support.cpp.o[0m
[6.806s] [ 51%] [32mBuilding CXX object CMakeFiles/toms_msg__rosidl_typesupport_cpp.dir/rosidl_typesupport_cpp/toms_msg/srv/suction_command__type_support.cpp.o[0m
[6.806s] [ 52%] [32mBuilding CXX object CMakeFiles/toms_msg__rosidl_typesupport_cpp.dir/rosidl_typesupport_cpp/toms_msg/srv/cart_service__type_support.cpp.o[0m
[6.806s] running egg_info
[6.806s] writing toms_msg.egg-info/PKG-INFO
[6.806s] writing dependency_links to toms_msg.egg-info/dependency_links.txt
[6.807s] writing top-level names to toms_msg.egg-info/top_level.txt
[6.807s] reading manifest file 'toms_msg.egg-info/SOURCES.txt'
[6.807s] [ 53%] [32mBuilding CXX object CMakeFiles/toms_msg__rosidl_typesupport_fastrtps_c.dir/rosidl_typesupport_fastrtps_c/toms_msg/msg/detail/tomato_data__type_support_c.cpp.o[0m
[6.807s] writing manifest file 'toms_msg.egg-info/SOURCES.txt'
[6.807s] [ 53%] Built target ament_cmake_python_build_toms_msg_egg
[6.807s] [ 54%] [32mBuilding CXX object CMakeFiles/toms_msg__rosidl_typesupport_fastrtps_cpp.dir/rosidl_typesupport_fastrtps_cpp/toms_msg/srv/detail/dds_fastrtps/crawler_service__type_support.cpp.o[0m
[6.807s] [ 55%] [32mBuilding CXX object CMakeFiles/toms_msg__rosidl_typesupport_introspection_cpp.dir/rosidl_typesupport_introspection_cpp/toms_msg/srv/detail/crawler_service__type_support.cpp.o[0m
[6.808s] [ 56%] [32mBuilding CXX object CMakeFiles/toms_msg__rosidl_typesupport_fastrtps_cpp.dir/rosidl_typesupport_fastrtps_cpp/toms_msg/srv/detail/dds_fastrtps/rail_service__type_support.cpp.o[0m
[6.808s] [ 57%] [32mBuilding CXX object CMakeFiles/toms_msg__rosidl_typesupport_introspection_cpp.dir/rosidl_typesupport_introspection_cpp/toms_msg/srv/detail/rail_service__type_support.cpp.o[0m
[6.808s] [ 58%] [32mBuilding CXX object CMakeFiles/toms_msg__rosidl_typesupport_introspection_cpp.dir/rosidl_typesupport_introspection_cpp/toms_msg/srv/detail/arm_service__type_support.cpp.o[0m
[6.808s] [ 60%] [32mBuilding CXX object CMakeFiles/toms_msg__rosidl_typesupport_fastrtps_cpp.dir/rosidl_typesupport_fastrtps_cpp/toms_msg/srv/detail/dds_fastrtps/arm_service__type_support.cpp.o[0m
[6.808s] [ 61%] [32mBuilding CXX object CMakeFiles/toms_msg__rosidl_typesupport_introspection_cpp.dir/rosidl_typesupport_introspection_cpp/toms_msg/srv/detail/end_effector_service__type_support.cpp.o[0m
[6.808s] [ 62%] [32mBuilding CXX object CMakeFiles/toms_msg__rosidl_typesupport_fastrtps_cpp.dir/rosidl_typesupport_fastrtps_cpp/toms_msg/srv/detail/dds_fastrtps/end_effector_service__type_support.cpp.o[0m
[6.808s] [ 63%] [32mBuilding CXX object CMakeFiles/toms_msg__rosidl_typesupport_introspection_cpp.dir/rosidl_typesupport_introspection_cpp/toms_msg/srv/detail/suction_command__type_support.cpp.o[0m
[6.808s] [ 64%] [32m[1mLinking CXX shared library libtoms_msg__rosidl_typesupport_cpp.so[0m
[6.809s] [ 65%] [32mBuilding CXX object CMakeFiles/toms_msg__rosidl_typesupport_introspection_cpp.dir/rosidl_typesupport_introspection_cpp/toms_msg/srv/detail/cart_service__type_support.cpp.o[0m
[6.809s] [ 66%] Built target toms_msg__rosidl_typesupport_cpp
[6.809s] [ 67%] [32mBuilding CXX object CMakeFiles/toms_msg__rosidl_typesupport_fastrtps_c.dir/rosidl_typesupport_fastrtps_c/toms_msg/srv/detail/vision_service__type_support_c.cpp.o[0m
[6.809s] [ 68%] [32mBuilding CXX object CMakeFiles/toms_msg__rosidl_typesupport_fastrtps_c.dir/rosidl_typesupport_fastrtps_c/toms_msg/srv/detail/crawler_service__type_support_c.cpp.o[0m
[6.809s] [ 69%] [32mBuilding CXX object CMakeFiles/toms_msg__rosidl_typesupport_fastrtps_c.dir/rosidl_typesupport_fastrtps_c/toms_msg/srv/detail/rail_service__type_support_c.cpp.o[0m
[6.809s] [ 70%] [32mBuilding CXX object CMakeFiles/toms_msg__rosidl_typesupport_fastrtps_cpp.dir/rosidl_typesupport_fastrtps_cpp/toms_msg/srv/detail/dds_fastrtps/suction_command__type_support.cpp.o[0m
[6.809s] [ 71%] [32mBuilding CXX object CMakeFiles/toms_msg__rosidl_typesupport_fastrtps_cpp.dir/rosidl_typesupport_fastrtps_cpp/toms_msg/srv/detail/dds_fastrtps/cart_service__type_support.cpp.o[0m
[6.810s] [ 72%] [32mBuilding CXX object CMakeFiles/toms_msg__rosidl_typesupport_fastrtps_c.dir/rosidl_typesupport_fastrtps_c/toms_msg/srv/detail/arm_service__type_support_c.cpp.o[0m
[6.810s] [ 73%] [32mBuilding CXX object CMakeFiles/toms_msg__rosidl_typesupport_fastrtps_c.dir/rosidl_typesupport_fastrtps_c/toms_msg/srv/detail/end_effector_service__type_support_c.cpp.o[0m
[6.810s] [ 74%] [32mBuilding CXX object CMakeFiles/toms_msg__rosidl_typesupport_fastrtps_c.dir/rosidl_typesupport_fastrtps_c/toms_msg/srv/detail/suction_command__type_support_c.cpp.o[0m
[6.810s] [ 75%] [32mBuilding CXX object CMakeFiles/toms_msg__rosidl_typesupport_fastrtps_c.dir/rosidl_typesupport_fastrtps_c/toms_msg/srv/detail/cart_service__type_support_c.cpp.o[0m
[6.810s] [ 76%] [32m[1mLinking CXX shared library libtoms_msg__rosidl_typesupport_introspection_cpp.so[0m
[6.810s] [ 77%] Built target toms_msg__rosidl_typesupport_introspection_cpp
[6.810s] [ 78%] [32m[1mLinking CXX shared library libtoms_msg__rosidl_typesupport_fastrtps_cpp.so[0m
[6.811s] [ 80%] [32m[1mLinking CXX shared library libtoms_msg__rosidl_typesupport_fastrtps_c.so[0m
[6.811s] [ 81%] Built target toms_msg__rosidl_typesupport_fastrtps_cpp
[6.811s] [ 82%] Built target toms_msg__rosidl_typesupport_fastrtps_c
[6.811s] [ 82%] Built target toms_msg
[6.811s] [ 83%] Built target toms_msg__py
[6.811s] [ 87%] [32mBuilding C object CMakeFiles/toms_msg__rosidl_generator_py.dir/rosidl_generator_py/toms_msg/msg/_tomato_data_s.c.o[0m
[6.811s] [ 87%] [32mBuilding C object CMakeFiles/toms_msg__rosidl_generator_py.dir/rosidl_generator_py/toms_msg/srv/_vision_service_s.c.o[0m
[6.811s] [ 87%] [32mBuilding C object CMakeFiles/toms_msg__rosidl_generator_py.dir/rosidl_generator_py/toms_msg/srv/_crawler_service_s.c.o[0m
[6.812s] [ 87%] [32mBuilding C object CMakeFiles/toms_msg__rosidl_generator_py.dir/rosidl_generator_py/toms_msg/msg/_tomato_pos_s.c.o[0m
[6.812s] [ 88%] [32mBuilding C object CMakeFiles/toms_msg__rosidl_generator_py.dir/rosidl_generator_py/toms_msg/srv/_cart_service_s.c.o[0m
[6.812s] [ 89%] [32mBuilding C object CMakeFiles/toms_msg__rosidl_generator_py.dir/rosidl_generator_py/toms_msg/srv/_rail_service_s.c.o[0m
[6.812s] [ 90%] [32mBuilding C object CMakeFiles/toms_msg__rosidl_generator_py.dir/rosidl_generator_py/toms_msg/srv/_arm_service_s.c.o[0m
[6.812s] [ 91%] [32mBuilding C object CMakeFiles/toms_msg__rosidl_generator_py.dir/rosidl_generator_py/toms_msg/srv/_end_effector_service_s.c.o[0m
[6.812s] [ 92%] [32mBuilding C object CMakeFiles/toms_msg__rosidl_generator_py.dir/rosidl_generator_py/toms_msg/srv/_suction_command_s.c.o[0m
[6.812s] [ 93%] [32m[1mLinking C shared library rosidl_generator_py/toms_msg/libtoms_msg__rosidl_generator_py.so[0m
[6.813s] [ 93%] Built target toms_msg__rosidl_generator_py
[6.852s] [ 95%] [32mBuilding C object CMakeFiles/toms_msg__rosidl_typesupport_c__pyext.dir/rosidl_generator_py/toms_msg/_toms_msg_s.ep.rosidl_typesupport_c.c.o[0m
[6.852s] [ 95%] [32mBuilding C object CMakeFiles/toms_msg__rosidl_typesupport_introspection_c__pyext.dir/rosidl_generator_py/toms_msg/_toms_msg_s.ep.rosidl_typesupport_introspection_c.c.o[0m
[6.857s] [ 96%] [32mBuilding C object CMakeFiles/toms_msg__rosidl_typesupport_fastrtps_c__pyext.dir/rosidl_generator_py/toms_msg/_toms_msg_s.ep.rosidl_typesupport_fastrtps_c.c.o[0m
[7.175s] [ 98%] [32m[1mLinking C shared library rosidl_generator_py/toms_msg/toms_msg_s__rosidl_typesupport_introspection_c.cpython-310-aarch64-linux-gnu.so[0m
[7.176s] [ 98%] [32m[1mLinking C shared library rosidl_generator_py/toms_msg/toms_msg_s__rosidl_typesupport_c.cpython-310-aarch64-linux-gnu.so[0m
[7.184s] [100%] [32m[1mLinking C shared library rosidl_generator_py/toms_msg/toms_msg_s__rosidl_typesupport_fastrtps_c.cpython-310-aarch64-linux-gnu.so[0m
[7.266s] [100%] Built target toms_msg__rosidl_typesupport_c__pyext
[7.280s] [100%] Built target toms_msg__rosidl_typesupport_introspection_c__pyext
[7.294s] [100%] Built target toms_msg__rosidl_typesupport_fastrtps_c__pyext
[7.676s] Invoked command in '/home/ylab/hibikino_toms_ws/build/toms_msg' returned '0': CMAKE_PREFIX_PATH=${CMAKE_PREFIX_PATH}:/home/ylab/hibikino_toms_ws/install/vision_pkg:/home/ylab/hibikino_toms_ws/install/behavior_planner:/home/ylab/hibikino_toms_ws/install/smach_ros:/home/ylab/hibikino_toms_ws/install/smach:/home/ylab/hibikino_toms_ws/install/harvest_task_pkg:/home/ylab/hibikino_toms_ws/install/end_effector_pkg:/home/ylab/hibikino_toms_ws/install/cart_module_ros2:/home/ylab/hibikino_toms_ws/install/cart_controller_pkg:/home/ylab/hibikino_toms_ws/install/arm_controller_pkg:/home/ylab/ws/install/opencv_tests:/opt/ros/humble /usr/bin/cmake --build /home/ylab/hibikino_toms_ws/build/toms_msg -- -j12 -l12
[7.681s] Invoking command in '/home/ylab/hibikino_toms_ws/build/toms_msg': CMAKE_PREFIX_PATH=${CMAKE_PREFIX_PATH}:/home/ylab/hibikino_toms_ws/install/vision_pkg:/home/ylab/hibikino_toms_ws/install/behavior_planner:/home/ylab/hibikino_toms_ws/install/smach_ros:/home/ylab/hibikino_toms_ws/install/smach:/home/ylab/hibikino_toms_ws/install/harvest_task_pkg:/home/ylab/hibikino_toms_ws/install/end_effector_pkg:/home/ylab/hibikino_toms_ws/install/cart_module_ros2:/home/ylab/hibikino_toms_ws/install/cart_controller_pkg:/home/ylab/hibikino_toms_ws/install/arm_controller_pkg:/home/ylab/ws/install/opencv_tests:/opt/ros/humble /usr/bin/cmake --install /home/ylab/hibikino_toms_ws/build/toms_msg
[7.712s] -- Install configuration: ""
[7.713s] -- Execute custom install script
[7.713s] -- Up-to-date symlink: /home/ylab/hibikino_toms_ws/install/toms_msg/share/ament_index/resource_index/rosidl_interfaces/toms_msg
[7.714s] -- Up-to-date symlink: /home/ylab/hibikino_toms_ws/install/toms_msg/include/toms_msg/toms_msg/msg/detail/tomato_data__functions.h
[7.714s] -- Up-to-date symlink: /home/ylab/hibikino_toms_ws/install/toms_msg/include/toms_msg/toms_msg/msg/detail/tomato_data__struct.h
[7.715s] -- Up-to-date symlink: /home/ylab/hibikino_toms_ws/install/toms_msg/include/toms_msg/toms_msg/msg/detail/tomato_data__type_support.h
[7.715s] -- Up-to-date symlink: /home/ylab/hibikino_toms_ws/install/toms_msg/include/toms_msg/toms_msg/msg/detail/tomato_pos__functions.h
[7.715s] -- Up-to-date symlink: /home/ylab/hibikino_toms_ws/install/toms_msg/include/toms_msg/toms_msg/msg/detail/tomato_pos__struct.h
[7.715s] -- Up-to-date symlink: /home/ylab/hibikino_toms_ws/install/toms_msg/include/toms_msg/toms_msg/msg/detail/tomato_pos__type_support.h
[7.715s] -- Up-to-date symlink: /home/ylab/hibikino_toms_ws/install/toms_msg/include/toms_msg/toms_msg/msg/rosidl_generator_c__visibility_control.h
[7.716s] -- Up-to-date symlink: /home/ylab/hibikino_toms_ws/install/toms_msg/include/toms_msg/toms_msg/msg/tomato_data.h
[7.716s] -- Up-to-date symlink: /home/ylab/hibikino_toms_ws/install/toms_msg/include/toms_msg/toms_msg/msg/tomato_pos.h
[7.716s] -- Up-to-date symlink: /home/ylab/hibikino_toms_ws/install/toms_msg/include/toms_msg/toms_msg/srv/arm_service.h
[7.717s] -- Up-to-date symlink: /home/ylab/hibikino_toms_ws/install/toms_msg/include/toms_msg/toms_msg/srv/cart_service.h
[7.717s] -- Up-to-date symlink: /home/ylab/hibikino_toms_ws/install/toms_msg/include/toms_msg/toms_msg/srv/crawler_service.h
[7.717s] -- Up-to-date symlink: /home/ylab/hibikino_toms_ws/install/toms_msg/include/toms_msg/toms_msg/srv/detail/arm_service__functions.h
[7.718s] -- Up-to-date symlink: /home/ylab/hibikino_toms_ws/install/toms_msg/include/toms_msg/toms_msg/srv/detail/arm_service__struct.h
[7.718s] -- Up-to-date symlink: /home/ylab/hibikino_toms_ws/install/toms_msg/include/toms_msg/toms_msg/srv/detail/arm_service__type_support.h
[7.719s] -- Up-to-date symlink: /home/ylab/hibikino_toms_ws/install/toms_msg/include/toms_msg/toms_msg/srv/detail/cart_service__functions.h
[7.719s] -- Up-to-date symlink: /home/ylab/hibikino_toms_ws/install/toms_msg/include/toms_msg/toms_msg/srv/detail/cart_service__struct.h
[7.719s] -- Up-to-date symlink: /home/ylab/hibikino_toms_ws/install/toms_msg/include/toms_msg/toms_msg/srv/detail/cart_service__type_support.h
[7.719s] -- Up-to-date symlink: /home/ylab/hibikino_toms_ws/install/toms_msg/include/toms_msg/toms_msg/srv/detail/crawler_service__functions.h
[7.720s] -- Up-to-date symlink: /home/ylab/hibikino_toms_ws/install/toms_msg/include/toms_msg/toms_msg/srv/detail/crawler_service__struct.h
[7.721s] -- Up-to-date symlink: /home/ylab/hibikino_toms_ws/install/toms_msg/include/toms_msg/toms_msg/srv/detail/crawler_service__type_support.h
[7.721s] -- Up-to-date symlink: /home/ylab/hibikino_toms_ws/install/toms_msg/include/toms_msg/toms_msg/srv/detail/end_effector_service__functions.h
[7.722s] -- Up-to-date symlink: /home/ylab/hibikino_toms_ws/install/toms_msg/include/toms_msg/toms_msg/srv/detail/end_effector_service__struct.h
[7.723s] -- Up-to-date symlink: /home/ylab/hibikino_toms_ws/install/toms_msg/include/toms_msg/toms_msg/srv/detail/end_effector_service__type_support.h
[7.723s] -- Up-to-date symlink: /home/ylab/hibikino_toms_ws/install/toms_msg/include/toms_msg/toms_msg/srv/detail/rail_service__functions.h
[7.724s] -- Up-to-date symlink: /home/ylab/hibikino_toms_ws/install/toms_msg/include/toms_msg/toms_msg/srv/detail/rail_service__struct.h
[7.724s] -- Up-to-date symlink: /home/ylab/hibikino_toms_ws/install/toms_msg/include/toms_msg/toms_msg/srv/detail/rail_service__type_support.h
[7.725s] -- Up-to-date symlink: /home/ylab/hibikino_toms_ws/install/toms_msg/include/toms_msg/toms_msg/srv/detail/suction_command__functions.h
[7.726s] -- Up-to-date symlink: /home/ylab/hibikino_toms_ws/install/toms_msg/include/toms_msg/toms_msg/srv/detail/suction_command__struct.h
[7.726s] -- Up-to-date symlink: /home/ylab/hibikino_toms_ws/install/toms_msg/include/toms_msg/toms_msg/srv/detail/suction_command__type_support.h
[7.726s] -- Up-to-date symlink: /home/ylab/hibikino_toms_ws/install/toms_msg/include/toms_msg/toms_msg/srv/detail/vision_service__functions.h
[7.727s] -- Up-to-date symlink: /home/ylab/hibikino_toms_ws/install/toms_msg/include/toms_msg/toms_msg/srv/detail/vision_service__struct.h
[7.730s] -- Up-to-date symlink: /home/ylab/hibikino_toms_ws/install/toms_msg/include/toms_msg/toms_msg/srv/detail/vision_service__type_support.h
[7.730s] -- Up-to-date symlink: /home/ylab/hibikino_toms_ws/install/toms_msg/include/toms_msg/toms_msg/srv/end_effector_service.h
[7.730s] -- Up-to-date symlink: /home/ylab/hibikino_toms_ws/install/toms_msg/include/toms_msg/toms_msg/srv/rail_service.h
[7.731s] -- Up-to-date symlink: /home/ylab/hibikino_toms_ws/install/toms_msg/include/toms_msg/toms_msg/srv/suction_command.h
[7.731s] -- Up-to-date symlink: /home/ylab/hibikino_toms_ws/install/toms_msg/include/toms_msg/toms_msg/srv/vision_service.h
[7.732s] -- Up-to-date symlink: /home/ylab/hibikino_toms_ws/install/toms_msg/share/toms_msg/environment/library_path.sh
[7.732s] -- Up-to-date symlink: /home/ylab/hibikino_toms_ws/install/toms_msg/share/toms_msg/environment/library_path.dsv
[7.732s] -- Up-to-date symlink: /home/ylab/hibikino_toms_ws/install/toms_msg/include/toms_msg/toms_msg/msg/detail/tomato_data__rosidl_typesupport_fastrtps_c.h
[7.732s] -- Up-to-date symlink: /home/ylab/hibikino_toms_ws/install/toms_msg/include/toms_msg/toms_msg/msg/detail/tomato_pos__rosidl_typesupport_fastrtps_c.h
[7.732s] -- Up-to-date symlink: /home/ylab/hibikino_toms_ws/install/toms_msg/include/toms_msg/toms_msg/msg/rosidl_typesupport_fastrtps_c__visibility_control.h
[7.732s] -- Up-to-date symlink: /home/ylab/hibikino_toms_ws/install/toms_msg/include/toms_msg/toms_msg/srv/detail/arm_service__rosidl_typesupport_fastrtps_c.h
[7.732s] -- Up-to-date symlink: /home/ylab/hibikino_toms_ws/install/toms_msg/include/toms_msg/toms_msg/srv/detail/cart_service__rosidl_typesupport_fastrtps_c.h
[7.733s] -- Up-to-date symlink: /home/ylab/hibikino_toms_ws/install/toms_msg/include/toms_msg/toms_msg/srv/detail/crawler_service__rosidl_typesupport_fastrtps_c.h
[7.733s] -- Up-to-date symlink: /home/ylab/hibikino_toms_ws/install/toms_msg/include/toms_msg/toms_msg/srv/detail/end_effector_service__rosidl_typesupport_fastrtps_c.h
[7.733s] -- Up-to-date symlink: /home/ylab/hibikino_toms_ws/install/toms_msg/include/toms_msg/toms_msg/srv/detail/rail_service__rosidl_typesupport_fastrtps_c.h
[7.733s] -- Up-to-date symlink: /home/ylab/hibikino_toms_ws/install/toms_msg/include/toms_msg/toms_msg/srv/detail/suction_command__rosidl_typesupport_fastrtps_c.h
[7.733s] -- Up-to-date symlink: /home/ylab/hibikino_toms_ws/install/toms_msg/include/toms_msg/toms_msg/srv/detail/vision_service__rosidl_typesupport_fastrtps_c.h
[7.733s] -- Up-to-date symlink: /home/ylab/hibikino_toms_ws/install/toms_msg/include/toms_msg/toms_msg/msg/detail/tomato_data__builder.hpp
[7.734s] -- Up-to-date symlink: /home/ylab/hibikino_toms_ws/install/toms_msg/include/toms_msg/toms_msg/msg/detail/tomato_data__struct.hpp
[7.734s] -- Up-to-date symlink: /home/ylab/hibikino_toms_ws/install/toms_msg/include/toms_msg/toms_msg/msg/detail/tomato_data__traits.hpp
[7.734s] -- Up-to-date symlink: /home/ylab/hibikino_toms_ws/install/toms_msg/include/toms_msg/toms_msg/msg/detail/tomato_data__type_support.hpp
[7.735s] -- Up-to-date symlink: /home/ylab/hibikino_toms_ws/install/toms_msg/include/toms_msg/toms_msg/msg/detail/tomato_pos__builder.hpp
[7.737s] -- Up-to-date symlink: /home/ylab/hibikino_toms_ws/install/toms_msg/include/toms_msg/toms_msg/msg/detail/tomato_pos__struct.hpp
[7.738s] -- Up-to-date symlink: /home/ylab/hibikino_toms_ws/install/toms_msg/include/toms_msg/toms_msg/msg/detail/tomato_pos__traits.hpp
[7.742s] -- Up-to-date symlink: /home/ylab/hibikino_toms_ws/install/toms_msg/include/toms_msg/toms_msg/msg/detail/tomato_pos__type_support.hpp
[7.742s] -- Up-to-date symlink: /home/ylab/hibikino_toms_ws/install/toms_msg/include/toms_msg/toms_msg/msg/rosidl_generator_cpp__visibility_control.hpp
[7.742s] -- Up-to-date symlink: /home/ylab/hibikino_toms_ws/install/toms_msg/include/toms_msg/toms_msg/msg/tomato_data.hpp
[7.743s] -- Up-to-date symlink: /home/ylab/hibikino_toms_ws/install/toms_msg/include/toms_msg/toms_msg/msg/tomato_pos.hpp
[7.743s] -- Up-to-date symlink: /home/ylab/hibikino_toms_ws/install/toms_msg/include/toms_msg/toms_msg/srv/arm_service.hpp
[7.743s] -- Up-to-date symlink: /home/ylab/hibikino_toms_ws/install/toms_msg/include/toms_msg/toms_msg/srv/cart_service.hpp
[7.743s] -- Up-to-date symlink: /home/ylab/hibikino_toms_ws/install/toms_msg/include/toms_msg/toms_msg/srv/crawler_service.hpp
[7.743s] -- Up-to-date symlink: /home/ylab/hibikino_toms_ws/install/toms_msg/include/toms_msg/toms_msg/srv/detail/arm_service__builder.hpp
[7.743s] -- Up-to-date symlink: /home/ylab/hibikino_toms_ws/install/toms_msg/include/toms_msg/toms_msg/srv/detail/arm_service__struct.hpp
[7.744s] -- Up-to-date symlink: /home/ylab/hibikino_toms_ws/install/toms_msg/include/toms_msg/toms_msg/srv/detail/arm_service__traits.hpp
[7.745s] -- Up-to-date symlink: /home/ylab/hibikino_toms_ws/install/toms_msg/include/toms_msg/toms_msg/srv/detail/arm_service__type_support.hpp
[7.746s] -- Up-to-date symlink: /home/ylab/hibikino_toms_ws/install/toms_msg/include/toms_msg/toms_msg/srv/detail/cart_service__builder.hpp
[7.746s] -- Up-to-date symlink: /home/ylab/hibikino_toms_ws/install/toms_msg/include/toms_msg/toms_msg/srv/detail/cart_service__struct.hpp
[7.746s] -- Up-to-date symlink: /home/ylab/hibikino_toms_ws/install/toms_msg/include/toms_msg/toms_msg/srv/detail/cart_service__traits.hpp
[7.746s] -- Up-to-date symlink: /home/ylab/hibikino_toms_ws/install/toms_msg/include/toms_msg/toms_msg/srv/detail/cart_service__type_support.hpp
[7.746s] -- Up-to-date symlink: /home/ylab/hibikino_toms_ws/install/toms_msg/include/toms_msg/toms_msg/srv/detail/crawler_service__builder.hpp
[7.747s] -- Up-to-date symlink: /home/ylab/hibikino_toms_ws/install/toms_msg/include/toms_msg/toms_msg/srv/detail/crawler_service__struct.hpp
[7.755s] -- Up-to-date symlink: /home/ylab/hibikino_toms_ws/install/toms_msg/include/toms_msg/toms_msg/srv/detail/crawler_service__traits.hpp
[7.755s] -- Up-to-date symlink: /home/ylab/hibikino_toms_ws/install/toms_msg/include/toms_msg/toms_msg/srv/detail/crawler_service__type_support.hpp
[7.755s] -- Up-to-date symlink: /home/ylab/hibikino_toms_ws/install/toms_msg/include/toms_msg/toms_msg/srv/detail/end_effector_service__builder.hpp
[7.756s] -- Up-to-date symlink: /home/ylab/hibikino_toms_ws/install/toms_msg/include/toms_msg/toms_msg/srv/detail/end_effector_service__struct.hpp
[7.756s] -- Up-to-date symlink: /home/ylab/hibikino_toms_ws/install/toms_msg/include/toms_msg/toms_msg/srv/detail/end_effector_service__traits.hpp
[7.756s] -- Up-to-date symlink: /home/ylab/hibikino_toms_ws/install/toms_msg/include/toms_msg/toms_msg/srv/detail/end_effector_service__type_support.hpp
[7.756s] -- Up-to-date symlink: /home/ylab/hibikino_toms_ws/install/toms_msg/include/toms_msg/toms_msg/srv/detail/rail_service__builder.hpp
[7.756s] -- Up-to-date symlink: /home/ylab/hibikino_toms_ws/install/toms_msg/include/toms_msg/toms_msg/srv/detail/rail_service__struct.hpp
[7.756s] -- Up-to-date symlink: /home/ylab/hibikino_toms_ws/install/toms_msg/include/toms_msg/toms_msg/srv/detail/rail_service__traits.hpp
[7.756s] -- Up-to-date symlink: /home/ylab/hibikino_toms_ws/install/toms_msg/include/toms_msg/toms_msg/srv/detail/rail_service__type_support.hpp
[7.757s] -- Up-to-date symlink: /home/ylab/hibikino_toms_ws/install/toms_msg/include/toms_msg/toms_msg/srv/detail/suction_command__builder.hpp
[7.757s] -- Up-to-date symlink: /home/ylab/hibikino_toms_ws/install/toms_msg/include/toms_msg/toms_msg/srv/detail/suction_command__struct.hpp
[7.757s] -- Up-to-date symlink: /home/ylab/hibikino_toms_ws/install/toms_msg/include/toms_msg/toms_msg/srv/detail/suction_command__traits.hpp
[7.757s] -- Up-to-date symlink: /home/ylab/hibikino_toms_ws/install/toms_msg/include/toms_msg/toms_msg/srv/detail/suction_command__type_support.hpp
[7.757s] -- Up-to-date symlink: /home/ylab/hibikino_toms_ws/install/toms_msg/include/toms_msg/toms_msg/srv/detail/vision_service__builder.hpp
[7.757s] -- Up-to-date symlink: /home/ylab/hibikino_toms_ws/install/toms_msg/include/toms_msg/toms_msg/srv/detail/vision_service__struct.hpp
[7.757s] -- Up-to-date symlink: /home/ylab/hibikino_toms_ws/install/toms_msg/include/toms_msg/toms_msg/srv/detail/vision_service__traits.hpp
[7.757s] -- Up-to-date symlink: /home/ylab/hibikino_toms_ws/install/toms_msg/include/toms_msg/toms_msg/srv/detail/vision_service__type_support.hpp
[7.758s] -- Up-to-date symlink: /home/ylab/hibikino_toms_ws/install/toms_msg/include/toms_msg/toms_msg/srv/end_effector_service.hpp
[7.758s] -- Up-to-date symlink: /home/ylab/hibikino_toms_ws/install/toms_msg/include/toms_msg/toms_msg/srv/rail_service.hpp
[7.758s] -- Up-to-date symlink: /home/ylab/hibikino_toms_ws/install/toms_msg/include/toms_msg/toms_msg/srv/suction_command.hpp
[7.758s] -- Up-to-date symlink: /home/ylab/hibikino_toms_ws/install/toms_msg/include/toms_msg/toms_msg/srv/vision_service.hpp
[7.758s] -- Up-to-date symlink: /home/ylab/hibikino_toms_ws/install/toms_msg/include/toms_msg/toms_msg/msg/detail/tomato_data__rosidl_typesupport_fastrtps_cpp.hpp
[7.759s] -- Up-to-date symlink: /home/ylab/hibikino_toms_ws/install/toms_msg/include/toms_msg/toms_msg/msg/detail/tomato_pos__rosidl_typesupport_fastrtps_cpp.hpp
[7.759s] -- Up-to-date symlink: /home/ylab/hibikino_toms_ws/install/toms_msg/include/toms_msg/toms_msg/msg/rosidl_typesupport_fastrtps_cpp__visibility_control.h
[7.759s] -- Up-to-date symlink: /home/ylab/hibikino_toms_ws/install/toms_msg/include/toms_msg/toms_msg/srv/detail/arm_service__rosidl_typesupport_fastrtps_cpp.hpp
[7.759s] -- Up-to-date symlink: /home/ylab/hibikino_toms_ws/install/toms_msg/include/toms_msg/toms_msg/srv/detail/cart_service__rosidl_typesupport_fastrtps_cpp.hpp
[7.759s] -- Up-to-date symlink: /home/ylab/hibikino_toms_ws/install/toms_msg/include/toms_msg/toms_msg/srv/detail/crawler_service__rosidl_typesupport_fastrtps_cpp.hpp
[7.759s] -- Up-to-date symlink: /home/ylab/hibikino_toms_ws/install/toms_msg/include/toms_msg/toms_msg/srv/detail/end_effector_service__rosidl_typesupport_fastrtps_cpp.hpp
[7.760s] -- Up-to-date symlink: /home/ylab/hibikino_toms_ws/install/toms_msg/include/toms_msg/toms_msg/srv/detail/rail_service__rosidl_typesupport_fastrtps_cpp.hpp
[7.760s] -- Up-to-date symlink: /home/ylab/hibikino_toms_ws/install/toms_msg/include/toms_msg/toms_msg/srv/detail/suction_command__rosidl_typesupport_fastrtps_cpp.hpp
[7.760s] -- Up-to-date symlink: /home/ylab/hibikino_toms_ws/install/toms_msg/include/toms_msg/toms_msg/srv/detail/vision_service__rosidl_typesupport_fastrtps_cpp.hpp
[7.760s] -- Up-to-date symlink: /home/ylab/hibikino_toms_ws/install/toms_msg/include/toms_msg/toms_msg/msg/detail/tomato_data__rosidl_typesupport_introspection_c.h
[7.761s] -- Up-to-date symlink: /home/ylab/hibikino_toms_ws/install/toms_msg/include/toms_msg/toms_msg/msg/detail/tomato_pos__rosidl_typesupport_introspection_c.h
[7.761s] -- Up-to-date symlink: /home/ylab/hibikino_toms_ws/install/toms_msg/include/toms_msg/toms_msg/msg/rosidl_typesupport_introspection_c__visibility_control.h
[7.761s] -- Up-to-date symlink: /home/ylab/hibikino_toms_ws/install/toms_msg/include/toms_msg/toms_msg/srv/detail/arm_service__rosidl_typesupport_introspection_c.h
[7.762s] -- Up-to-date symlink: /home/ylab/hibikino_toms_ws/install/toms_msg/include/toms_msg/toms_msg/srv/detail/cart_service__rosidl_typesupport_introspection_c.h
[7.762s] -- Up-to-date symlink: /home/ylab/hibikino_toms_ws/install/toms_msg/include/toms_msg/toms_msg/srv/detail/crawler_service__rosidl_typesupport_introspection_c.h
[7.762s] -- Up-to-date symlink: /home/ylab/hibikino_toms_ws/install/toms_msg/include/toms_msg/toms_msg/srv/detail/end_effector_service__rosidl_typesupport_introspection_c.h
[7.762s] -- Up-to-date symlink: /home/ylab/hibikino_toms_ws/install/toms_msg/include/toms_msg/toms_msg/srv/detail/rail_service__rosidl_typesupport_introspection_c.h
[7.762s] -- Up-to-date symlink: /home/ylab/hibikino_toms_ws/install/toms_msg/include/toms_msg/toms_msg/srv/detail/suction_command__rosidl_typesupport_introspection_c.h
[7.762s] -- Up-to-date symlink: /home/ylab/hibikino_toms_ws/install/toms_msg/include/toms_msg/toms_msg/srv/detail/vision_service__rosidl_typesupport_introspection_c.h
[7.764s] -- Up-to-date symlink: /home/ylab/hibikino_toms_ws/install/toms_msg/include/toms_msg/toms_msg/msg/detail/tomato_data__rosidl_typesupport_introspection_cpp.hpp
[7.764s] -- Up-to-date symlink: /home/ylab/hibikino_toms_ws/install/toms_msg/include/toms_msg/toms_msg/msg/detail/tomato_pos__rosidl_typesupport_introspection_cpp.hpp
[7.764s] -- Up-to-date symlink: /home/ylab/hibikino_toms_ws/install/toms_msg/include/toms_msg/toms_msg/srv/detail/arm_service__rosidl_typesupport_introspection_cpp.hpp
[7.765s] -- Up-to-date symlink: /home/ylab/hibikino_toms_ws/install/toms_msg/include/toms_msg/toms_msg/srv/detail/cart_service__rosidl_typesupport_introspection_cpp.hpp
[7.775s] -- Up-to-date symlink: /home/ylab/hibikino_toms_ws/install/toms_msg/include/toms_msg/toms_msg/srv/detail/crawler_service__rosidl_typesupport_introspection_cpp.hpp
[7.775s] -- Up-to-date symlink: /home/ylab/hibikino_toms_ws/install/toms_msg/include/toms_msg/toms_msg/srv/detail/end_effector_service__rosidl_typesupport_introspection_cpp.hpp
[7.775s] -- Up-to-date symlink: /home/ylab/hibikino_toms_ws/install/toms_msg/include/toms_msg/toms_msg/srv/detail/rail_service__rosidl_typesupport_introspection_cpp.hpp
[7.775s] -- Up-to-date symlink: /home/ylab/hibikino_toms_ws/install/toms_msg/include/toms_msg/toms_msg/srv/detail/suction_command__rosidl_typesupport_introspection_cpp.hpp
[7.776s] -- Up-to-date symlink: /home/ylab/hibikino_toms_ws/install/toms_msg/include/toms_msg/toms_msg/srv/detail/vision_service__rosidl_typesupport_introspection_cpp.hpp
[7.776s] -- Up-to-date symlink: /home/ylab/hibikino_toms_ws/install/toms_msg/share/toms_msg/environment/pythonpath.sh
[7.776s] -- Up-to-date symlink: /home/ylab/hibikino_toms_ws/install/toms_msg/share/toms_msg/environment/pythonpath.dsv
[7.776s] -- Up-to-date symlink: /home/ylab/hibikino_toms_ws/install/toms_msg/local/lib/python3.10/dist-packages/toms_msg-0.0.0-py3.10.egg-info/PKG-INFO
[7.777s] -- Up-to-date symlink: /home/ylab/hibikino_toms_ws/install/toms_msg/local/lib/python3.10/dist-packages/toms_msg-0.0.0-py3.10.egg-info/SOURCES.txt
[7.777s] -- Up-to-date symlink: /home/ylab/hibikino_toms_ws/install/toms_msg/local/lib/python3.10/dist-packages/toms_msg-0.0.0-py3.10.egg-info/dependency_links.txt
[7.777s] -- Up-to-date symlink: /home/ylab/hibikino_toms_ws/install/toms_msg/local/lib/python3.10/dist-packages/toms_msg-0.0.0-py3.10.egg-info/top_level.txt
[7.777s] -- Up-to-date symlink: /home/ylab/hibikino_toms_ws/install/toms_msg/local/lib/python3.10/dist-packages/toms_msg/__init__.py
[7.778s] -- Up-to-date symlink: /home/ylab/hibikino_toms_ws/install/toms_msg/local/lib/python3.10/dist-packages/toms_msg/_toms_msg_s.ep.rosidl_typesupport_c.c
[7.778s] -- Up-to-date symlink: /home/ylab/hibikino_toms_ws/install/toms_msg/local/lib/python3.10/dist-packages/toms_msg/_toms_msg_s.ep.rosidl_typesupport_fastrtps_c.c
[7.778s] -- Up-to-date symlink: /home/ylab/hibikino_toms_ws/install/toms_msg/local/lib/python3.10/dist-packages/toms_msg/_toms_msg_s.ep.rosidl_typesupport_introspection_c.c
[7.779s] -- Up-to-date symlink: /home/ylab/hibikino_toms_ws/install/toms_msg/local/lib/python3.10/dist-packages/toms_msg/libtoms_msg__rosidl_generator_py.so
[7.779s] -- Up-to-date symlink: /home/ylab/hibikino_toms_ws/install/toms_msg/local/lib/python3.10/dist-packages/toms_msg/msg/__init__.py
[7.779s] -- Up-to-date symlink: /home/ylab/hibikino_toms_ws/install/toms_msg/local/lib/python3.10/dist-packages/toms_msg/msg/_tomato_data.py
[7.779s] -- Up-to-date symlink: /home/ylab/hibikino_toms_ws/install/toms_msg/local/lib/python3.10/dist-packages/toms_msg/msg/_tomato_data_s.c
[7.779s] -- Up-to-date symlink: /home/ylab/hibikino_toms_ws/install/toms_msg/local/lib/python3.10/dist-packages/toms_msg/msg/_tomato_pos.py
[7.780s] -- Up-to-date symlink: /home/ylab/hibikino_toms_ws/install/toms_msg/local/lib/python3.10/dist-packages/toms_msg/msg/_tomato_pos_s.c
[7.780s] -- Up-to-date symlink: /home/ylab/hibikino_toms_ws/install/toms_msg/local/lib/python3.10/dist-packages/toms_msg/srv/__init__.py
[7.780s] -- Up-to-date symlink: /home/ylab/hibikino_toms_ws/install/toms_msg/local/lib/python3.10/dist-packages/toms_msg/srv/_arm_service.py
[7.780s] -- Up-to-date symlink: /home/ylab/hibikino_toms_ws/install/toms_msg/local/lib/python3.10/dist-packages/toms_msg/srv/_arm_service_s.c
[7.780s] -- Up-to-date symlink: /home/ylab/hibikino_toms_ws/install/toms_msg/local/lib/python3.10/dist-packages/toms_msg/srv/_cart_service.py
[7.780s] -- Up-to-date symlink: /home/ylab/hibikino_toms_ws/install/toms_msg/local/lib/python3.10/dist-packages/toms_msg/srv/_cart_service_s.c
[7.781s] -- Up-to-date symlink: /home/ylab/hibikino_toms_ws/install/toms_msg/local/lib/python3.10/dist-packages/toms_msg/srv/_crawler_service.py
[7.781s] -- Up-to-date symlink: /home/ylab/hibikino_toms_ws/install/toms_msg/local/lib/python3.10/dist-packages/toms_msg/srv/_crawler_service_s.c
[7.781s] -- Up-to-date symlink: /home/ylab/hibikino_toms_ws/install/toms_msg/local/lib/python3.10/dist-packages/toms_msg/srv/_end_effector_service.py
[7.781s] -- Up-to-date symlink: /home/ylab/hibikino_toms_ws/install/toms_msg/local/lib/python3.10/dist-packages/toms_msg/srv/_end_effector_service_s.c
[7.782s] -- Up-to-date symlink: /home/ylab/hibikino_toms_ws/install/toms_msg/local/lib/python3.10/dist-packages/toms_msg/srv/_rail_service.py
[7.782s] -- Up-to-date symlink: /home/ylab/hibikino_toms_ws/install/toms_msg/local/lib/python3.10/dist-packages/toms_msg/srv/_rail_service_s.c
[7.782s] -- Up-to-date symlink: /home/ylab/hibikino_toms_ws/install/toms_msg/local/lib/python3.10/dist-packages/toms_msg/srv/_suction_command.py
[7.782s] -- Up-to-date symlink: /home/ylab/hibikino_toms_ws/install/toms_msg/local/lib/python3.10/dist-packages/toms_msg/srv/_suction_command_s.c
[7.783s] -- Up-to-date symlink: /home/ylab/hibikino_toms_ws/install/toms_msg/local/lib/python3.10/dist-packages/toms_msg/srv/_vision_service.py
[7.783s] -- Up-to-date symlink: /home/ylab/hibikino_toms_ws/install/toms_msg/local/lib/python3.10/dist-packages/toms_msg/srv/_vision_service_s.c
[7.783s] -- Up-to-date symlink: /home/ylab/hibikino_toms_ws/install/toms_msg/local/lib/python3.10/dist-packages/toms_msg/toms_msg_s__rosidl_typesupport_c.cpython-310-aarch64-linux-gnu.so
[7.783s] -- Up-to-date symlink: /home/ylab/hibikino_toms_ws/install/toms_msg/local/lib/python3.10/dist-packages/toms_msg/toms_msg_s__rosidl_typesupport_fastrtps_c.cpython-310-aarch64-linux-gnu.so
[7.783s] -- Up-to-date symlink: /home/ylab/hibikino_toms_ws/install/toms_msg/local/lib/python3.10/dist-packages/toms_msg/toms_msg_s__rosidl_typesupport_introspection_c.cpython-310-aarch64-linux-gnu.so
[7.784s] -- Up-to-date symlink: /home/ylab/hibikino_toms_ws/install/toms_msg/local/lib/python3.10/dist-packages/toms_msg/toms_msg_s__rosidl_typesupport_fastrtps_c.cpython-310-aarch64-linux-gnu.so
[7.784s] -- Up-to-date symlink: /home/ylab/hibikino_toms_ws/install/toms_msg/local/lib/python3.10/dist-packages/toms_msg/toms_msg_s__rosidl_typesupport_introspection_c.cpython-310-aarch64-linux-gnu.so
[7.784s] -- Up-to-date symlink: /home/ylab/hibikino_toms_ws/install/toms_msg/local/lib/python3.10/dist-packages/toms_msg/toms_msg_s__rosidl_typesupport_c.cpython-310-aarch64-linux-gnu.so
[7.784s] -- Up-to-date symlink: /home/ylab/hibikino_toms_ws/install/toms_msg/share/toms_msg/msg/TomatoPos.idl
[7.784s] -- Up-to-date symlink: /home/ylab/hibikino_toms_ws/install/toms_msg/share/toms_msg/msg/TomatoData.idl
[7.784s] -- Up-to-date symlink: /home/ylab/hibikino_toms_ws/install/toms_msg/share/toms_msg/srv/VisionService.idl
[7.785s] -- Up-to-date symlink: /home/ylab/hibikino_toms_ws/install/toms_msg/share/toms_msg/srv/CrawlerService.idl
[7.785s] -- Up-to-date symlink: /home/ylab/hibikino_toms_ws/install/toms_msg/share/toms_msg/srv/RailService.idl
[7.785s] -- Up-to-date symlink: /home/ylab/hibikino_toms_ws/install/toms_msg/share/toms_msg/srv/ArmService.idl
[7.786s] -- Up-to-date symlink: /home/ylab/hibikino_toms_ws/install/toms_msg/share/toms_msg/srv/EndEffectorService.idl
[7.786s] -- Up-to-date symlink: /home/ylab/hibikino_toms_ws/install/toms_msg/share/toms_msg/srv/SuctionCommand.idl
[7.787s] -- Up-to-date symlink: /home/ylab/hibikino_toms_ws/install/toms_msg/share/toms_msg/srv/CartService.idl
[7.787s] -- Up-to-date symlink: /home/ylab/hibikino_toms_ws/install/toms_msg/share/toms_msg/msg/TomatoPos.msg
[7.787s] -- Up-to-date symlink: /home/ylab/hibikino_toms_ws/install/toms_msg/share/toms_msg/msg/TomatoData.msg
[7.788s] -- Up-to-date symlink: /home/ylab/hibikino_toms_ws/install/toms_msg/share/toms_msg/srv/VisionService.srv
[7.788s] -- Up-to-date symlink: /home/ylab/hibikino_toms_ws/install/toms_msg/share/toms_msg/srv/VisionService_Request.msg
[7.789s] -- Up-to-date symlink: /home/ylab/hibikino_toms_ws/install/toms_msg/share/toms_msg/srv/VisionService_Response.msg
[7.790s] -- Up-to-date symlink: /home/ylab/hibikino_toms_ws/install/toms_msg/share/toms_msg/srv/CrawlerService.srv
[7.790s] -- Up-to-date symlink: /home/ylab/hibikino_toms_ws/install/toms_msg/share/toms_msg/srv/CrawlerService_Request.msg
[7.791s] -- Up-to-date symlink: /home/ylab/hibikino_toms_ws/install/toms_msg/share/toms_msg/srv/CrawlerService_Response.msg
[7.792s] -- Up-to-date symlink: /home/ylab/hibikino_toms_ws/install/toms_msg/share/toms_msg/srv/RailService.srv
[7.792s] -- Up-to-date symlink: /home/ylab/hibikino_toms_ws/install/toms_msg/share/toms_msg/srv/RailService_Request.msg
[7.792s] -- Up-to-date symlink: /home/ylab/hibikino_toms_ws/install/toms_msg/share/toms_msg/srv/RailService_Response.msg
[7.793s] -- Up-to-date symlink: /home/ylab/hibikino_toms_ws/install/toms_msg/share/toms_msg/srv/ArmService.srv
[7.793s] -- Up-to-date symlink: /home/ylab/hibikino_toms_ws/install/toms_msg/share/toms_msg/srv/ArmService_Request.msg
[7.793s] -- Up-to-date symlink: /home/ylab/hibikino_toms_ws/install/toms_msg/share/toms_msg/srv/ArmService_Response.msg
[7.802s] -- Up-to-date symlink: /home/ylab/hibikino_toms_ws/install/toms_msg/share/toms_msg/srv/EndEffectorService.srv
[7.802s] -- Up-to-date symlink: /home/ylab/hibikino_toms_ws/install/toms_msg/share/toms_msg/srv/EndEffectorService_Request.msg
[7.802s] -- Up-to-date symlink: /home/ylab/hibikino_toms_ws/install/toms_msg/share/toms_msg/srv/EndEffectorService_Response.msg
[7.802s] -- Up-to-date symlink: /home/ylab/hibikino_toms_ws/install/toms_msg/share/toms_msg/srv/SuctionCommand.srv
[7.802s] -- Up-to-date symlink: /home/ylab/hibikino_toms_ws/install/toms_msg/share/toms_msg/srv/SuctionCommand_Request.msg
[7.802s] -- Up-to-date symlink: /home/ylab/hibikino_toms_ws/install/toms_msg/share/toms_msg/srv/SuctionCommand_Response.msg
[7.803s] -- Up-to-date symlink: /home/ylab/hibikino_toms_ws/install/toms_msg/share/toms_msg/srv/CartService.srv
[7.803s] -- Up-to-date symlink: /home/ylab/hibikino_toms_ws/install/toms_msg/share/toms_msg/srv/CartService_Request.msg
[7.803s] -- Up-to-date symlink: /home/ylab/hibikino_toms_ws/install/toms_msg/share/toms_msg/srv/CartService_Response.msg
[7.803s] -- Up-to-date symlink: /home/ylab/hibikino_toms_ws/install/toms_msg/share/ament_index/resource_index/package_run_dependencies/toms_msg
[7.803s] -- Up-to-date symlink: /home/ylab/hibikino_toms_ws/install/toms_msg/share/ament_index/resource_index/parent_prefix_path/toms_msg
[7.803s] -- Up-to-date symlink: /home/ylab/hibikino_toms_ws/install/toms_msg/share/toms_msg/environment/ament_prefix_path.sh
[7.803s] -- Up-to-date symlink: /home/ylab/hibikino_toms_ws/install/toms_msg/share/toms_msg/environment/ament_prefix_path.dsv
[7.804s] -- Up-to-date symlink: /home/ylab/hibikino_toms_ws/install/toms_msg/share/toms_msg/environment/path.sh
[7.804s] -- Up-to-date symlink: /home/ylab/hibikino_toms_ws/install/toms_msg/share/toms_msg/environment/path.dsv
[7.804s] -- Up-to-date symlink: /home/ylab/hibikino_toms_ws/install/toms_msg/share/toms_msg/local_setup.bash
[7.804s] -- Up-to-date symlink: /home/ylab/hibikino_toms_ws/install/toms_msg/share/toms_msg/local_setup.sh
[7.804s] -- Up-to-date symlink: /home/ylab/hibikino_toms_ws/install/toms_msg/share/toms_msg/local_setup.zsh
[7.804s] -- Up-to-date symlink: /home/ylab/hibikino_toms_ws/install/toms_msg/share/toms_msg/local_setup.dsv
[7.804s] -- Symlinking: /home/ylab/hibikino_toms_ws/install/toms_msg/share/toms_msg/package.dsv
[7.831s] -- Up-to-date symlink: /home/ylab/hibikino_toms_ws/install/toms_msg/share/ament_index/resource_index/packages/toms_msg
[7.831s] -- Up-to-date symlink: /home/ylab/hibikino_toms_ws/install/toms_msg/share/toms_msg/cmake/rosidl_cmake-extras.cmake
[7.832s] -- Up-to-date symlink: /home/ylab/hibikino_toms_ws/install/toms_msg/share/toms_msg/cmake/ament_cmake_export_dependencies-extras.cmake
[7.832s] -- Up-to-date symlink: /home/ylab/hibikino_toms_ws/install/toms_msg/share/toms_msg/cmake/ament_cmake_export_include_directories-extras.cmake
[7.832s] -- Up-to-date symlink: /home/ylab/hibikino_toms_ws/install/toms_msg/share/toms_msg/cmake/ament_cmake_export_libraries-extras.cmake
[7.833s] -- Up-to-date symlink: /home/ylab/hibikino_toms_ws/install/toms_msg/share/toms_msg/cmake/ament_cmake_export_targets-extras.cmake
[7.833s] -- Up-to-date symlink: /home/ylab/hibikino_toms_ws/install/toms_msg/share/toms_msg/cmake/rosidl_cmake_export_typesupport_targets-extras.cmake
[7.833s] -- Up-to-date symlink: /home/ylab/hibikino_toms_ws/install/toms_msg/share/toms_msg/cmake/rosidl_cmake_export_typesupport_libraries-extras.cmake
[7.833s] -- Up-to-date symlink: /home/ylab/hibikino_toms_ws/install/toms_msg/share/toms_msg/cmake/toms_msgConfig.cmake
[7.833s] -- Up-to-date symlink: /home/ylab/hibikino_toms_ws/install/toms_msg/share/toms_msg/cmake/toms_msgConfig-version.cmake
[7.834s] -- Up-to-date symlink: /home/ylab/hibikino_toms_ws/install/toms_msg/share/toms_msg/package.xml
[7.835s] -- Up-to-date: /home/ylab/hibikino_toms_ws/install/toms_msg/lib/libtoms_msg__rosidl_generator_c.so
[7.836s] -- Installing: /home/ylab/hibikino_toms_ws/install/toms_msg/lib/libtoms_msg__rosidl_typesupport_fastrtps_c.so
[7.838s] -- Set runtime path of "/home/ylab/hibikino_toms_ws/install/toms_msg/lib/libtoms_msg__rosidl_typesupport_fastrtps_c.so" to ""
[7.839s] -- Installing: /home/ylab/hibikino_toms_ws/install/toms_msg/lib/libtoms_msg__rosidl_typesupport_fastrtps_cpp.so
[7.843s] -- Set runtime path of "/home/ylab/hibikino_toms_ws/install/toms_msg/lib/libtoms_msg__rosidl_typesupport_fastrtps_cpp.so" to ""
[7.844s] -- Up-to-date: /home/ylab/hibikino_toms_ws/install/toms_msg/lib/libtoms_msg__rosidl_typesupport_introspection_c.so
[7.845s] -- Up-to-date: /home/ylab/hibikino_toms_ws/install/toms_msg/lib/libtoms_msg__rosidl_typesupport_c.so
[7.846s] -- Installing: /home/ylab/hibikino_toms_ws/install/toms_msg/lib/libtoms_msg__rosidl_typesupport_introspection_cpp.so
[7.848s] -- Set runtime path of "/home/ylab/hibikino_toms_ws/install/toms_msg/lib/libtoms_msg__rosidl_typesupport_introspection_cpp.so" to ""
[7.848s] -- Installing: /home/ylab/hibikino_toms_ws/install/toms_msg/lib/libtoms_msg__rosidl_typesupport_cpp.so
[7.850s] -- Set runtime path of "/home/ylab/hibikino_toms_ws/install/toms_msg/lib/libtoms_msg__rosidl_typesupport_cpp.so" to ""
[7.992s] Listing '/home/ylab/hibikino_toms_ws/install/toms_msg/local/lib/python3.10/dist-packages/toms_msg'...
[7.992s] Listing '/home/ylab/hibikino_toms_ws/install/toms_msg/local/lib/python3.10/dist-packages/toms_msg/msg'...
[7.993s] Listing '/home/ylab/hibikino_toms_ws/install/toms_msg/local/lib/python3.10/dist-packages/toms_msg/srv'...
[8.010s] -- Installing: /home/ylab/hibikino_toms_ws/install/toms_msg/lib/libtoms_msg__rosidl_generator_py.so
[8.011s] -- Set runtime path of "/home/ylab/hibikino_toms_ws/install/toms_msg/lib/libtoms_msg__rosidl_generator_py.so" to ""
[8.012s] -- Up-to-date: /home/ylab/hibikino_toms_ws/install/toms_msg/share/toms_msg/cmake/export_toms_msg__rosidl_generator_cExport.cmake
[8.012s] -- Up-to-date: /home/ylab/hibikino_toms_ws/install/toms_msg/share/toms_msg/cmake/export_toms_msg__rosidl_generator_cExport-noconfig.cmake
[8.012s] -- Up-to-date: /home/ylab/hibikino_toms_ws/install/toms_msg/share/toms_msg/cmake/export_toms_msg__rosidl_typesupport_fastrtps_cExport.cmake
[8.013s] -- Up-to-date: /home/ylab/hibikino_toms_ws/install/toms_msg/share/toms_msg/cmake/export_toms_msg__rosidl_typesupport_fastrtps_cExport-noconfig.cmake
[8.014s] -- Up-to-date: /home/ylab/hibikino_toms_ws/install/toms_msg/share/toms_msg/cmake/export_toms_msg__rosidl_generator_cppExport.cmake
[8.014s] -- Up-to-date: /home/ylab/hibikino_toms_ws/install/toms_msg/share/toms_msg/cmake/export_toms_msg__rosidl_typesupport_fastrtps_cppExport.cmake
[8.014s] -- Up-to-date: /home/ylab/hibikino_toms_ws/install/toms_msg/share/toms_msg/cmake/export_toms_msg__rosidl_typesupport_fastrtps_cppExport-noconfig.cmake
[8.014s] -- Up-to-date: /home/ylab/hibikino_toms_ws/install/toms_msg/share/toms_msg/cmake/toms_msg__rosidl_typesupport_introspection_cExport.cmake
[8.014s] -- Up-to-date: /home/ylab/hibikino_toms_ws/install/toms_msg/share/toms_msg/cmake/toms_msg__rosidl_typesupport_introspection_cExport-noconfig.cmake
[8.015s] -- Up-to-date: /home/ylab/hibikino_toms_ws/install/toms_msg/share/toms_msg/cmake/toms_msg__rosidl_typesupport_cExport.cmake
[8.016s] -- Up-to-date: /home/ylab/hibikino_toms_ws/install/toms_msg/share/toms_msg/cmake/toms_msg__rosidl_typesupport_cExport-noconfig.cmake
[8.016s] -- Up-to-date: /home/ylab/hibikino_toms_ws/install/toms_msg/share/toms_msg/cmake/toms_msg__rosidl_typesupport_introspection_cppExport.cmake
[8.016s] -- Up-to-date: /home/ylab/hibikino_toms_ws/install/toms_msg/share/toms_msg/cmake/toms_msg__rosidl_typesupport_introspection_cppExport-noconfig.cmake
[8.017s] -- Up-to-date: /home/ylab/hibikino_toms_ws/install/toms_msg/share/toms_msg/cmake/toms_msg__rosidl_typesupport_cppExport.cmake
[8.017s] -- Up-to-date: /home/ylab/hibikino_toms_ws/install/toms_msg/share/toms_msg/cmake/toms_msg__rosidl_typesupport_cppExport-noconfig.cmake
[8.017s] -- Up-to-date: /home/ylab/hibikino_toms_ws/install/toms_msg/share/toms_msg/cmake/export_toms_msg__rosidl_generator_pyExport.cmake
[8.017s] -- Up-to-date: /home/ylab/hibikino_toms_ws/install/toms_msg/share/toms_msg/cmake/export_toms_msg__rosidl_generator_pyExport-noconfig.cmake
[8.031s] Invoked command in '/home/ylab/hibikino_toms_ws/build/toms_msg' returned '0': CMAKE_PREFIX_PATH=${CMAKE_PREFIX_PATH}:/home/ylab/hibikino_toms_ws/install/vision_pkg:/home/ylab/hibikino_toms_ws/install/behavior_planner:/home/ylab/hibikino_toms_ws/install/smach_ros:/home/ylab/hibikino_toms_ws/install/smach:/home/ylab/hibikino_toms_ws/install/harvest_task_pkg:/home/ylab/hibikino_toms_ws/install/end_effector_pkg:/home/ylab/hibikino_toms_ws/install/cart_module_ros2:/home/ylab/hibikino_toms_ws/install/cart_controller_pkg:/home/ylab/hibikino_toms_ws/install/arm_controller_pkg:/home/ylab/ws/install/opencv_tests:/opt/ros/humble /usr/bin/cmake --install /home/ylab/hibikino_toms_ws/build/toms_msg
