[8.930s] Invoking command in '/home/ylab/hibikino_toms_ws/build/cart_controller_pkg': PYTHONPATH=/home/ylab/hibikino_toms_ws/build/cart_controller_pkg/prefix_override:/usr/lib/python3/dist-packages/colcon_core/task/python/colcon_distutils_commands:/home/ylab/hibikino_toms_ws/install/cart_controller_pkg/lib/python3.10/site-packages:${PYTHONPATH} /usr/bin/python3 -W ignore:setup.py install is deprecated -W ignore:easy_install command is deprecated setup.py develop --editable --build-directory /home/ylab/hibikino_toms_ws/build/cart_controller_pkg/build --no-deps symlink_data
[9.885s] running develop
[10.555s] running egg_info
[10.555s] writing cart_controller_pkg.egg-info/PKG-INFO
[10.556s] writing dependency_links to cart_controller_pkg.egg-info/dependency_links.txt
[10.556s] writing entry points to cart_controller_pkg.egg-info/entry_points.txt
[10.557s] writing requirements to cart_controller_pkg.egg-info/requires.txt
[10.557s] writing top-level names to cart_controller_pkg.egg-info/top_level.txt
[10.561s] reading manifest file 'cart_controller_pkg.egg-info/SOURCES.txt'
[10.563s] writing manifest file 'cart_controller_pkg.egg-info/SOURCES.txt'
[10.568s] running build_ext
[10.568s] Creating /home/ylab/hibikino_toms_ws/install/cart_controller_pkg/lib/python3.10/site-packages/cart-controller-pkg.egg-link (link to .)
[10.571s] Installing crawler_client_node script to /home/ylab/hibikino_toms_ws/install/cart_controller_pkg/lib/cart_controller_pkg
[10.571s] Installing crawler_service_node script to /home/ylab/hibikino_toms_ws/install/cart_controller_pkg/lib/cart_controller_pkg
[10.571s] Installing rail_client_node script to /home/ylab/hibikino_toms_ws/install/cart_controller_pkg/lib/cart_controller_pkg
[10.572s] Installing rail_service_node script to /home/ylab/hibikino_toms_ws/install/cart_controller_pkg/lib/cart_controller_pkg
[10.572s] 
[10.572s] Installed /home/ylab/hibikino_toms_ws/build/cart_controller_pkg
[10.572s] running symlink_data
[11.306s] Invoked command in '/home/ylab/hibikino_toms_ws/build/cart_controller_pkg' returned '0': PYTHONPATH=/home/ylab/hibikino_toms_ws/build/cart_controller_pkg/prefix_override:/usr/lib/python3/dist-packages/colcon_core/task/python/colcon_distutils_commands:/home/ylab/hibikino_toms_ws/install/cart_controller_pkg/lib/python3.10/site-packages:${PYTHONPATH} /usr/bin/python3 -W ignore:setup.py install is deprecated -W ignore:easy_install command is deprecated setup.py develop --editable --build-directory /home/ylab/hibikino_toms_ws/build/cart_controller_pkg/build --no-deps symlink_data
