[0.844s] Invoking command in '/home/ylab/hibikino_toms_ws/build/smach_msgs': CMAKE_PREFIX_PATH=${CMAKE_PREFIX_PATH}:/home/ylab/hibikino_toms_ws/install/vision_pkg:/home/ylab/hibikino_toms_ws/install/behavior_planner:/home/ylab/hibikino_toms_ws/install/smach_ros:/home/ylab/hibikino_toms_ws/install/smach:/home/ylab/hibikino_toms_ws/install/harvest_task_pkg:/home/ylab/hibikino_toms_ws/install/end_effector_pkg:/home/ylab/hibikino_toms_ws/install/cart_module_ros2:/home/ylab/hibikino_toms_ws/install/cart_controller_pkg:/home/ylab/hibikino_toms_ws/install/arm_controller_pkg:/home/ylab/ws/install/opencv_tests:/opt/ros/humble /usr/bin/cmake --build /home/ylab/hibikino_toms_ws/build/smach_msgs -- -j12 -l12
[6.805s] [  2%] Built target smach_msgs__cpp
[6.806s] [ 12%] Built target smach_msgs__rosidl_generator_c
[6.806s] [ 12%] Built target ament_cmake_python_symlink_smach_msgs
[6.807s] [ 14%] [32mBuilding CXX object CMakeFiles/smach_msgs__rosidl_typesupport_fastrtps_cpp.dir/rosidl_typesupport_fastrtps_cpp/smach_msgs/msg/detail/dds_fastrtps/smach_container_structure__type_support.cpp.o[0m
[6.807s] [ 25%] Built target smach_msgs__rosidl_typesupport_introspection_c
[6.808s] [ 27%] [32mBuilding CXX object CMakeFiles/smach_msgs__rosidl_typesupport_introspection_cpp.dir/rosidl_typesupport_introspection_cpp/smach_msgs/msg/detail/smach_container_initial_status_cmd__type_support.cpp.o[0m
[6.809s] [ 29%] [32mBuilding CXX object CMakeFiles/smach_msgs__rosidl_typesupport_cpp.dir/rosidl_typesupport_cpp/smach_msgs/msg/smach_container_structure__type_support.cpp.o[0m
[6.810s] [ 31%] [32mBuilding CXX object CMakeFiles/smach_msgs__rosidl_typesupport_fastrtps_c.dir/rosidl_typesupport_fastrtps_c/smach_msgs/msg/detail/smach_container_initial_status_cmd__type_support_c.cpp.o[0m
[6.810s] [ 34%] [32mBuilding CXX object CMakeFiles/smach_msgs__rosidl_typesupport_fastrtps_cpp.dir/rosidl_typesupport_fastrtps_cpp/smach_msgs/msg/detail/dds_fastrtps/smach_container_initial_status_cmd__type_support.cpp.o[0m
[6.810s] [ 36%] [32mBuilding CXX object CMakeFiles/smach_msgs__rosidl_typesupport_cpp.dir/rosidl_typesupport_cpp/smach_msgs/msg/smach_container_initial_status_cmd__type_support.cpp.o[0m
[6.810s] [ 38%] [32mBuilding CXX object CMakeFiles/smach_msgs__rosidl_typesupport_fastrtps_cpp.dir/rosidl_typesupport_fastrtps_cpp/smach_msgs/msg/detail/dds_fastrtps/smach_container_status__type_support.cpp.o[0m
[6.811s] [ 40%] [32mBuilding CXX object CMakeFiles/smach_msgs__rosidl_typesupport_fastrtps_c.dir/rosidl_typesupport_fastrtps_c/smach_msgs/msg/detail/smach_container_structure__type_support_c.cpp.o[0m
[6.811s] [ 51%] Built target smach_msgs__rosidl_typesupport_c
[6.811s] [ 53%] [32mBuilding CXX object CMakeFiles/smach_msgs__rosidl_typesupport_introspection_cpp.dir/rosidl_typesupport_introspection_cpp/smach_msgs/msg/detail/smach_container_structure__type_support.cpp.o[0m
[6.811s] [ 55%] [32mBuilding CXX object CMakeFiles/smach_msgs__rosidl_typesupport_introspection_cpp.dir/rosidl_typesupport_introspection_cpp/smach_msgs/msg/detail/smach_container_status__type_support.cpp.o[0m
[6.811s] [ 57%] [32mBuilding CXX object CMakeFiles/smach_msgs__rosidl_typesupport_cpp.dir/rosidl_typesupport_cpp/smach_msgs/msg/smach_container_status__type_support.cpp.o[0m
[6.811s] [ 59%] [32mBuilding CXX object CMakeFiles/smach_msgs__rosidl_typesupport_fastrtps_c.dir/rosidl_typesupport_fastrtps_c/smach_msgs/msg/detail/smach_container_status__type_support_c.cpp.o[0m
[6.811s] running egg_info
[6.812s] writing smach_msgs.egg-info/PKG-INFO
[6.812s] writing dependency_links to smach_msgs.egg-info/dependency_links.txt
[6.812s] writing top-level names to smach_msgs.egg-info/top_level.txt
[6.812s] reading manifest file 'smach_msgs.egg-info/SOURCES.txt'
[6.812s] writing manifest file 'smach_msgs.egg-info/SOURCES.txt'
[6.812s] [ 61%] [32m[1mLinking CXX shared library libsmach_msgs__rosidl_typesupport_cpp.so[0m
[6.812s] [ 61%] Built target ament_cmake_python_build_smach_msgs_egg
[6.812s] [ 63%] Built target smach_msgs__rosidl_typesupport_cpp
[6.813s] [ 65%] [32m[1mLinking CXX shared library libsmach_msgs__rosidl_typesupport_introspection_cpp.so[0m
[6.813s] [ 68%] [32m[1mLinking CXX shared library libsmach_msgs__rosidl_typesupport_fastrtps_cpp.so[0m
[6.813s] [ 70%] [32m[1mLinking CXX shared library libsmach_msgs__rosidl_typesupport_fastrtps_c.so[0m
[6.813s] [ 72%] Built target smach_msgs__rosidl_typesupport_introspection_cpp
[6.813s] [ 74%] Built target smach_msgs__rosidl_typesupport_fastrtps_cpp
[6.813s] [ 76%] Built target smach_msgs__rosidl_typesupport_fastrtps_c
[6.813s] [ 76%] Built target smach_msgs
[6.814s] [ 78%] Built target smach_msgs__py
[6.814s] [ 80%] [32mBuilding C object CMakeFiles/smach_msgs__rosidl_generator_py.dir/rosidl_generator_py/smach_msgs/msg/_smach_container_structure_s.c.o[0m
[6.814s] [ 82%] [32mBuilding C object CMakeFiles/smach_msgs__rosidl_generator_py.dir/rosidl_generator_py/smach_msgs/msg/_smach_container_initial_status_cmd_s.c.o[0m
[6.814s] [ 85%] [32mBuilding C object CMakeFiles/smach_msgs__rosidl_generator_py.dir/rosidl_generator_py/smach_msgs/msg/_smach_container_status_s.c.o[0m
[6.815s] [ 87%] [32m[1mLinking C shared library rosidl_generator_py/smach_msgs/libsmach_msgs__rosidl_generator_py.so[0m
[6.815s] [ 87%] Built target smach_msgs__rosidl_generator_py
[6.815s] [ 89%] [32mBuilding C object CMakeFiles/smach_msgs__rosidl_typesupport_fastrtps_c__pyext.dir/rosidl_generator_py/smach_msgs/_smach_msgs_s.ep.rosidl_typesupport_fastrtps_c.c.o[0m
[6.815s] [ 91%] [32mBuilding C object CMakeFiles/smach_msgs__rosidl_typesupport_c__pyext.dir/rosidl_generator_py/smach_msgs/_smach_msgs_s.ep.rosidl_typesupport_c.c.o[0m
[6.815s] [ 93%] [32mBuilding C object CMakeFiles/smach_msgs__rosidl_typesupport_introspection_c__pyext.dir/rosidl_generator_py/smach_msgs/_smach_msgs_s.ep.rosidl_typesupport_introspection_c.c.o[0m
[6.815s] [ 95%] [32m[1mLinking C shared library rosidl_generator_py/smach_msgs/smach_msgs_s__rosidl_typesupport_c.cpython-310-aarch64-linux-gnu.so[0m
[6.816s] [ 97%] [32m[1mLinking C shared library rosidl_generator_py/smach_msgs/smach_msgs_s__rosidl_typesupport_fastrtps_c.cpython-310-aarch64-linux-gnu.so[0m
[6.816s] [100%] [32m[1mLinking C shared library rosidl_generator_py/smach_msgs/smach_msgs_s__rosidl_typesupport_introspection_c.cpython-310-aarch64-linux-gnu.so[0m
[6.816s] [100%] Built target smach_msgs__rosidl_typesupport_c__pyext
[6.816s] [100%] Built target smach_msgs__rosidl_typesupport_fastrtps_c__pyext
[6.816s] [100%] Built target smach_msgs__rosidl_typesupport_introspection_c__pyext
[7.588s] Invoked command in '/home/ylab/hibikino_toms_ws/build/smach_msgs' returned '0': CMAKE_PREFIX_PATH=${CMAKE_PREFIX_PATH}:/home/ylab/hibikino_toms_ws/install/vision_pkg:/home/ylab/hibikino_toms_ws/install/behavior_planner:/home/ylab/hibikino_toms_ws/install/smach_ros:/home/ylab/hibikino_toms_ws/install/smach:/home/ylab/hibikino_toms_ws/install/harvest_task_pkg:/home/ylab/hibikino_toms_ws/install/end_effector_pkg:/home/ylab/hibikino_toms_ws/install/cart_module_ros2:/home/ylab/hibikino_toms_ws/install/cart_controller_pkg:/home/ylab/hibikino_toms_ws/install/arm_controller_pkg:/home/ylab/ws/install/opencv_tests:/opt/ros/humble /usr/bin/cmake --build /home/ylab/hibikino_toms_ws/build/smach_msgs -- -j12 -l12
[7.613s] Invoking command in '/home/ylab/hibikino_toms_ws/build/smach_msgs': CMAKE_PREFIX_PATH=${CMAKE_PREFIX_PATH}:/home/ylab/hibikino_toms_ws/install/vision_pkg:/home/ylab/hibikino_toms_ws/install/behavior_planner:/home/ylab/hibikino_toms_ws/install/smach_ros:/home/ylab/hibikino_toms_ws/install/smach:/home/ylab/hibikino_toms_ws/install/harvest_task_pkg:/home/ylab/hibikino_toms_ws/install/end_effector_pkg:/home/ylab/hibikino_toms_ws/install/cart_module_ros2:/home/ylab/hibikino_toms_ws/install/cart_controller_pkg:/home/ylab/hibikino_toms_ws/install/arm_controller_pkg:/home/ylab/ws/install/opencv_tests:/opt/ros/humble /usr/bin/cmake --install /home/ylab/hibikino_toms_ws/build/smach_msgs
[7.633s] -- Install configuration: ""
[7.635s] -- Execute custom install script
[7.635s] -- Up-to-date symlink: /home/ylab/hibikino_toms_ws/install/smach_msgs/share/ament_index/resource_index/rosidl_interfaces/smach_msgs
[7.637s] -- Up-to-date symlink: /home/ylab/hibikino_toms_ws/install/smach_msgs/include/smach_msgs/smach_msgs/msg/detail/smach_container_initial_status_cmd__functions.h
[7.638s] -- Up-to-date symlink: /home/ylab/hibikino_toms_ws/install/smach_msgs/include/smach_msgs/smach_msgs/msg/detail/smach_container_initial_status_cmd__struct.h
[7.639s] -- Up-to-date symlink: /home/ylab/hibikino_toms_ws/install/smach_msgs/include/smach_msgs/smach_msgs/msg/detail/smach_container_initial_status_cmd__type_support.h
[7.639s] -- Up-to-date symlink: /home/ylab/hibikino_toms_ws/install/smach_msgs/include/smach_msgs/smach_msgs/msg/detail/smach_container_status__functions.h
[7.639s] -- Up-to-date symlink: /home/ylab/hibikino_toms_ws/install/smach_msgs/include/smach_msgs/smach_msgs/msg/detail/smach_container_status__struct.h
[7.640s] -- Up-to-date symlink: /home/ylab/hibikino_toms_ws/install/smach_msgs/include/smach_msgs/smach_msgs/msg/detail/smach_container_status__type_support.h
[7.640s] -- Up-to-date symlink: /home/ylab/hibikino_toms_ws/install/smach_msgs/include/smach_msgs/smach_msgs/msg/detail/smach_container_structure__functions.h
[7.640s] -- Up-to-date symlink: /home/ylab/hibikino_toms_ws/install/smach_msgs/include/smach_msgs/smach_msgs/msg/detail/smach_container_structure__struct.h
[7.640s] -- Up-to-date symlink: /home/ylab/hibikino_toms_ws/install/smach_msgs/include/smach_msgs/smach_msgs/msg/detail/smach_container_structure__type_support.h
[7.640s] -- Up-to-date symlink: /home/ylab/hibikino_toms_ws/install/smach_msgs/include/smach_msgs/smach_msgs/msg/rosidl_generator_c__visibility_control.h
[7.640s] -- Up-to-date symlink: /home/ylab/hibikino_toms_ws/install/smach_msgs/include/smach_msgs/smach_msgs/msg/smach_container_initial_status_cmd.h
[7.641s] -- Up-to-date symlink: /home/ylab/hibikino_toms_ws/install/smach_msgs/include/smach_msgs/smach_msgs/msg/smach_container_status.h
[7.641s] -- Up-to-date symlink: /home/ylab/hibikino_toms_ws/install/smach_msgs/include/smach_msgs/smach_msgs/msg/smach_container_structure.h
[7.641s] -- Up-to-date symlink: /home/ylab/hibikino_toms_ws/install/smach_msgs/share/smach_msgs/environment/library_path.sh
[7.641s] -- Up-to-date symlink: /home/ylab/hibikino_toms_ws/install/smach_msgs/share/smach_msgs/environment/library_path.dsv
[7.645s] -- Up-to-date symlink: /home/ylab/hibikino_toms_ws/install/smach_msgs/include/smach_msgs/smach_msgs/msg/detail/smach_container_initial_status_cmd__rosidl_typesupport_fastrtps_c.h
[7.645s] -- Up-to-date symlink: /home/ylab/hibikino_toms_ws/install/smach_msgs/include/smach_msgs/smach_msgs/msg/detail/smach_container_status__rosidl_typesupport_fastrtps_c.h
[7.646s] -- Up-to-date symlink: /home/ylab/hibikino_toms_ws/install/smach_msgs/include/smach_msgs/smach_msgs/msg/detail/smach_container_structure__rosidl_typesupport_fastrtps_c.h
[7.646s] -- Up-to-date symlink: /home/ylab/hibikino_toms_ws/install/smach_msgs/include/smach_msgs/smach_msgs/msg/rosidl_typesupport_fastrtps_c__visibility_control.h
[7.646s] -- Up-to-date symlink: /home/ylab/hibikino_toms_ws/install/smach_msgs/include/smach_msgs/smach_msgs/msg/detail/smach_container_initial_status_cmd__builder.hpp
[7.666s] -- Up-to-date symlink: /home/ylab/hibikino_toms_ws/install/smach_msgs/include/smach_msgs/smach_msgs/msg/detail/smach_container_initial_status_cmd__struct.hpp
[7.666s] -- Up-to-date symlink: /home/ylab/hibikino_toms_ws/install/smach_msgs/include/smach_msgs/smach_msgs/msg/detail/smach_container_initial_status_cmd__traits.hpp
[7.667s] -- Up-to-date symlink: /home/ylab/hibikino_toms_ws/install/smach_msgs/include/smach_msgs/smach_msgs/msg/detail/smach_container_initial_status_cmd__type_support.hpp
[7.667s] -- Up-to-date symlink: /home/ylab/hibikino_toms_ws/install/smach_msgs/include/smach_msgs/smach_msgs/msg/detail/smach_container_status__builder.hpp
[7.667s] -- Up-to-date symlink: /home/ylab/hibikino_toms_ws/install/smach_msgs/include/smach_msgs/smach_msgs/msg/detail/smach_container_status__struct.hpp
[7.667s] -- Up-to-date symlink: /home/ylab/hibikino_toms_ws/install/smach_msgs/include/smach_msgs/smach_msgs/msg/detail/smach_container_status__traits.hpp
[7.667s] -- Up-to-date symlink: /home/ylab/hibikino_toms_ws/install/smach_msgs/include/smach_msgs/smach_msgs/msg/detail/smach_container_status__type_support.hpp
[7.670s] -- Up-to-date symlink: /home/ylab/hibikino_toms_ws/install/smach_msgs/include/smach_msgs/smach_msgs/msg/detail/smach_container_structure__builder.hpp
[7.671s] -- Up-to-date symlink: /home/ylab/hibikino_toms_ws/install/smach_msgs/include/smach_msgs/smach_msgs/msg/detail/smach_container_structure__struct.hpp
[7.671s] -- Up-to-date symlink: /home/ylab/hibikino_toms_ws/install/smach_msgs/include/smach_msgs/smach_msgs/msg/detail/smach_container_structure__traits.hpp
[7.671s] -- Up-to-date symlink: /home/ylab/hibikino_toms_ws/install/smach_msgs/include/smach_msgs/smach_msgs/msg/detail/smach_container_structure__type_support.hpp
[7.671s] -- Up-to-date symlink: /home/ylab/hibikino_toms_ws/install/smach_msgs/include/smach_msgs/smach_msgs/msg/rosidl_generator_cpp__visibility_control.hpp
[7.671s] -- Up-to-date symlink: /home/ylab/hibikino_toms_ws/install/smach_msgs/include/smach_msgs/smach_msgs/msg/smach_container_initial_status_cmd.hpp
[7.671s] -- Up-to-date symlink: /home/ylab/hibikino_toms_ws/install/smach_msgs/include/smach_msgs/smach_msgs/msg/smach_container_status.hpp
[7.672s] -- Up-to-date symlink: /home/ylab/hibikino_toms_ws/install/smach_msgs/include/smach_msgs/smach_msgs/msg/smach_container_structure.hpp
[7.672s] -- Up-to-date symlink: /home/ylab/hibikino_toms_ws/install/smach_msgs/include/smach_msgs/smach_msgs/msg/detail/smach_container_initial_status_cmd__rosidl_typesupport_fastrtps_cpp.hpp
[7.672s] -- Up-to-date symlink: /home/ylab/hibikino_toms_ws/install/smach_msgs/include/smach_msgs/smach_msgs/msg/detail/smach_container_status__rosidl_typesupport_fastrtps_cpp.hpp
[7.672s] -- Up-to-date symlink: /home/ylab/hibikino_toms_ws/install/smach_msgs/include/smach_msgs/smach_msgs/msg/detail/smach_container_structure__rosidl_typesupport_fastrtps_cpp.hpp
[7.672s] -- Up-to-date symlink: /home/ylab/hibikino_toms_ws/install/smach_msgs/include/smach_msgs/smach_msgs/msg/rosidl_typesupport_fastrtps_cpp__visibility_control.h
[7.672s] -- Up-to-date symlink: /home/ylab/hibikino_toms_ws/install/smach_msgs/include/smach_msgs/smach_msgs/msg/detail/smach_container_initial_status_cmd__rosidl_typesupport_introspection_c.h
[7.672s] -- Up-to-date symlink: /home/ylab/hibikino_toms_ws/install/smach_msgs/include/smach_msgs/smach_msgs/msg/detail/smach_container_status__rosidl_typesupport_introspection_c.h
[7.672s] -- Up-to-date symlink: /home/ylab/hibikino_toms_ws/install/smach_msgs/include/smach_msgs/smach_msgs/msg/detail/smach_container_structure__rosidl_typesupport_introspection_c.h
[7.673s] -- Up-to-date symlink: /home/ylab/hibikino_toms_ws/install/smach_msgs/include/smach_msgs/smach_msgs/msg/rosidl_typesupport_introspection_c__visibility_control.h
[7.673s] -- Up-to-date symlink: /home/ylab/hibikino_toms_ws/install/smach_msgs/include/smach_msgs/smach_msgs/msg/detail/smach_container_initial_status_cmd__rosidl_typesupport_introspection_cpp.hpp
[7.673s] -- Up-to-date symlink: /home/ylab/hibikino_toms_ws/install/smach_msgs/include/smach_msgs/smach_msgs/msg/detail/smach_container_status__rosidl_typesupport_introspection_cpp.hpp
[7.673s] -- Up-to-date symlink: /home/ylab/hibikino_toms_ws/install/smach_msgs/include/smach_msgs/smach_msgs/msg/detail/smach_container_structure__rosidl_typesupport_introspection_cpp.hpp
[7.673s] -- Up-to-date symlink: /home/ylab/hibikino_toms_ws/install/smach_msgs/share/smach_msgs/environment/pythonpath.sh
[7.673s] -- Up-to-date symlink: /home/ylab/hibikino_toms_ws/install/smach_msgs/share/smach_msgs/environment/pythonpath.dsv
[7.673s] -- Up-to-date symlink: /home/ylab/hibikino_toms_ws/install/smach_msgs/local/lib/python3.10/dist-packages/smach_msgs-2.0.1-py3.10.egg-info/PKG-INFO
[7.674s] -- Up-to-date symlink: /home/ylab/hibikino_toms_ws/install/smach_msgs/local/lib/python3.10/dist-packages/smach_msgs-2.0.1-py3.10.egg-info/SOURCES.txt
[7.674s] -- Up-to-date symlink: /home/ylab/hibikino_toms_ws/install/smach_msgs/local/lib/python3.10/dist-packages/smach_msgs-2.0.1-py3.10.egg-info/dependency_links.txt
[7.674s] -- Up-to-date symlink: /home/ylab/hibikino_toms_ws/install/smach_msgs/local/lib/python3.10/dist-packages/smach_msgs-2.0.1-py3.10.egg-info/top_level.txt
[7.674s] -- Up-to-date symlink: /home/ylab/hibikino_toms_ws/install/smach_msgs/local/lib/python3.10/dist-packages/smach_msgs/__init__.py
[7.674s] -- Up-to-date symlink: /home/ylab/hibikino_toms_ws/install/smach_msgs/local/lib/python3.10/dist-packages/smach_msgs/_smach_msgs_s.ep.rosidl_typesupport_c.c
[7.674s] -- Up-to-date symlink: /home/ylab/hibikino_toms_ws/install/smach_msgs/local/lib/python3.10/dist-packages/smach_msgs/_smach_msgs_s.ep.rosidl_typesupport_fastrtps_c.c
[7.674s] -- Up-to-date symlink: /home/ylab/hibikino_toms_ws/install/smach_msgs/local/lib/python3.10/dist-packages/smach_msgs/_smach_msgs_s.ep.rosidl_typesupport_introspection_c.c
[7.674s] -- Up-to-date symlink: /home/ylab/hibikino_toms_ws/install/smach_msgs/local/lib/python3.10/dist-packages/smach_msgs/libsmach_msgs__rosidl_generator_py.so
[7.675s] -- Up-to-date symlink: /home/ylab/hibikino_toms_ws/install/smach_msgs/local/lib/python3.10/dist-packages/smach_msgs/msg/__init__.py
[7.675s] -- Up-to-date symlink: /home/ylab/hibikino_toms_ws/install/smach_msgs/local/lib/python3.10/dist-packages/smach_msgs/msg/_smach_container_initial_status_cmd.py
[7.675s] -- Up-to-date symlink: /home/ylab/hibikino_toms_ws/install/smach_msgs/local/lib/python3.10/dist-packages/smach_msgs/msg/_smach_container_initial_status_cmd_s.c
[7.675s] -- Up-to-date symlink: /home/ylab/hibikino_toms_ws/install/smach_msgs/local/lib/python3.10/dist-packages/smach_msgs/msg/_smach_container_status.py
[7.675s] -- Up-to-date symlink: /home/ylab/hibikino_toms_ws/install/smach_msgs/local/lib/python3.10/dist-packages/smach_msgs/msg/_smach_container_status_s.c
[7.675s] -- Up-to-date symlink: /home/ylab/hibikino_toms_ws/install/smach_msgs/local/lib/python3.10/dist-packages/smach_msgs/msg/_smach_container_structure.py
[7.675s] -- Up-to-date symlink: /home/ylab/hibikino_toms_ws/install/smach_msgs/local/lib/python3.10/dist-packages/smach_msgs/msg/_smach_container_structure_s.c
[7.675s] -- Up-to-date symlink: /home/ylab/hibikino_toms_ws/install/smach_msgs/local/lib/python3.10/dist-packages/smach_msgs/smach_msgs_s__rosidl_typesupport_c.cpython-310-aarch64-linux-gnu.so
[7.676s] -- Up-to-date symlink: /home/ylab/hibikino_toms_ws/install/smach_msgs/local/lib/python3.10/dist-packages/smach_msgs/smach_msgs_s__rosidl_typesupport_fastrtps_c.cpython-310-aarch64-linux-gnu.so
[7.676s] -- Up-to-date symlink: /home/ylab/hibikino_toms_ws/install/smach_msgs/local/lib/python3.10/dist-packages/smach_msgs/smach_msgs_s__rosidl_typesupport_introspection_c.cpython-310-aarch64-linux-gnu.so
[7.676s] -- Up-to-date symlink: /home/ylab/hibikino_toms_ws/install/smach_msgs/local/lib/python3.10/dist-packages/smach_msgs/smach_msgs_s__rosidl_typesupport_fastrtps_c.cpython-310-aarch64-linux-gnu.so
[7.676s] -- Up-to-date symlink: /home/ylab/hibikino_toms_ws/install/smach_msgs/local/lib/python3.10/dist-packages/smach_msgs/smach_msgs_s__rosidl_typesupport_introspection_c.cpython-310-aarch64-linux-gnu.so
[7.676s] -- Up-to-date symlink: /home/ylab/hibikino_toms_ws/install/smach_msgs/local/lib/python3.10/dist-packages/smach_msgs/smach_msgs_s__rosidl_typesupport_c.cpython-310-aarch64-linux-gnu.so
[7.676s] -- Up-to-date symlink: /home/ylab/hibikino_toms_ws/install/smach_msgs/share/smach_msgs/msg/SmachContainerInitialStatusCmd.idl
[7.676s] -- Up-to-date symlink: /home/ylab/hibikino_toms_ws/install/smach_msgs/share/smach_msgs/msg/SmachContainerStructure.idl
[7.677s] -- Up-to-date symlink: /home/ylab/hibikino_toms_ws/install/smach_msgs/share/smach_msgs/msg/SmachContainerStatus.idl
[7.677s] -- Up-to-date symlink: /home/ylab/hibikino_toms_ws/install/smach_msgs/share/smach_msgs/msg/SmachContainerInitialStatusCmd.msg
[7.677s] -- Up-to-date symlink: /home/ylab/hibikino_toms_ws/install/smach_msgs/share/smach_msgs/msg/SmachContainerStructure.msg
[7.677s] -- Up-to-date symlink: /home/ylab/hibikino_toms_ws/install/smach_msgs/share/smach_msgs/msg/SmachContainerStatus.msg
[7.677s] -- Up-to-date symlink: /home/ylab/hibikino_toms_ws/install/smach_msgs/share/ament_index/resource_index/package_run_dependencies/smach_msgs
[7.677s] -- Up-to-date symlink: /home/ylab/hibikino_toms_ws/install/smach_msgs/share/ament_index/resource_index/parent_prefix_path/smach_msgs
[7.677s] -- Up-to-date symlink: /home/ylab/hibikino_toms_ws/install/smach_msgs/share/smach_msgs/environment/ament_prefix_path.sh
[7.677s] -- Up-to-date symlink: /home/ylab/hibikino_toms_ws/install/smach_msgs/share/smach_msgs/environment/ament_prefix_path.dsv
[7.678s] -- Up-to-date symlink: /home/ylab/hibikino_toms_ws/install/smach_msgs/share/smach_msgs/environment/path.sh
[7.678s] -- Up-to-date symlink: /home/ylab/hibikino_toms_ws/install/smach_msgs/share/smach_msgs/environment/path.dsv
[7.678s] -- Up-to-date symlink: /home/ylab/hibikino_toms_ws/install/smach_msgs/share/smach_msgs/local_setup.bash
[7.678s] -- Up-to-date symlink: /home/ylab/hibikino_toms_ws/install/smach_msgs/share/smach_msgs/local_setup.sh
[7.678s] -- Up-to-date symlink: /home/ylab/hibikino_toms_ws/install/smach_msgs/share/smach_msgs/local_setup.zsh
[7.678s] -- Up-to-date symlink: /home/ylab/hibikino_toms_ws/install/smach_msgs/share/smach_msgs/local_setup.dsv
[7.678s] -- Symlinking: /home/ylab/hibikino_toms_ws/install/smach_msgs/share/smach_msgs/package.dsv
[7.700s] -- Up-to-date symlink: /home/ylab/hibikino_toms_ws/install/smach_msgs/share/ament_index/resource_index/packages/smach_msgs
[7.701s] -- Up-to-date symlink: /home/ylab/hibikino_toms_ws/install/smach_msgs/share/smach_msgs/cmake/rosidl_cmake-extras.cmake
[7.701s] -- Up-to-date symlink: /home/ylab/hibikino_toms_ws/install/smach_msgs/share/smach_msgs/cmake/ament_cmake_export_dependencies-extras.cmake
[7.708s] -- Up-to-date symlink: /home/ylab/hibikino_toms_ws/install/smach_msgs/share/smach_msgs/cmake/ament_cmake_export_include_directories-extras.cmake
[7.711s] -- Up-to-date symlink: /home/ylab/hibikino_toms_ws/install/smach_msgs/share/smach_msgs/cmake/ament_cmake_export_libraries-extras.cmake
[7.711s] -- Up-to-date symlink: /home/ylab/hibikino_toms_ws/install/smach_msgs/share/smach_msgs/cmake/ament_cmake_export_targets-extras.cmake
[7.711s] -- Up-to-date symlink: /home/ylab/hibikino_toms_ws/install/smach_msgs/share/smach_msgs/cmake/rosidl_cmake_export_typesupport_targets-extras.cmake
[7.711s] -- Up-to-date symlink: /home/ylab/hibikino_toms_ws/install/smach_msgs/share/smach_msgs/cmake/rosidl_cmake_export_typesupport_libraries-extras.cmake
[7.712s] -- Up-to-date symlink: /home/ylab/hibikino_toms_ws/install/smach_msgs/share/smach_msgs/cmake/smach_msgsConfig.cmake
[7.712s] -- Up-to-date symlink: /home/ylab/hibikino_toms_ws/install/smach_msgs/share/smach_msgs/cmake/smach_msgsConfig-version.cmake
[7.712s] -- Up-to-date symlink: /home/ylab/hibikino_toms_ws/install/smach_msgs/share/smach_msgs/package.xml
[7.712s] -- Up-to-date: /home/ylab/hibikino_toms_ws/install/smach_msgs/lib/libsmach_msgs__rosidl_generator_c.so
[7.712s] -- Installing: /home/ylab/hibikino_toms_ws/install/smach_msgs/lib/libsmach_msgs__rosidl_typesupport_fastrtps_c.so
[7.712s] -- Set runtime path of "/home/ylab/hibikino_toms_ws/install/smach_msgs/lib/libsmach_msgs__rosidl_typesupport_fastrtps_c.so" to ""
[7.712s] -- Installing: /home/ylab/hibikino_toms_ws/install/smach_msgs/lib/libsmach_msgs__rosidl_typesupport_fastrtps_cpp.so
[7.713s] -- Set runtime path of "/home/ylab/hibikino_toms_ws/install/smach_msgs/lib/libsmach_msgs__rosidl_typesupport_fastrtps_cpp.so" to ""
[7.724s] -- Up-to-date: /home/ylab/hibikino_toms_ws/install/smach_msgs/lib/libsmach_msgs__rosidl_typesupport_introspection_c.so
[7.724s] -- Up-to-date: /home/ylab/hibikino_toms_ws/install/smach_msgs/lib/libsmach_msgs__rosidl_typesupport_c.so
[7.725s] -- Installing: /home/ylab/hibikino_toms_ws/install/smach_msgs/lib/libsmach_msgs__rosidl_typesupport_introspection_cpp.so
[7.725s] -- Set runtime path of "/home/ylab/hibikino_toms_ws/install/smach_msgs/lib/libsmach_msgs__rosidl_typesupport_introspection_cpp.so" to ""
[7.725s] -- Installing: /home/ylab/hibikino_toms_ws/install/smach_msgs/lib/libsmach_msgs__rosidl_typesupport_cpp.so
[7.725s] -- Set runtime path of "/home/ylab/hibikino_toms_ws/install/smach_msgs/lib/libsmach_msgs__rosidl_typesupport_cpp.so" to ""
[7.838s] Listing '/home/ylab/hibikino_toms_ws/install/smach_msgs/local/lib/python3.10/dist-packages/smach_msgs'...
[7.839s] Listing '/home/ylab/hibikino_toms_ws/install/smach_msgs/local/lib/python3.10/dist-packages/smach_msgs/msg'...
[7.854s] -- Installing: /home/ylab/hibikino_toms_ws/install/smach_msgs/lib/libsmach_msgs__rosidl_generator_py.so
[7.854s] -- Set runtime path of "/home/ylab/hibikino_toms_ws/install/smach_msgs/lib/libsmach_msgs__rosidl_generator_py.so" to ""
[7.855s] -- Up-to-date: /home/ylab/hibikino_toms_ws/install/smach_msgs/share/smach_msgs/cmake/export_smach_msgs__rosidl_generator_cExport.cmake
[7.855s] -- Up-to-date: /home/ylab/hibikino_toms_ws/install/smach_msgs/share/smach_msgs/cmake/export_smach_msgs__rosidl_generator_cExport-noconfig.cmake
[7.856s] -- Up-to-date: /home/ylab/hibikino_toms_ws/install/smach_msgs/share/smach_msgs/cmake/export_smach_msgs__rosidl_typesupport_fastrtps_cExport.cmake
[7.856s] -- Up-to-date: /home/ylab/hibikino_toms_ws/install/smach_msgs/share/smach_msgs/cmake/export_smach_msgs__rosidl_typesupport_fastrtps_cExport-noconfig.cmake
[7.857s] -- Up-to-date: /home/ylab/hibikino_toms_ws/install/smach_msgs/share/smach_msgs/cmake/export_smach_msgs__rosidl_generator_cppExport.cmake
[7.857s] -- Up-to-date: /home/ylab/hibikino_toms_ws/install/smach_msgs/share/smach_msgs/cmake/export_smach_msgs__rosidl_typesupport_fastrtps_cppExport.cmake
[7.857s] -- Up-to-date: /home/ylab/hibikino_toms_ws/install/smach_msgs/share/smach_msgs/cmake/export_smach_msgs__rosidl_typesupport_fastrtps_cppExport-noconfig.cmake
[7.858s] -- Up-to-date: /home/ylab/hibikino_toms_ws/install/smach_msgs/share/smach_msgs/cmake/smach_msgs__rosidl_typesupport_introspection_cExport.cmake
[7.858s] -- Up-to-date: /home/ylab/hibikino_toms_ws/install/smach_msgs/share/smach_msgs/cmake/smach_msgs__rosidl_typesupport_introspection_cExport-noconfig.cmake
[7.859s] -- Up-to-date: /home/ylab/hibikino_toms_ws/install/smach_msgs/share/smach_msgs/cmake/smach_msgs__rosidl_typesupport_cExport.cmake
[7.859s] -- Up-to-date: /home/ylab/hibikino_toms_ws/install/smach_msgs/share/smach_msgs/cmake/smach_msgs__rosidl_typesupport_cExport-noconfig.cmake
[7.859s] -- Up-to-date: /home/ylab/hibikino_toms_ws/install/smach_msgs/share/smach_msgs/cmake/smach_msgs__rosidl_typesupport_introspection_cppExport.cmake
[7.859s] -- Up-to-date: /home/ylab/hibikino_toms_ws/install/smach_msgs/share/smach_msgs/cmake/smach_msgs__rosidl_typesupport_introspection_cppExport-noconfig.cmake
[7.860s] -- Up-to-date: /home/ylab/hibikino_toms_ws/install/smach_msgs/share/smach_msgs/cmake/smach_msgs__rosidl_typesupport_cppExport.cmake
[7.860s] -- Up-to-date: /home/ylab/hibikino_toms_ws/install/smach_msgs/share/smach_msgs/cmake/smach_msgs__rosidl_typesupport_cppExport-noconfig.cmake
[7.860s] -- Up-to-date: /home/ylab/hibikino_toms_ws/install/smach_msgs/share/smach_msgs/cmake/export_smach_msgs__rosidl_generator_pyExport.cmake
[7.860s] -- Up-to-date: /home/ylab/hibikino_toms_ws/install/smach_msgs/share/smach_msgs/cmake/export_smach_msgs__rosidl_generator_pyExport-noconfig.cmake
[7.876s] Invoked command in '/home/ylab/hibikino_toms_ws/build/smach_msgs' returned '0': CMAKE_PREFIX_PATH=${CMAKE_PREFIX_PATH}:/home/ylab/hibikino_toms_ws/install/vision_pkg:/home/ylab/hibikino_toms_ws/install/behavior_planner:/home/ylab/hibikino_toms_ws/install/smach_ros:/home/ylab/hibikino_toms_ws/install/smach:/home/ylab/hibikino_toms_ws/install/harvest_task_pkg:/home/ylab/hibikino_toms_ws/install/end_effector_pkg:/home/ylab/hibikino_toms_ws/install/cart_module_ros2:/home/ylab/hibikino_toms_ws/install/cart_controller_pkg:/home/ylab/hibikino_toms_ws/install/arm_controller_pkg:/home/ylab/ws/install/opencv_tests:/opt/ros/humble /usr/bin/cmake --install /home/ylab/hibikino_toms_ws/build/smach_msgs
