Built target ament_cmake_python_symlink_smach_viewer
running egg_info
writing smach_viewer.egg-info/PKG-INFO
writing dependency_links to smach_viewer.egg-info/dependency_links.txt
writing top-level names to smach_viewer.egg-info/top_level.txt
reading manifest file 'smach_viewer.egg-info/SOURCES.txt'
writing manifest file 'smach_viewer.egg-info/SOURCES.txt'
Built target ament_cmake_python_build_smach_viewer_egg
-- Install configuration: ""
-- Execute custom install script
-- Up-to-date symlink: /home/ylab/hibikino_toms_ws/install/smach_viewer/share/smach_viewer/environment/pythonpath.sh
-- Up-to-date symlink: /home/ylab/hibikino_toms_ws/install/smach_viewer/share/smach_viewer/environment/pythonpath.dsv
-- Up-to-date symlink: /home/ylab/hibikino_toms_ws/install/smach_viewer/local/lib/python3.10/dist-packages/smach_viewer-3.0.1-py3.10.egg-info/PKG-INFO
-- Up-to-date symlink: /home/ylab/hibikino_toms_ws/install/smach_viewer/local/lib/python3.10/dist-packages/smach_viewer-3.0.1-py3.10.egg-info/SOURCES.txt
-- Up-to-date symlink: /home/ylab/hibikino_toms_ws/install/smach_viewer/local/lib/python3.10/dist-packages/smach_viewer-3.0.1-py3.10.egg-info/dependency_links.txt
-- Up-to-date symlink: /home/ylab/hibikino_toms_ws/install/smach_viewer/local/lib/python3.10/dist-packages/smach_viewer-3.0.1-py3.10.egg-info/top_level.txt
-- Up-to-date symlink: /home/ylab/hibikino_toms_ws/install/smach_viewer/local/lib/python3.10/dist-packages/smach_viewer/__init__.py
-- Up-to-date symlink: /home/ylab/hibikino_toms_ws/install/smach_viewer/local/lib/python3.10/dist-packages/smach_viewer/smach_viewer_gui.py
-- Up-to-date symlink: /home/ylab/hibikino_toms_ws/install/smach_viewer/local/lib/python3.10/dist-packages/smach_viewer/xdot/wxxdot.py
-- Up-to-date symlink: /home/ylab/hibikino_toms_ws/install/smach_viewer/local/lib/python3.10/dist-packages/smach_viewer/xdot/xdot.py
-- Up-to-date symlink: /home/ylab/hibikino_toms_ws/install/smach_viewer/local/lib/python3.10/dist-packages/smach_viewer/xdot/xdot_qt.py
-- Up-to-date symlink: /home/ylab/hibikino_toms_ws/install/smach_viewer/lib/smach_viewer/smach_viewer_gui.py
-- Up-to-date symlink: /home/ylab/hibikino_toms_ws/install/smach_viewer/share/ament_index/resource_index/package_run_dependencies/smach_viewer
-- Up-to-date symlink: /home/ylab/hibikino_toms_ws/install/smach_viewer/share/ament_index/resource_index/parent_prefix_path/smach_viewer
-- Up-to-date symlink: /home/ylab/hibikino_toms_ws/install/smach_viewer/share/smach_viewer/environment/ament_prefix_path.sh
-- Up-to-date symlink: /home/ylab/hibikino_toms_ws/install/smach_viewer/share/smach_viewer/environment/ament_prefix_path.dsv
-- Up-to-date symlink: /home/ylab/hibikino_toms_ws/install/smach_viewer/share/smach_viewer/environment/path.sh
-- Up-to-date symlink: /home/ylab/hibikino_toms_ws/install/smach_viewer/share/smach_viewer/environment/path.dsv
-- Up-to-date symlink: /home/ylab/hibikino_toms_ws/install/smach_viewer/share/smach_viewer/local_setup.bash
-- Up-to-date symlink: /home/ylab/hibikino_toms_ws/install/smach_viewer/share/smach_viewer/local_setup.sh
-- Up-to-date symlink: /home/ylab/hibikino_toms_ws/install/smach_viewer/share/smach_viewer/local_setup.zsh
-- Up-to-date symlink: /home/ylab/hibikino_toms_ws/install/smach_viewer/share/smach_viewer/local_setup.dsv
-- Symlinking: /home/ylab/hibikino_toms_ws/install/smach_viewer/share/smach_viewer/package.dsv
-- Up-to-date symlink: /home/ylab/hibikino_toms_ws/install/smach_viewer/share/ament_index/resource_index/packages/smach_viewer
-- Up-to-date symlink: /home/ylab/hibikino_toms_ws/install/smach_viewer/share/smach_viewer/cmake/ament_cmake_export_dependencies-extras.cmake
-- Up-to-date symlink: /home/ylab/hibikino_toms_ws/install/smach_viewer/share/smach_viewer/cmake/smach_viewerConfig.cmake
-- Up-to-date symlink: /home/ylab/hibikino_toms_ws/install/smach_viewer/share/smach_viewer/cmake/smach_viewerConfig-version.cmake
-- Up-to-date symlink: /home/ylab/hibikino_toms_ws/install/smach_viewer/share/smach_viewer/package.xml
Listing '/home/ylab/hibikino_toms_ws/install/smach_viewer/local/lib/python3.10/dist-packages/smach_viewer'...
Listing '/home/ylab/hibikino_toms_ws/install/smach_viewer/local/lib/python3.10/dist-packages/smach_viewer/xdot'...
