[3.801s] Invoking command in '/home/ylab/hibikino_toms_ws/build/toms_msg': CMAKE_PREFIX_PATH=${CMAKE_PREFIX_PATH}:/home/ylab/hibikino_toms_ws/install/vision_pkg:/home/ylab/hibikino_toms_ws/install/behavior_planner:/home/ylab/hibikino_toms_ws/install/smach_ros:/home/ylab/hibikino_toms_ws/install/smach:/home/ylab/hibikino_toms_ws/install/harvest_task_pkg:/home/ylab/hibikino_toms_ws/install/end_effector_pkg:/home/ylab/hibikino_toms_ws/install/cart_module_ros2:/home/ylab/hibikino_toms_ws/install/cart_controller_pkg:/home/ylab/hibikino_toms_ws/install/arm_controller_pkg:/home/ylab/ws/install/opencv_tests:/opt/ros/humble /usr/bin/cmake --build /home/ylab/hibikino_toms_ws/build/toms_msg -- -j12 -l12
[3.930s] -- Found ament_cmake: 1.3.11 (/opt/ros/humble/share/ament_cmake/cmake)
[4.270s] -- Override CMake install command with custom implementation using symlinks instead of copying resources
[4.301s] -- Found builtin_interfaces: 1.2.1 (/opt/ros/humble/share/builtin_interfaces/cmake)
[4.360s] -- Found rosidl_generator_c: 3.1.6 (/opt/ros/humble/share/rosidl_generator_c/cmake)
[4.366s] -- Found rosidl_adapter: 3.1.6 (/opt/ros/humble/share/rosidl_adapter/cmake)
[4.381s] -- Found rosidl_generator_cpp: 3.1.6 (/opt/ros/humble/share/rosidl_generator_cpp/cmake)
[4.404s] -- Using all available rosidl_typesupport_c: rosidl_typesupport_fastrtps_c;rosidl_typesupport_introspection_c
[4.433s] -- Using all available rosidl_typesupport_cpp: rosidl_typesupport_fastrtps_cpp;rosidl_typesupport_introspection_cpp
[4.460s] -- Found std_msgs: 4.8.0 (/opt/ros/humble/share/std_msgs/cmake)
[4.485s] -- Found rosidl_default_generators: 1.2.0 (/opt/ros/humble/share/rosidl_default_generators/cmake)
[5.376s] -- Found ament_cmake_ros: 0.10.0 (/opt/ros/humble/share/ament_cmake_ros/cmake)
[6.346s] -- Using all available rosidl_typesupport_c: rosidl_typesupport_fastrtps_c;rosidl_typesupport_introspection_c
[6.723s] -- Using all available rosidl_typesupport_cpp: rosidl_typesupport_fastrtps_cpp;rosidl_typesupport_introspection_cpp
[6.789s] -- Found python_cmake_module: 0.10.0 (/opt/ros/humble/share/python_cmake_module/cmake)
[6.854s] -- Using PYTHON_EXECUTABLE: /usr/bin/python3
[6.854s] -- Using PYTHON_INCLUDE_DIRS: /usr/include/python3.10
[6.854s] -- Using PYTHON_LIBRARIES: /usr/lib/aarch64-linux-gnu/libpython3.10.so
[6.962s] -- Configuring done
[7.096s] -- Generating done
[7.123s] -- Build files have been written to: /home/ylab/hibikino_toms_ws/build/toms_msg
[7.194s] [  1%] [34m[1mGenerating C code for ROS interfaces[0m
[7.223s] [  2%] [34m[1mGenerating C++ code for ROS interfaces[0m
[7.238s] [  2%] Built target ament_cmake_python_symlink_toms_msg
[7.905s] running egg_info
[7.906s] writing toms_msg.egg-info/PKG-INFO
[7.907s] writing dependency_links to toms_msg.egg-info/dependency_links.txt
[7.907s] writing top-level names to toms_msg.egg-info/top_level.txt
[7.913s] reading manifest file 'toms_msg.egg-info/SOURCES.txt'
[7.914s] writing manifest file 'toms_msg.egg-info/SOURCES.txt'
[7.992s] [  2%] Built target ament_cmake_python_build_toms_msg_egg
[9.027s] [  2%] Built target toms_msg__cpp
[9.052s] [  3%] [34m[1mGenerating C++ type support for eProsima Fast-RTPS[0m
[9.055s] [  4%] [34m[1mGenerating C++ type support dispatch for ROS interfaces[0m
[9.068s] [  5%] [34m[1mGenerating C++ introspection for ROS interfaces[0m
[9.142s] [35m[1mConsolidate compiler generated dependencies of target toms_msg__rosidl_generator_c[0m
[9.182s] [  8%] [32mBuilding C object CMakeFiles/toms_msg__rosidl_generator_c.dir/rosidl_generator_c/toms_msg/srv/detail/crawler_service__functions.c.o[0m
[9.183s] [  8%] [32mBuilding C object CMakeFiles/toms_msg__rosidl_generator_c.dir/rosidl_generator_c/toms_msg/srv/detail/vision_service__functions.c.o[0m
[9.184s] [  8%] [32mBuilding C object CMakeFiles/toms_msg__rosidl_generator_c.dir/rosidl_generator_c/toms_msg/srv/detail/rail_service__functions.c.o[0m
[9.185s] [ 11%] [32mBuilding C object CMakeFiles/toms_msg__rosidl_generator_c.dir/rosidl_generator_c/toms_msg/srv/detail/cart_service__functions.c.o[0m
[9.185s] [ 12%] [32mBuilding C object CMakeFiles/toms_msg__rosidl_generator_c.dir/rosidl_generator_c/toms_msg/srv/detail/arm_service__functions.c.o[0m
[9.187s] [ 12%] [32mBuilding C object CMakeFiles/toms_msg__rosidl_generator_c.dir/rosidl_generator_c/toms_msg/msg/detail/tomato_data__functions.c.o[0m
[9.188s] [ 11%] [32mBuilding C object CMakeFiles/toms_msg__rosidl_generator_c.dir/rosidl_generator_c/toms_msg/srv/detail/end_effector_service__functions.c.o[0m
[9.192s] [ 13%] [32mBuilding C object CMakeFiles/toms_msg__rosidl_generator_c.dir/rosidl_generator_c/toms_msg/srv/detail/suction_command__functions.c.o[0m
[9.195s] [ 14%] [32mBuilding C object CMakeFiles/toms_msg__rosidl_generator_c.dir/rosidl_generator_c/toms_msg/msg/detail/tomato_pos__functions.c.o[0m
[9.423s] [ 15%] [32m[1mLinking C shared library libtoms_msg__rosidl_generator_c.so[0m
[9.522s] [ 15%] Built target toms_msg__rosidl_generator_c
[9.548s] [ 18%] [34m[1mGenerating C introspection for ROS interfaces[0m
[9.548s] [ 18%] [34m[1mGenerating C type support for eProsima Fast-RTPS[0m
[9.549s] [ 18%] [34m[1mGenerating C type support dispatch for ROS interfaces[0m
[10.261s] [35m[1mConsolidate compiler generated dependencies of target toms_msg__rosidl_typesupport_cpp[0m
[10.308s] [ 20%] [32mBuilding CXX object CMakeFiles/toms_msg__rosidl_typesupport_cpp.dir/rosidl_typesupport_cpp/toms_msg/msg/tomato_pos__type_support.cpp.o[0m
[10.308s] [ 21%] [32mBuilding CXX object CMakeFiles/toms_msg__rosidl_typesupport_cpp.dir/rosidl_typesupport_cpp/toms_msg/srv/crawler_service__type_support.cpp.o[0m
[10.318s] [ 22%] [32mBuilding CXX object CMakeFiles/toms_msg__rosidl_typesupport_cpp.dir/rosidl_typesupport_cpp/toms_msg/srv/vision_service__type_support.cpp.o[0m
[10.324s] [ 23%] [32mBuilding CXX object CMakeFiles/toms_msg__rosidl_typesupport_cpp.dir/rosidl_typesupport_cpp/toms_msg/msg/tomato_data__type_support.cpp.o[0m
[10.330s] [ 24%] [32mBuilding CXX object CMakeFiles/toms_msg__rosidl_typesupport_cpp.dir/rosidl_typesupport_cpp/toms_msg/srv/arm_service__type_support.cpp.o[0m
[10.330s] [ 25%] [32mBuilding CXX object CMakeFiles/toms_msg__rosidl_typesupport_cpp.dir/rosidl_typesupport_cpp/toms_msg/srv/rail_service__type_support.cpp.o[0m
[10.335s] [ 26%] [32mBuilding CXX object CMakeFiles/toms_msg__rosidl_typesupport_cpp.dir/rosidl_typesupport_cpp/toms_msg/srv/end_effector_service__type_support.cpp.o[0m
[11.102s] [ 27%] [32mBuilding CXX object CMakeFiles/toms_msg__rosidl_typesupport_cpp.dir/rosidl_typesupport_cpp/toms_msg/srv/suction_command__type_support.cpp.o[0m
[11.129s] [35m[1mConsolidate compiler generated dependencies of target toms_msg__rosidl_typesupport_introspection_cpp[0m
[11.136s] [ 28%] [32mBuilding CXX object CMakeFiles/toms_msg__rosidl_typesupport_cpp.dir/rosidl_typesupport_cpp/toms_msg/srv/cart_service__type_support.cpp.o[0m
[11.157s] [35m[1mConsolidate compiler generated dependencies of target toms_msg__rosidl_typesupport_c[0m
[11.189s] [ 29%] [32mBuilding CXX object CMakeFiles/toms_msg__rosidl_typesupport_c.dir/rosidl_typesupport_c/toms_msg/msg/tomato_pos__type_support.cpp.o[0m
[11.191s] [ 30%] [32mBuilding CXX object CMakeFiles/toms_msg__rosidl_typesupport_c.dir/rosidl_typesupport_c/toms_msg/msg/tomato_data__type_support.cpp.o[0m
[11.196s] [ 31%] [32mBuilding CXX object CMakeFiles/toms_msg__rosidl_typesupport_c.dir/rosidl_typesupport_c/toms_msg/srv/vision_service__type_support.cpp.o[0m
[11.209s] [ 33%] [32mBuilding CXX object CMakeFiles/toms_msg__rosidl_typesupport_introspection_cpp.dir/rosidl_typesupport_introspection_cpp/toms_msg/msg/detail/tomato_data__type_support.cpp.o[0m
[11.214s] [ 33%] [32mBuilding CXX object CMakeFiles/toms_msg__rosidl_typesupport_introspection_cpp.dir/rosidl_typesupport_introspection_cpp/toms_msg/msg/detail/tomato_pos__type_support.cpp.o[0m
[11.218s] [ 34%] [32mBuilding CXX object CMakeFiles/toms_msg__rosidl_typesupport_introspection_cpp.dir/rosidl_typesupport_introspection_cpp/toms_msg/srv/detail/vision_service__type_support.cpp.o[0m
[11.227s] [35m[1mConsolidate compiler generated dependencies of target toms_msg__rosidl_typesupport_fastrtps_cpp[0m
[11.298s] [ 35%] [32mBuilding CXX object CMakeFiles/toms_msg__rosidl_typesupport_c.dir/rosidl_typesupport_c/toms_msg/srv/crawler_service__type_support.cpp.o[0m
[11.308s] [ 36%] [32mBuilding CXX object CMakeFiles/toms_msg__rosidl_typesupport_c.dir/rosidl_typesupport_c/toms_msg/srv/rail_service__type_support.cpp.o[0m
[11.318s] [ 37%] [32mBuilding CXX object CMakeFiles/toms_msg__rosidl_typesupport_fastrtps_cpp.dir/rosidl_typesupport_fastrtps_cpp/toms_msg/msg/detail/dds_fastrtps/tomato_pos__type_support.cpp.o[0m
[11.322s] [35m[1mConsolidate compiler generated dependencies of target toms_msg__rosidl_typesupport_introspection_c[0m
[11.367s] [ 38%] [32mBuilding CXX object CMakeFiles/toms_msg__rosidl_typesupport_introspection_cpp.dir/rosidl_typesupport_introspection_cpp/toms_msg/srv/detail/crawler_service__type_support.cpp.o[0m
[11.369s] [ 40%] [32mBuilding C object CMakeFiles/toms_msg__rosidl_typesupport_introspection_c.dir/rosidl_typesupport_introspection_c/toms_msg/msg/detail/tomato_pos__type_support.c.o[0m
[11.383s] [ 41%] [32mBuilding CXX object CMakeFiles/toms_msg__rosidl_typesupport_c.dir/rosidl_typesupport_c/toms_msg/srv/arm_service__type_support.cpp.o[0m
[11.394s] [35m[1mConsolidate compiler generated dependencies of target toms_msg__rosidl_typesupport_fastrtps_c[0m
[11.409s] [ 42%] [32mBuilding CXX object CMakeFiles/toms_msg__rosidl_typesupport_c.dir/rosidl_typesupport_c/toms_msg/srv/end_effector_service__type_support.cpp.o[0m
[11.465s] [ 43%] [32mBuilding CXX object CMakeFiles/toms_msg__rosidl_typesupport_fastrtps_cpp.dir/rosidl_typesupport_fastrtps_cpp/toms_msg/msg/detail/dds_fastrtps/tomato_data__type_support.cpp.o[0m
[11.469s] [ 44%] [32mBuilding C object CMakeFiles/toms_msg__rosidl_typesupport_introspection_c.dir/rosidl_typesupport_introspection_c/toms_msg/msg/detail/tomato_data__type_support.c.o[0m
[11.494s] [ 45%] [32mBuilding CXX object CMakeFiles/toms_msg__rosidl_typesupport_c.dir/rosidl_typesupport_c/toms_msg/srv/cart_service__type_support.cpp.o[0m
[11.510s] [ 46%] [32mBuilding CXX object CMakeFiles/toms_msg__rosidl_typesupport_c.dir/rosidl_typesupport_c/toms_msg/srv/suction_command__type_support.cpp.o[0m
[11.535s] [ 47%] [32mBuilding CXX object CMakeFiles/toms_msg__rosidl_typesupport_fastrtps_c.dir/rosidl_typesupport_fastrtps_c/toms_msg/msg/detail/tomato_pos__type_support_c.cpp.o[0m
[11.626s] [ 48%] [32mBuilding CXX object CMakeFiles/toms_msg__rosidl_typesupport_fastrtps_c.dir/rosidl_typesupport_fastrtps_c/toms_msg/msg/detail/tomato_data__type_support_c.cpp.o[0m
[11.656s] [ 49%] [32mBuilding C object CMakeFiles/toms_msg__rosidl_typesupport_introspection_c.dir/rosidl_typesupport_introspection_c/toms_msg/srv/detail/vision_service__type_support.c.o[0m
[11.665s] [ 50%] [32m[1mLinking CXX shared library libtoms_msg__rosidl_typesupport_c.so[0m
[11.791s] [ 51%] [32mBuilding C object CMakeFiles/toms_msg__rosidl_typesupport_introspection_c.dir/rosidl_typesupport_introspection_c/toms_msg/srv/detail/crawler_service__type_support.c.o[0m
[11.822s] [ 52%] [32mBuilding CXX object CMakeFiles/toms_msg__rosidl_typesupport_fastrtps_c.dir/rosidl_typesupport_fastrtps_c/toms_msg/srv/detail/vision_service__type_support_c.cpp.o[0m
[11.823s] [ 52%] Built target toms_msg__rosidl_typesupport_c
[11.846s] [ 53%] [32mBuilding C object CMakeFiles/toms_msg__rosidl_typesupport_introspection_c.dir/rosidl_typesupport_introspection_c/toms_msg/srv/detail/rail_service__type_support.c.o[0m
[11.968s] [ 54%] [32m[1mLinking CXX shared library libtoms_msg__rosidl_typesupport_cpp.so[0m
[12.001s] [ 55%] [32mBuilding CXX object CMakeFiles/toms_msg__rosidl_typesupport_fastrtps_c.dir/rosidl_typesupport_fastrtps_c/toms_msg/srv/detail/crawler_service__type_support_c.cpp.o[0m
[12.018s] [ 56%] [32mBuilding C object CMakeFiles/toms_msg__rosidl_typesupport_introspection_c.dir/rosidl_typesupport_introspection_c/toms_msg/srv/detail/arm_service__type_support.c.o[0m
[12.168s] [ 57%] [32mBuilding C object CMakeFiles/toms_msg__rosidl_typesupport_introspection_c.dir/rosidl_typesupport_introspection_c/toms_msg/srv/detail/end_effector_service__type_support.c.o[0m
[12.226s] [ 57%] Built target toms_msg__rosidl_typesupport_cpp
[12.264s] [ 58%] [32mBuilding CXX object CMakeFiles/toms_msg__rosidl_typesupport_fastrtps_c.dir/rosidl_typesupport_fastrtps_c/toms_msg/srv/detail/arm_service__type_support_c.cpp.o[0m
[12.276s] [ 60%] [32mBuilding CXX object CMakeFiles/toms_msg__rosidl_typesupport_fastrtps_c.dir/rosidl_typesupport_fastrtps_c/toms_msg/srv/detail/rail_service__type_support_c.cpp.o[0m
[12.332s] [ 61%] [32mBuilding CXX object CMakeFiles/toms_msg__rosidl_typesupport_introspection_cpp.dir/rosidl_typesupport_introspection_cpp/toms_msg/srv/detail/rail_service__type_support.cpp.o[0m
[12.357s] [ 62%] [32mBuilding C object CMakeFiles/toms_msg__rosidl_typesupport_introspection_c.dir/rosidl_typesupport_introspection_c/toms_msg/srv/detail/suction_command__type_support.c.o[0m
[12.401s] [ 63%] [32mBuilding CXX object CMakeFiles/toms_msg__rosidl_typesupport_introspection_cpp.dir/rosidl_typesupport_introspection_cpp/toms_msg/srv/detail/arm_service__type_support.cpp.o[0m
[12.441s] [ 64%] [32mBuilding CXX object CMakeFiles/toms_msg__rosidl_typesupport_fastrtps_cpp.dir/rosidl_typesupport_fastrtps_cpp/toms_msg/srv/detail/dds_fastrtps/vision_service__type_support.cpp.o[0m
[12.455s] [ 65%] [32mBuilding C object CMakeFiles/toms_msg__rosidl_typesupport_introspection_c.dir/rosidl_typesupport_introspection_c/toms_msg/srv/detail/cart_service__type_support.c.o[0m
[12.514s] [ 66%] [32mBuilding CXX object CMakeFiles/toms_msg__rosidl_typesupport_introspection_cpp.dir/rosidl_typesupport_introspection_cpp/toms_msg/srv/detail/end_effector_service__type_support.cpp.o[0m
[12.540s] [ 67%] [32mBuilding CXX object CMakeFiles/toms_msg__rosidl_typesupport_fastrtps_cpp.dir/rosidl_typesupport_fastrtps_cpp/toms_msg/srv/detail/dds_fastrtps/crawler_service__type_support.cpp.o[0m
[12.563s] [ 68%] [32mBuilding CXX object CMakeFiles/toms_msg__rosidl_typesupport_fastrtps_c.dir/rosidl_typesupport_fastrtps_c/toms_msg/srv/detail/end_effector_service__type_support_c.cpp.o[0m
[12.590s] [ 69%] [32mBuilding CXX object CMakeFiles/toms_msg__rosidl_typesupport_fastrtps_c.dir/rosidl_typesupport_fastrtps_c/toms_msg/srv/detail/suction_command__type_support_c.cpp.o[0m
[12.604s] [ 70%] [32m[1mLinking C shared library libtoms_msg__rosidl_typesupport_introspection_c.so[0m
[12.846s] [ 70%] Built target toms_msg__rosidl_typesupport_introspection_c
[12.871s] [ 71%] [32mBuilding CXX object CMakeFiles/toms_msg__rosidl_typesupport_fastrtps_c.dir/rosidl_typesupport_fastrtps_c/toms_msg/srv/detail/cart_service__type_support_c.cpp.o[0m
[12.917s] [ 72%] [32mBuilding CXX object CMakeFiles/toms_msg__rosidl_typesupport_fastrtps_cpp.dir/rosidl_typesupport_fastrtps_cpp/toms_msg/srv/detail/dds_fastrtps/rail_service__type_support.cpp.o[0m
[12.940s] [ 73%] [32mBuilding CXX object CMakeFiles/toms_msg__rosidl_typesupport_introspection_cpp.dir/rosidl_typesupport_introspection_cpp/toms_msg/srv/detail/suction_command__type_support.cpp.o[0m
[13.214s] [ 74%] [32mBuilding CXX object CMakeFiles/toms_msg__rosidl_typesupport_fastrtps_cpp.dir/rosidl_typesupport_fastrtps_cpp/toms_msg/srv/detail/dds_fastrtps/arm_service__type_support.cpp.o[0m
[13.338s] [ 75%] [32mBuilding CXX object CMakeFiles/toms_msg__rosidl_typesupport_fastrtps_cpp.dir/rosidl_typesupport_fastrtps_cpp/toms_msg/srv/detail/dds_fastrtps/end_effector_service__type_support.cpp.o[0m
[13.392s] [ 76%] [32mBuilding CXX object CMakeFiles/toms_msg__rosidl_typesupport_introspection_cpp.dir/rosidl_typesupport_introspection_cpp/toms_msg/srv/detail/cart_service__type_support.cpp.o[0m
[13.444s] [ 77%] [32mBuilding CXX object CMakeFiles/toms_msg__rosidl_typesupport_fastrtps_cpp.dir/rosidl_typesupport_fastrtps_cpp/toms_msg/srv/detail/dds_fastrtps/suction_command__type_support.cpp.o[0m
[13.513s] [ 78%] [32mBuilding CXX object CMakeFiles/toms_msg__rosidl_typesupport_fastrtps_cpp.dir/rosidl_typesupport_fastrtps_cpp/toms_msg/srv/detail/dds_fastrtps/cart_service__type_support.cpp.o[0m
[13.736s] [ 80%] [32m[1mLinking CXX shared library libtoms_msg__rosidl_typesupport_fastrtps_c.so[0m
[13.947s] [ 80%] Built target toms_msg__rosidl_typesupport_fastrtps_c
[14.441s] [ 81%] [32m[1mLinking CXX shared library libtoms_msg__rosidl_typesupport_introspection_cpp.so[0m
[14.480s] [ 82%] [32m[1mLinking CXX shared library libtoms_msg__rosidl_typesupport_fastrtps_cpp.so[0m
[14.624s] [ 82%] Built target toms_msg__rosidl_typesupport_introspection_cpp
[14.663s] [ 82%] Built target toms_msg__rosidl_typesupport_fastrtps_cpp
[14.713s] [ 82%] Built target toms_msg
[14.771s] [ 83%] [34m[1mGenerating Python code for ROS interfaces[0m
[17.840s] [ 83%] Built target toms_msg__py
[17.871s] [35m[1mConsolidate compiler generated dependencies of target toms_msg__rosidl_generator_py[0m
[17.918s] [ 88%] [32mBuilding C object CMakeFiles/toms_msg__rosidl_generator_py.dir/rosidl_generator_py/toms_msg/msg/_tomato_data_s.c.o[0m
[17.919s] [ 88%] [32mBuilding C object CMakeFiles/toms_msg__rosidl_generator_py.dir/rosidl_generator_py/toms_msg/srv/_crawler_service_s.c.o[0m
[17.919s] [ 88%] [32mBuilding C object CMakeFiles/toms_msg__rosidl_generator_py.dir/rosidl_generator_py/toms_msg/srv/_rail_service_s.c.o[0m
[17.919s] [ 88%] [32mBuilding C object CMakeFiles/toms_msg__rosidl_generator_py.dir/rosidl_generator_py/toms_msg/srv/_vision_service_s.c.o[0m
[17.919s] [ 88%] [32mBuilding C object CMakeFiles/toms_msg__rosidl_generator_py.dir/rosidl_generator_py/toms_msg/msg/_tomato_pos_s.c.o[0m
[17.920s] [ 92%] [32mBuilding C object CMakeFiles/toms_msg__rosidl_generator_py.dir/rosidl_generator_py/toms_msg/srv/_cart_service_s.c.o[0m
[17.920s] [ 92%] [32mBuilding C object CMakeFiles/toms_msg__rosidl_generator_py.dir/rosidl_generator_py/toms_msg/srv/_end_effector_service_s.c.o[0m
[17.920s] [ 92%] [32mBuilding C object CMakeFiles/toms_msg__rosidl_generator_py.dir/rosidl_generator_py/toms_msg/srv/_arm_service_s.c.o[0m
[17.920s] [ 92%] [32mBuilding C object CMakeFiles/toms_msg__rosidl_generator_py.dir/rosidl_generator_py/toms_msg/srv/_suction_command_s.c.o[0m
[18.187s] [ 93%] [32m[1mLinking C shared library rosidl_generator_py/toms_msg/libtoms_msg__rosidl_generator_py.so[0m
[18.281s] [ 93%] Built target toms_msg__rosidl_generator_py
[18.305s] [35m[1mConsolidate compiler generated dependencies of target toms_msg__rosidl_typesupport_c__pyext[0m
[18.306s] [35m[1mConsolidate compiler generated dependencies of target toms_msg__rosidl_typesupport_fastrtps_c__pyext[0m
[18.306s] [35m[1mConsolidate compiler generated dependencies of target toms_msg__rosidl_typesupport_introspection_c__pyext[0m
[18.338s] [ 96%] [32mBuilding C object CMakeFiles/toms_msg__rosidl_typesupport_fastrtps_c__pyext.dir/rosidl_generator_py/toms_msg/_toms_msg_s.ep.rosidl_typesupport_fastrtps_c.c.o[0m
[18.339s] [ 96%] [32mBuilding C object CMakeFiles/toms_msg__rosidl_typesupport_c__pyext.dir/rosidl_generator_py/toms_msg/_toms_msg_s.ep.rosidl_typesupport_c.c.o[0m
[18.339s] [ 96%] [32mBuilding C object CMakeFiles/toms_msg__rosidl_typesupport_introspection_c__pyext.dir/rosidl_generator_py/toms_msg/_toms_msg_s.ep.rosidl_typesupport_introspection_c.c.o[0m
[18.655s] [ 98%] [32m[1mLinking C shared library rosidl_generator_py/toms_msg/toms_msg_s__rosidl_typesupport_c.cpython-310-aarch64-linux-gnu.so[0m
[18.655s] [100%] [32m[1mLinking C shared library rosidl_generator_py/toms_msg/toms_msg_s__rosidl_typesupport_fastrtps_c.cpython-310-aarch64-linux-gnu.so[0m
[18.655s] [100%] [32m[1mLinking C shared library rosidl_generator_py/toms_msg/toms_msg_s__rosidl_typesupport_introspection_c.cpython-310-aarch64-linux-gnu.so[0m
[18.739s] [100%] Built target toms_msg__rosidl_typesupport_c__pyext
[18.739s] [100%] Built target toms_msg__rosidl_typesupport_introspection_c__pyext
[18.740s] [100%] Built target toms_msg__rosidl_typesupport_fastrtps_c__pyext
[18.771s] Invoked command in '/home/ylab/hibikino_toms_ws/build/toms_msg' returned '0': CMAKE_PREFIX_PATH=${CMAKE_PREFIX_PATH}:/home/ylab/hibikino_toms_ws/install/vision_pkg:/home/ylab/hibikino_toms_ws/install/behavior_planner:/home/ylab/hibikino_toms_ws/install/smach_ros:/home/ylab/hibikino_toms_ws/install/smach:/home/ylab/hibikino_toms_ws/install/harvest_task_pkg:/home/ylab/hibikino_toms_ws/install/end_effector_pkg:/home/ylab/hibikino_toms_ws/install/cart_module_ros2:/home/ylab/hibikino_toms_ws/install/cart_controller_pkg:/home/ylab/hibikino_toms_ws/install/arm_controller_pkg:/home/ylab/ws/install/opencv_tests:/opt/ros/humble /usr/bin/cmake --build /home/ylab/hibikino_toms_ws/build/toms_msg -- -j12 -l12
[18.795s] Invoking command in '/home/ylab/hibikino_toms_ws/build/toms_msg': CMAKE_PREFIX_PATH=${CMAKE_PREFIX_PATH}:/home/ylab/hibikino_toms_ws/install/vision_pkg:/home/ylab/hibikino_toms_ws/install/behavior_planner:/home/ylab/hibikino_toms_ws/install/smach_ros:/home/ylab/hibikino_toms_ws/install/smach:/home/ylab/hibikino_toms_ws/install/harvest_task_pkg:/home/ylab/hibikino_toms_ws/install/end_effector_pkg:/home/ylab/hibikino_toms_ws/install/cart_module_ros2:/home/ylab/hibikino_toms_ws/install/cart_controller_pkg:/home/ylab/hibikino_toms_ws/install/arm_controller_pkg:/home/ylab/ws/install/opencv_tests:/opt/ros/humble /usr/bin/cmake --install /home/ylab/hibikino_toms_ws/build/toms_msg
[18.814s] -- Install configuration: ""
[18.815s] -- Execute custom install script
[18.816s] -- Up-to-date symlink: /home/ylab/hibikino_toms_ws/install/toms_msg/share/ament_index/resource_index/rosidl_interfaces/toms_msg
[18.818s] -- Up-to-date symlink: /home/ylab/hibikino_toms_ws/install/toms_msg/include/toms_msg/toms_msg/msg/detail/tomato_data__functions.h
[18.818s] -- Up-to-date symlink: /home/ylab/hibikino_toms_ws/install/toms_msg/include/toms_msg/toms_msg/msg/detail/tomato_data__struct.h
[18.818s] -- Up-to-date symlink: /home/ylab/hibikino_toms_ws/install/toms_msg/include/toms_msg/toms_msg/msg/detail/tomato_data__type_support.h
[18.819s] -- Up-to-date symlink: /home/ylab/hibikino_toms_ws/install/toms_msg/include/toms_msg/toms_msg/msg/detail/tomato_pos__functions.h
[18.819s] -- Up-to-date symlink: /home/ylab/hibikino_toms_ws/install/toms_msg/include/toms_msg/toms_msg/msg/detail/tomato_pos__struct.h
[18.819s] -- Up-to-date symlink: /home/ylab/hibikino_toms_ws/install/toms_msg/include/toms_msg/toms_msg/msg/detail/tomato_pos__type_support.h
[18.820s] -- Up-to-date symlink: /home/ylab/hibikino_toms_ws/install/toms_msg/include/toms_msg/toms_msg/msg/rosidl_generator_c__visibility_control.h
[18.820s] -- Up-to-date symlink: /home/ylab/hibikino_toms_ws/install/toms_msg/include/toms_msg/toms_msg/msg/tomato_data.h
[18.820s] -- Up-to-date symlink: /home/ylab/hibikino_toms_ws/install/toms_msg/include/toms_msg/toms_msg/msg/tomato_pos.h
[18.820s] -- Up-to-date symlink: /home/ylab/hibikino_toms_ws/install/toms_msg/include/toms_msg/toms_msg/srv/arm_service.h
[18.820s] -- Up-to-date symlink: /home/ylab/hibikino_toms_ws/install/toms_msg/include/toms_msg/toms_msg/srv/cart_service.h
[18.821s] -- Up-to-date symlink: /home/ylab/hibikino_toms_ws/install/toms_msg/include/toms_msg/toms_msg/srv/crawler_service.h
[18.821s] -- Up-to-date symlink: /home/ylab/hibikino_toms_ws/install/toms_msg/include/toms_msg/toms_msg/srv/detail/arm_service__functions.h
[18.821s] -- Up-to-date symlink: /home/ylab/hibikino_toms_ws/install/toms_msg/include/toms_msg/toms_msg/srv/detail/arm_service__struct.h
[18.821s] -- Up-to-date symlink: /home/ylab/hibikino_toms_ws/install/toms_msg/include/toms_msg/toms_msg/srv/detail/arm_service__type_support.h
[18.822s] -- Up-to-date symlink: /home/ylab/hibikino_toms_ws/install/toms_msg/include/toms_msg/toms_msg/srv/detail/cart_service__functions.h
[18.822s] -- Up-to-date symlink: /home/ylab/hibikino_toms_ws/install/toms_msg/include/toms_msg/toms_msg/srv/detail/cart_service__struct.h
[18.822s] -- Up-to-date symlink: /home/ylab/hibikino_toms_ws/install/toms_msg/include/toms_msg/toms_msg/srv/detail/cart_service__type_support.h
[18.822s] -- Up-to-date symlink: /home/ylab/hibikino_toms_ws/install/toms_msg/include/toms_msg/toms_msg/srv/detail/crawler_service__functions.h
[18.822s] -- Up-to-date symlink: /home/ylab/hibikino_toms_ws/install/toms_msg/include/toms_msg/toms_msg/srv/detail/crawler_service__struct.h
[18.823s] -- Up-to-date symlink: /home/ylab/hibikino_toms_ws/install/toms_msg/include/toms_msg/toms_msg/srv/detail/crawler_service__type_support.h
[18.823s] -- Up-to-date symlink: /home/ylab/hibikino_toms_ws/install/toms_msg/include/toms_msg/toms_msg/srv/detail/end_effector_service__functions.h
[18.823s] -- Up-to-date symlink: /home/ylab/hibikino_toms_ws/install/toms_msg/include/toms_msg/toms_msg/srv/detail/end_effector_service__struct.h
[18.823s] -- Up-to-date symlink: /home/ylab/hibikino_toms_ws/install/toms_msg/include/toms_msg/toms_msg/srv/detail/end_effector_service__type_support.h
[18.824s] -- Up-to-date symlink: /home/ylab/hibikino_toms_ws/install/toms_msg/include/toms_msg/toms_msg/srv/detail/rail_service__functions.h
[18.824s] -- Up-to-date symlink: /home/ylab/hibikino_toms_ws/install/toms_msg/include/toms_msg/toms_msg/srv/detail/rail_service__struct.h
[18.824s] -- Up-to-date symlink: /home/ylab/hibikino_toms_ws/install/toms_msg/include/toms_msg/toms_msg/srv/detail/rail_service__type_support.h
[18.824s] -- Up-to-date symlink: /home/ylab/hibikino_toms_ws/install/toms_msg/include/toms_msg/toms_msg/srv/detail/suction_command__functions.h
[18.825s] -- Up-to-date symlink: /home/ylab/hibikino_toms_ws/install/toms_msg/include/toms_msg/toms_msg/srv/detail/suction_command__struct.h
[18.825s] -- Up-to-date symlink: /home/ylab/hibikino_toms_ws/install/toms_msg/include/toms_msg/toms_msg/srv/detail/suction_command__type_support.h
[18.825s] -- Up-to-date symlink: /home/ylab/hibikino_toms_ws/install/toms_msg/include/toms_msg/toms_msg/srv/detail/vision_service__functions.h
[18.825s] -- Up-to-date symlink: /home/ylab/hibikino_toms_ws/install/toms_msg/include/toms_msg/toms_msg/srv/detail/vision_service__struct.h
[18.825s] -- Up-to-date symlink: /home/ylab/hibikino_toms_ws/install/toms_msg/include/toms_msg/toms_msg/srv/detail/vision_service__type_support.h
[18.826s] -- Up-to-date symlink: /home/ylab/hibikino_toms_ws/install/toms_msg/include/toms_msg/toms_msg/srv/end_effector_service.h
[18.826s] -- Up-to-date symlink: /home/ylab/hibikino_toms_ws/install/toms_msg/include/toms_msg/toms_msg/srv/rail_service.h
[18.826s] -- Up-to-date symlink: /home/ylab/hibikino_toms_ws/install/toms_msg/include/toms_msg/toms_msg/srv/suction_command.h
[18.826s] -- Up-to-date symlink: /home/ylab/hibikino_toms_ws/install/toms_msg/include/toms_msg/toms_msg/srv/vision_service.h
[18.827s] -- Up-to-date symlink: /home/ylab/hibikino_toms_ws/install/toms_msg/share/toms_msg/environment/library_path.sh
[18.827s] -- Up-to-date symlink: /home/ylab/hibikino_toms_ws/install/toms_msg/share/toms_msg/environment/library_path.dsv
[18.828s] -- Up-to-date symlink: /home/ylab/hibikino_toms_ws/install/toms_msg/include/toms_msg/toms_msg/msg/detail/tomato_data__rosidl_typesupport_fastrtps_c.h
[18.829s] -- Up-to-date symlink: /home/ylab/hibikino_toms_ws/install/toms_msg/include/toms_msg/toms_msg/msg/detail/tomato_pos__rosidl_typesupport_fastrtps_c.h
[18.829s] -- Up-to-date symlink: /home/ylab/hibikino_toms_ws/install/toms_msg/include/toms_msg/toms_msg/msg/rosidl_typesupport_fastrtps_c__visibility_control.h
[18.829s] -- Up-to-date symlink: /home/ylab/hibikino_toms_ws/install/toms_msg/include/toms_msg/toms_msg/srv/detail/arm_service__rosidl_typesupport_fastrtps_c.h
[18.830s] -- Up-to-date symlink: /home/ylab/hibikino_toms_ws/install/toms_msg/include/toms_msg/toms_msg/srv/detail/cart_service__rosidl_typesupport_fastrtps_c.h
[18.830s] -- Up-to-date symlink: /home/ylab/hibikino_toms_ws/install/toms_msg/include/toms_msg/toms_msg/srv/detail/crawler_service__rosidl_typesupport_fastrtps_c.h
[18.830s] -- Up-to-date symlink: /home/ylab/hibikino_toms_ws/install/toms_msg/include/toms_msg/toms_msg/srv/detail/end_effector_service__rosidl_typesupport_fastrtps_c.h
[18.830s] -- Up-to-date symlink: /home/ylab/hibikino_toms_ws/install/toms_msg/include/toms_msg/toms_msg/srv/detail/rail_service__rosidl_typesupport_fastrtps_c.h
[18.831s] -- Up-to-date symlink: /home/ylab/hibikino_toms_ws/install/toms_msg/include/toms_msg/toms_msg/srv/detail/suction_command__rosidl_typesupport_fastrtps_c.h
[18.831s] -- Up-to-date symlink: /home/ylab/hibikino_toms_ws/install/toms_msg/include/toms_msg/toms_msg/srv/detail/vision_service__rosidl_typesupport_fastrtps_c.h
[18.832s] -- Up-to-date symlink: /home/ylab/hibikino_toms_ws/install/toms_msg/include/toms_msg/toms_msg/msg/detail/tomato_data__builder.hpp
[18.832s] -- Up-to-date symlink: /home/ylab/hibikino_toms_ws/install/toms_msg/include/toms_msg/toms_msg/msg/detail/tomato_data__struct.hpp
[18.833s] -- Up-to-date symlink: /home/ylab/hibikino_toms_ws/install/toms_msg/include/toms_msg/toms_msg/msg/detail/tomato_data__traits.hpp
[18.833s] -- Up-to-date symlink: /home/ylab/hibikino_toms_ws/install/toms_msg/include/toms_msg/toms_msg/msg/detail/tomato_data__type_support.hpp
[18.833s] -- Up-to-date symlink: /home/ylab/hibikino_toms_ws/install/toms_msg/include/toms_msg/toms_msg/msg/detail/tomato_pos__builder.hpp
[18.833s] -- Up-to-date symlink: /home/ylab/hibikino_toms_ws/install/toms_msg/include/toms_msg/toms_msg/msg/detail/tomato_pos__struct.hpp
[18.834s] -- Up-to-date symlink: /home/ylab/hibikino_toms_ws/install/toms_msg/include/toms_msg/toms_msg/msg/detail/tomato_pos__traits.hpp
[18.834s] -- Up-to-date symlink: /home/ylab/hibikino_toms_ws/install/toms_msg/include/toms_msg/toms_msg/msg/detail/tomato_pos__type_support.hpp
[18.834s] -- Up-to-date symlink: /home/ylab/hibikino_toms_ws/install/toms_msg/include/toms_msg/toms_msg/msg/rosidl_generator_cpp__visibility_control.hpp
[18.834s] -- Up-to-date symlink: /home/ylab/hibikino_toms_ws/install/toms_msg/include/toms_msg/toms_msg/msg/tomato_data.hpp
[18.834s] -- Up-to-date symlink: /home/ylab/hibikino_toms_ws/install/toms_msg/include/toms_msg/toms_msg/msg/tomato_pos.hpp
[18.835s] -- Up-to-date symlink: /home/ylab/hibikino_toms_ws/install/toms_msg/include/toms_msg/toms_msg/srv/arm_service.hpp
[18.835s] -- Up-to-date symlink: /home/ylab/hibikino_toms_ws/install/toms_msg/include/toms_msg/toms_msg/srv/cart_service.hpp
[18.835s] -- Up-to-date symlink: /home/ylab/hibikino_toms_ws/install/toms_msg/include/toms_msg/toms_msg/srv/crawler_service.hpp
[18.835s] -- Up-to-date symlink: /home/ylab/hibikino_toms_ws/install/toms_msg/include/toms_msg/toms_msg/srv/detail/arm_service__builder.hpp
[18.836s] -- Up-to-date symlink: /home/ylab/hibikino_toms_ws/install/toms_msg/include/toms_msg/toms_msg/srv/detail/arm_service__struct.hpp
[18.836s] -- Up-to-date symlink: /home/ylab/hibikino_toms_ws/install/toms_msg/include/toms_msg/toms_msg/srv/detail/arm_service__traits.hpp
[18.836s] -- Up-to-date symlink: /home/ylab/hibikino_toms_ws/install/toms_msg/include/toms_msg/toms_msg/srv/detail/arm_service__type_support.hpp
[18.836s] -- Up-to-date symlink: /home/ylab/hibikino_toms_ws/install/toms_msg/include/toms_msg/toms_msg/srv/detail/cart_service__builder.hpp
[18.836s] -- Up-to-date symlink: /home/ylab/hibikino_toms_ws/install/toms_msg/include/toms_msg/toms_msg/srv/detail/cart_service__struct.hpp
[18.837s] -- Up-to-date symlink: /home/ylab/hibikino_toms_ws/install/toms_msg/include/toms_msg/toms_msg/srv/detail/cart_service__traits.hpp
[18.837s] -- Up-to-date symlink: /home/ylab/hibikino_toms_ws/install/toms_msg/include/toms_msg/toms_msg/srv/detail/cart_service__type_support.hpp
[18.837s] -- Up-to-date symlink: /home/ylab/hibikino_toms_ws/install/toms_msg/include/toms_msg/toms_msg/srv/detail/crawler_service__builder.hpp
[18.838s] -- Up-to-date symlink: /home/ylab/hibikino_toms_ws/install/toms_msg/include/toms_msg/toms_msg/srv/detail/crawler_service__struct.hpp
[18.838s] -- Up-to-date symlink: /home/ylab/hibikino_toms_ws/install/toms_msg/include/toms_msg/toms_msg/srv/detail/crawler_service__traits.hpp
[18.838s] -- Up-to-date symlink: /home/ylab/hibikino_toms_ws/install/toms_msg/include/toms_msg/toms_msg/srv/detail/crawler_service__type_support.hpp
[18.838s] -- Up-to-date symlink: /home/ylab/hibikino_toms_ws/install/toms_msg/include/toms_msg/toms_msg/srv/detail/end_effector_service__builder.hpp
[18.838s] -- Up-to-date symlink: /home/ylab/hibikino_toms_ws/install/toms_msg/include/toms_msg/toms_msg/srv/detail/end_effector_service__struct.hpp
[18.839s] -- Up-to-date symlink: /home/ylab/hibikino_toms_ws/install/toms_msg/include/toms_msg/toms_msg/srv/detail/end_effector_service__traits.hpp
[18.839s] -- Up-to-date symlink: /home/ylab/hibikino_toms_ws/install/toms_msg/include/toms_msg/toms_msg/srv/detail/end_effector_service__type_support.hpp
[18.839s] -- Up-to-date symlink: /home/ylab/hibikino_toms_ws/install/toms_msg/include/toms_msg/toms_msg/srv/detail/rail_service__builder.hpp
[18.839s] -- Up-to-date symlink: /home/ylab/hibikino_toms_ws/install/toms_msg/include/toms_msg/toms_msg/srv/detail/rail_service__struct.hpp
[18.839s] -- Up-to-date symlink: /home/ylab/hibikino_toms_ws/install/toms_msg/include/toms_msg/toms_msg/srv/detail/rail_service__traits.hpp
[18.840s] -- Up-to-date symlink: /home/ylab/hibikino_toms_ws/install/toms_msg/include/toms_msg/toms_msg/srv/detail/rail_service__type_support.hpp
[18.840s] -- Up-to-date symlink: /home/ylab/hibikino_toms_ws/install/toms_msg/include/toms_msg/toms_msg/srv/detail/suction_command__builder.hpp
[18.840s] -- Up-to-date symlink: /home/ylab/hibikino_toms_ws/install/toms_msg/include/toms_msg/toms_msg/srv/detail/suction_command__struct.hpp
[18.840s] -- Up-to-date symlink: /home/ylab/hibikino_toms_ws/install/toms_msg/include/toms_msg/toms_msg/srv/detail/suction_command__traits.hpp
[18.841s] -- Up-to-date symlink: /home/ylab/hibikino_toms_ws/install/toms_msg/include/toms_msg/toms_msg/srv/detail/suction_command__type_support.hpp
[18.841s] -- Up-to-date symlink: /home/ylab/hibikino_toms_ws/install/toms_msg/include/toms_msg/toms_msg/srv/detail/vision_service__builder.hpp
[18.841s] -- Up-to-date symlink: /home/ylab/hibikino_toms_ws/install/toms_msg/include/toms_msg/toms_msg/srv/detail/vision_service__struct.hpp
[18.841s] -- Up-to-date symlink: /home/ylab/hibikino_toms_ws/install/toms_msg/include/toms_msg/toms_msg/srv/detail/vision_service__traits.hpp
[18.841s] -- Up-to-date symlink: /home/ylab/hibikino_toms_ws/install/toms_msg/include/toms_msg/toms_msg/srv/detail/vision_service__type_support.hpp
[18.842s] -- Up-to-date symlink: /home/ylab/hibikino_toms_ws/install/toms_msg/include/toms_msg/toms_msg/srv/end_effector_service.hpp
[18.842s] -- Up-to-date symlink: /home/ylab/hibikino_toms_ws/install/toms_msg/include/toms_msg/toms_msg/srv/rail_service.hpp
[18.842s] -- Up-to-date symlink: /home/ylab/hibikino_toms_ws/install/toms_msg/include/toms_msg/toms_msg/srv/suction_command.hpp
[18.842s] -- Up-to-date symlink: /home/ylab/hibikino_toms_ws/install/toms_msg/include/toms_msg/toms_msg/srv/vision_service.hpp
[18.844s] -- Up-to-date symlink: /home/ylab/hibikino_toms_ws/install/toms_msg/include/toms_msg/toms_msg/msg/detail/tomato_data__rosidl_typesupport_fastrtps_cpp.hpp
[18.844s] -- Up-to-date symlink: /home/ylab/hibikino_toms_ws/install/toms_msg/include/toms_msg/toms_msg/msg/detail/tomato_pos__rosidl_typesupport_fastrtps_cpp.hpp
[18.844s] -- Up-to-date symlink: /home/ylab/hibikino_toms_ws/install/toms_msg/include/toms_msg/toms_msg/msg/rosidl_typesupport_fastrtps_cpp__visibility_control.h
[18.844s] -- Up-to-date symlink: /home/ylab/hibikino_toms_ws/install/toms_msg/include/toms_msg/toms_msg/srv/detail/arm_service__rosidl_typesupport_fastrtps_cpp.hpp
[18.844s] -- Up-to-date symlink: /home/ylab/hibikino_toms_ws/install/toms_msg/include/toms_msg/toms_msg/srv/detail/cart_service__rosidl_typesupport_fastrtps_cpp.hpp
[18.845s] -- Up-to-date symlink: /home/ylab/hibikino_toms_ws/install/toms_msg/include/toms_msg/toms_msg/srv/detail/crawler_service__rosidl_typesupport_fastrtps_cpp.hpp
[18.845s] -- Up-to-date symlink: /home/ylab/hibikino_toms_ws/install/toms_msg/include/toms_msg/toms_msg/srv/detail/end_effector_service__rosidl_typesupport_fastrtps_cpp.hpp
[18.845s] -- Up-to-date symlink: /home/ylab/hibikino_toms_ws/install/toms_msg/include/toms_msg/toms_msg/srv/detail/rail_service__rosidl_typesupport_fastrtps_cpp.hpp
[18.845s] -- Up-to-date symlink: /home/ylab/hibikino_toms_ws/install/toms_msg/include/toms_msg/toms_msg/srv/detail/suction_command__rosidl_typesupport_fastrtps_cpp.hpp
[18.846s] -- Up-to-date symlink: /home/ylab/hibikino_toms_ws/install/toms_msg/include/toms_msg/toms_msg/srv/detail/vision_service__rosidl_typesupport_fastrtps_cpp.hpp
[18.846s] -- Up-to-date symlink: /home/ylab/hibikino_toms_ws/install/toms_msg/include/toms_msg/toms_msg/msg/detail/tomato_data__rosidl_typesupport_introspection_c.h
[18.847s] -- Up-to-date symlink: /home/ylab/hibikino_toms_ws/install/toms_msg/include/toms_msg/toms_msg/msg/detail/tomato_pos__rosidl_typesupport_introspection_c.h
[18.847s] -- Up-to-date symlink: /home/ylab/hibikino_toms_ws/install/toms_msg/include/toms_msg/toms_msg/msg/rosidl_typesupport_introspection_c__visibility_control.h
[18.847s] -- Up-to-date symlink: /home/ylab/hibikino_toms_ws/install/toms_msg/include/toms_msg/toms_msg/srv/detail/arm_service__rosidl_typesupport_introspection_c.h
[18.847s] -- Up-to-date symlink: /home/ylab/hibikino_toms_ws/install/toms_msg/include/toms_msg/toms_msg/srv/detail/cart_service__rosidl_typesupport_introspection_c.h
[18.848s] -- Up-to-date symlink: /home/ylab/hibikino_toms_ws/install/toms_msg/include/toms_msg/toms_msg/srv/detail/crawler_service__rosidl_typesupport_introspection_c.h
[18.848s] -- Up-to-date symlink: /home/ylab/hibikino_toms_ws/install/toms_msg/include/toms_msg/toms_msg/srv/detail/end_effector_service__rosidl_typesupport_introspection_c.h
[18.848s] -- Up-to-date symlink: /home/ylab/hibikino_toms_ws/install/toms_msg/include/toms_msg/toms_msg/srv/detail/rail_service__rosidl_typesupport_introspection_c.h
[18.848s] -- Up-to-date symlink: /home/ylab/hibikino_toms_ws/install/toms_msg/include/toms_msg/toms_msg/srv/detail/suction_command__rosidl_typesupport_introspection_c.h
[18.848s] -- Up-to-date symlink: /home/ylab/hibikino_toms_ws/install/toms_msg/include/toms_msg/toms_msg/srv/detail/vision_service__rosidl_typesupport_introspection_c.h
[18.849s] -- Up-to-date symlink: /home/ylab/hibikino_toms_ws/install/toms_msg/include/toms_msg/toms_msg/msg/detail/tomato_data__rosidl_typesupport_introspection_cpp.hpp
[18.849s] -- Up-to-date symlink: /home/ylab/hibikino_toms_ws/install/toms_msg/include/toms_msg/toms_msg/msg/detail/tomato_pos__rosidl_typesupport_introspection_cpp.hpp
[18.850s] -- Up-to-date symlink: /home/ylab/hibikino_toms_ws/install/toms_msg/include/toms_msg/toms_msg/srv/detail/arm_service__rosidl_typesupport_introspection_cpp.hpp
[18.850s] -- Up-to-date symlink: /home/ylab/hibikino_toms_ws/install/toms_msg/include/toms_msg/toms_msg/srv/detail/cart_service__rosidl_typesupport_introspection_cpp.hpp
[18.850s] -- Up-to-date symlink: /home/ylab/hibikino_toms_ws/install/toms_msg/include/toms_msg/toms_msg/srv/detail/crawler_service__rosidl_typesupport_introspection_cpp.hpp
[18.850s] -- Up-to-date symlink: /home/ylab/hibikino_toms_ws/install/toms_msg/include/toms_msg/toms_msg/srv/detail/end_effector_service__rosidl_typesupport_introspection_cpp.hpp
[18.851s] -- Up-to-date symlink: /home/ylab/hibikino_toms_ws/install/toms_msg/include/toms_msg/toms_msg/srv/detail/rail_service__rosidl_typesupport_introspection_cpp.hpp
[18.851s] -- Up-to-date symlink: /home/ylab/hibikino_toms_ws/install/toms_msg/include/toms_msg/toms_msg/srv/detail/suction_command__rosidl_typesupport_introspection_cpp.hpp
[18.851s] -- Up-to-date symlink: /home/ylab/hibikino_toms_ws/install/toms_msg/include/toms_msg/toms_msg/srv/detail/vision_service__rosidl_typesupport_introspection_cpp.hpp
[18.851s] -- Up-to-date symlink: /home/ylab/hibikino_toms_ws/install/toms_msg/share/toms_msg/environment/pythonpath.sh
[18.852s] -- Up-to-date symlink: /home/ylab/hibikino_toms_ws/install/toms_msg/share/toms_msg/environment/pythonpath.dsv
[18.852s] -- Up-to-date symlink: /home/ylab/hibikino_toms_ws/install/toms_msg/local/lib/python3.10/dist-packages/toms_msg-0.0.0-py3.10.egg-info/PKG-INFO
[18.852s] -- Up-to-date symlink: /home/ylab/hibikino_toms_ws/install/toms_msg/local/lib/python3.10/dist-packages/toms_msg-0.0.0-py3.10.egg-info/SOURCES.txt
[18.853s] -- Up-to-date symlink: /home/ylab/hibikino_toms_ws/install/toms_msg/local/lib/python3.10/dist-packages/toms_msg-0.0.0-py3.10.egg-info/dependency_links.txt
[18.853s] -- Up-to-date symlink: /home/ylab/hibikino_toms_ws/install/toms_msg/local/lib/python3.10/dist-packages/toms_msg-0.0.0-py3.10.egg-info/top_level.txt
[18.854s] -- Up-to-date symlink: /home/ylab/hibikino_toms_ws/install/toms_msg/local/lib/python3.10/dist-packages/toms_msg/__init__.py
[18.854s] -- Up-to-date symlink: /home/ylab/hibikino_toms_ws/install/toms_msg/local/lib/python3.10/dist-packages/toms_msg/_toms_msg_s.ep.rosidl_typesupport_c.c
[18.855s] -- Up-to-date symlink: /home/ylab/hibikino_toms_ws/install/toms_msg/local/lib/python3.10/dist-packages/toms_msg/_toms_msg_s.ep.rosidl_typesupport_fastrtps_c.c
[18.855s] -- Up-to-date symlink: /home/ylab/hibikino_toms_ws/install/toms_msg/local/lib/python3.10/dist-packages/toms_msg/_toms_msg_s.ep.rosidl_typesupport_introspection_c.c
[18.855s] -- Up-to-date symlink: /home/ylab/hibikino_toms_ws/install/toms_msg/local/lib/python3.10/dist-packages/toms_msg/libtoms_msg__rosidl_generator_py.so
[18.855s] -- Up-to-date symlink: /home/ylab/hibikino_toms_ws/install/toms_msg/local/lib/python3.10/dist-packages/toms_msg/msg/__init__.py
[18.855s] -- Up-to-date symlink: /home/ylab/hibikino_toms_ws/install/toms_msg/local/lib/python3.10/dist-packages/toms_msg/msg/_tomato_data.py
[18.856s] -- Up-to-date symlink: /home/ylab/hibikino_toms_ws/install/toms_msg/local/lib/python3.10/dist-packages/toms_msg/msg/_tomato_data_s.c
[18.856s] -- Up-to-date symlink: /home/ylab/hibikino_toms_ws/install/toms_msg/local/lib/python3.10/dist-packages/toms_msg/msg/_tomato_pos.py
[18.856s] -- Up-to-date symlink: /home/ylab/hibikino_toms_ws/install/toms_msg/local/lib/python3.10/dist-packages/toms_msg/msg/_tomato_pos_s.c
[18.856s] -- Up-to-date symlink: /home/ylab/hibikino_toms_ws/install/toms_msg/local/lib/python3.10/dist-packages/toms_msg/srv/__init__.py
[18.857s] -- Up-to-date symlink: /home/ylab/hibikino_toms_ws/install/toms_msg/local/lib/python3.10/dist-packages/toms_msg/srv/_arm_service.py
[18.857s] -- Up-to-date symlink: /home/ylab/hibikino_toms_ws/install/toms_msg/local/lib/python3.10/dist-packages/toms_msg/srv/_arm_service_s.c
[18.857s] -- Up-to-date symlink: /home/ylab/hibikino_toms_ws/install/toms_msg/local/lib/python3.10/dist-packages/toms_msg/srv/_cart_service.py
[18.857s] -- Up-to-date symlink: /home/ylab/hibikino_toms_ws/install/toms_msg/local/lib/python3.10/dist-packages/toms_msg/srv/_cart_service_s.c
[18.857s] -- Up-to-date symlink: /home/ylab/hibikino_toms_ws/install/toms_msg/local/lib/python3.10/dist-packages/toms_msg/srv/_crawler_service.py
[18.858s] -- Up-to-date symlink: /home/ylab/hibikino_toms_ws/install/toms_msg/local/lib/python3.10/dist-packages/toms_msg/srv/_crawler_service_s.c
[18.858s] -- Up-to-date symlink: /home/ylab/hibikino_toms_ws/install/toms_msg/local/lib/python3.10/dist-packages/toms_msg/srv/_end_effector_service.py
[18.858s] -- Up-to-date symlink: /home/ylab/hibikino_toms_ws/install/toms_msg/local/lib/python3.10/dist-packages/toms_msg/srv/_end_effector_service_s.c
[18.858s] -- Up-to-date symlink: /home/ylab/hibikino_toms_ws/install/toms_msg/local/lib/python3.10/dist-packages/toms_msg/srv/_rail_service.py
[18.858s] -- Up-to-date symlink: /home/ylab/hibikino_toms_ws/install/toms_msg/local/lib/python3.10/dist-packages/toms_msg/srv/_rail_service_s.c
[18.859s] -- Up-to-date symlink: /home/ylab/hibikino_toms_ws/install/toms_msg/local/lib/python3.10/dist-packages/toms_msg/srv/_suction_command.py
[18.859s] -- Up-to-date symlink: /home/ylab/hibikino_toms_ws/install/toms_msg/local/lib/python3.10/dist-packages/toms_msg/srv/_suction_command_s.c
[18.859s] -- Up-to-date symlink: /home/ylab/hibikino_toms_ws/install/toms_msg/local/lib/python3.10/dist-packages/toms_msg/srv/_vision_service.py
[18.859s] -- Up-to-date symlink: /home/ylab/hibikino_toms_ws/install/toms_msg/local/lib/python3.10/dist-packages/toms_msg/srv/_vision_service_s.c
[18.859s] -- Up-to-date symlink: /home/ylab/hibikino_toms_ws/install/toms_msg/local/lib/python3.10/dist-packages/toms_msg/toms_msg_s__rosidl_typesupport_c.cpython-310-aarch64-linux-gnu.so
[18.860s] -- Up-to-date symlink: /home/ylab/hibikino_toms_ws/install/toms_msg/local/lib/python3.10/dist-packages/toms_msg/toms_msg_s__rosidl_typesupport_fastrtps_c.cpython-310-aarch64-linux-gnu.so
[18.860s] -- Up-to-date symlink: /home/ylab/hibikino_toms_ws/install/toms_msg/local/lib/python3.10/dist-packages/toms_msg/toms_msg_s__rosidl_typesupport_introspection_c.cpython-310-aarch64-linux-gnu.so
[18.861s] -- Up-to-date symlink: /home/ylab/hibikino_toms_ws/install/toms_msg/local/lib/python3.10/dist-packages/toms_msg/toms_msg_s__rosidl_typesupport_fastrtps_c.cpython-310-aarch64-linux-gnu.so
[18.861s] -- Up-to-date symlink: /home/ylab/hibikino_toms_ws/install/toms_msg/local/lib/python3.10/dist-packages/toms_msg/toms_msg_s__rosidl_typesupport_introspection_c.cpython-310-aarch64-linux-gnu.so
[18.861s] -- Up-to-date symlink: /home/ylab/hibikino_toms_ws/install/toms_msg/local/lib/python3.10/dist-packages/toms_msg/toms_msg_s__rosidl_typesupport_c.cpython-310-aarch64-linux-gnu.so
[18.862s] -- Up-to-date symlink: /home/ylab/hibikino_toms_ws/install/toms_msg/share/toms_msg/msg/TomatoPos.idl
[18.862s] -- Up-to-date symlink: /home/ylab/hibikino_toms_ws/install/toms_msg/share/toms_msg/msg/TomatoData.idl
[18.862s] -- Up-to-date symlink: /home/ylab/hibikino_toms_ws/install/toms_msg/share/toms_msg/srv/VisionService.idl
[18.863s] -- Up-to-date symlink: /home/ylab/hibikino_toms_ws/install/toms_msg/share/toms_msg/srv/CrawlerService.idl
[18.863s] -- Up-to-date symlink: /home/ylab/hibikino_toms_ws/install/toms_msg/share/toms_msg/srv/RailService.idl
[18.863s] -- Up-to-date symlink: /home/ylab/hibikino_toms_ws/install/toms_msg/share/toms_msg/srv/ArmService.idl
[18.863s] -- Up-to-date symlink: /home/ylab/hibikino_toms_ws/install/toms_msg/share/toms_msg/srv/EndEffectorService.idl
[18.864s] -- Up-to-date symlink: /home/ylab/hibikino_toms_ws/install/toms_msg/share/toms_msg/srv/SuctionCommand.idl
[18.864s] -- Up-to-date symlink: /home/ylab/hibikino_toms_ws/install/toms_msg/share/toms_msg/srv/CartService.idl
[18.864s] -- Up-to-date symlink: /home/ylab/hibikino_toms_ws/install/toms_msg/share/toms_msg/msg/TomatoPos.msg
[18.865s] -- Up-to-date symlink: /home/ylab/hibikino_toms_ws/install/toms_msg/share/toms_msg/msg/TomatoData.msg
[18.866s] -- Up-to-date symlink: /home/ylab/hibikino_toms_ws/install/toms_msg/share/toms_msg/srv/VisionService.srv
[18.866s] -- Up-to-date symlink: /home/ylab/hibikino_toms_ws/install/toms_msg/share/toms_msg/srv/VisionService_Request.msg
[18.866s] -- Up-to-date symlink: /home/ylab/hibikino_toms_ws/install/toms_msg/share/toms_msg/srv/VisionService_Response.msg
[18.866s] -- Up-to-date symlink: /home/ylab/hibikino_toms_ws/install/toms_msg/share/toms_msg/srv/CrawlerService.srv
[18.867s] -- Up-to-date symlink: /home/ylab/hibikino_toms_ws/install/toms_msg/share/toms_msg/srv/CrawlerService_Request.msg
[18.867s] -- Up-to-date symlink: /home/ylab/hibikino_toms_ws/install/toms_msg/share/toms_msg/srv/CrawlerService_Response.msg
[18.867s] -- Up-to-date symlink: /home/ylab/hibikino_toms_ws/install/toms_msg/share/toms_msg/srv/RailService.srv
[18.868s] -- Up-to-date symlink: /home/ylab/hibikino_toms_ws/install/toms_msg/share/toms_msg/srv/RailService_Request.msg
[18.868s] -- Up-to-date symlink: /home/ylab/hibikino_toms_ws/install/toms_msg/share/toms_msg/srv/RailService_Response.msg
[18.868s] -- Up-to-date symlink: /home/ylab/hibikino_toms_ws/install/toms_msg/share/toms_msg/srv/ArmService.srv
[18.868s] -- Up-to-date symlink: /home/ylab/hibikino_toms_ws/install/toms_msg/share/toms_msg/srv/ArmService_Request.msg
[18.869s] -- Up-to-date symlink: /home/ylab/hibikino_toms_ws/install/toms_msg/share/toms_msg/srv/ArmService_Response.msg
[18.869s] -- Up-to-date symlink: /home/ylab/hibikino_toms_ws/install/toms_msg/share/toms_msg/srv/EndEffectorService.srv
[18.869s] -- Up-to-date symlink: /home/ylab/hibikino_toms_ws/install/toms_msg/share/toms_msg/srv/EndEffectorService_Request.msg
[18.869s] -- Up-to-date symlink: /home/ylab/hibikino_toms_ws/install/toms_msg/share/toms_msg/srv/EndEffectorService_Response.msg
[18.870s] -- Up-to-date symlink: /home/ylab/hibikino_toms_ws/install/toms_msg/share/toms_msg/srv/SuctionCommand.srv
[18.870s] -- Up-to-date symlink: /home/ylab/hibikino_toms_ws/install/toms_msg/share/toms_msg/srv/SuctionCommand_Request.msg
[18.870s] -- Up-to-date symlink: /home/ylab/hibikino_toms_ws/install/toms_msg/share/toms_msg/srv/SuctionCommand_Response.msg
[18.871s] -- Up-to-date symlink: /home/ylab/hibikino_toms_ws/install/toms_msg/share/toms_msg/srv/CartService.srv
[18.871s] -- Up-to-date symlink: /home/ylab/hibikino_toms_ws/install/toms_msg/share/toms_msg/srv/CartService_Request.msg
[18.871s] -- Up-to-date symlink: /home/ylab/hibikino_toms_ws/install/toms_msg/share/toms_msg/srv/CartService_Response.msg
[18.871s] -- Up-to-date symlink: /home/ylab/hibikino_toms_ws/install/toms_msg/share/ament_index/resource_index/package_run_dependencies/toms_msg
[18.872s] -- Up-to-date symlink: /home/ylab/hibikino_toms_ws/install/toms_msg/share/ament_index/resource_index/parent_prefix_path/toms_msg
[18.872s] -- Up-to-date symlink: /home/ylab/hibikino_toms_ws/install/toms_msg/share/toms_msg/environment/ament_prefix_path.sh
[18.872s] -- Up-to-date symlink: /home/ylab/hibikino_toms_ws/install/toms_msg/share/toms_msg/environment/ament_prefix_path.dsv
[18.873s] -- Up-to-date symlink: /home/ylab/hibikino_toms_ws/install/toms_msg/share/toms_msg/environment/path.sh
[18.873s] -- Up-to-date symlink: /home/ylab/hibikino_toms_ws/install/toms_msg/share/toms_msg/environment/path.dsv
[18.873s] -- Up-to-date symlink: /home/ylab/hibikino_toms_ws/install/toms_msg/share/toms_msg/local_setup.bash
[18.873s] -- Up-to-date symlink: /home/ylab/hibikino_toms_ws/install/toms_msg/share/toms_msg/local_setup.sh
[18.874s] -- Up-to-date symlink: /home/ylab/hibikino_toms_ws/install/toms_msg/share/toms_msg/local_setup.zsh
[18.874s] -- Up-to-date symlink: /home/ylab/hibikino_toms_ws/install/toms_msg/share/toms_msg/local_setup.dsv
[18.874s] -- Symlinking: /home/ylab/hibikino_toms_ws/install/toms_msg/share/toms_msg/package.dsv
[18.894s] -- Up-to-date symlink: /home/ylab/hibikino_toms_ws/install/toms_msg/share/ament_index/resource_index/packages/toms_msg
[18.894s] -- Up-to-date symlink: /home/ylab/hibikino_toms_ws/install/toms_msg/share/toms_msg/cmake/rosidl_cmake-extras.cmake
[18.894s] -- Up-to-date symlink: /home/ylab/hibikino_toms_ws/install/toms_msg/share/toms_msg/cmake/ament_cmake_export_dependencies-extras.cmake
[18.895s] -- Up-to-date symlink: /home/ylab/hibikino_toms_ws/install/toms_msg/share/toms_msg/cmake/ament_cmake_export_include_directories-extras.cmake
[18.895s] -- Up-to-date symlink: /home/ylab/hibikino_toms_ws/install/toms_msg/share/toms_msg/cmake/ament_cmake_export_libraries-extras.cmake
[18.895s] -- Up-to-date symlink: /home/ylab/hibikino_toms_ws/install/toms_msg/share/toms_msg/cmake/ament_cmake_export_targets-extras.cmake
[18.896s] -- Up-to-date symlink: /home/ylab/hibikino_toms_ws/install/toms_msg/share/toms_msg/cmake/rosidl_cmake_export_typesupport_targets-extras.cmake
[18.896s] -- Up-to-date symlink: /home/ylab/hibikino_toms_ws/install/toms_msg/share/toms_msg/cmake/rosidl_cmake_export_typesupport_libraries-extras.cmake
[18.896s] -- Up-to-date symlink: /home/ylab/hibikino_toms_ws/install/toms_msg/share/toms_msg/cmake/toms_msgConfig.cmake
[18.896s] -- Up-to-date symlink: /home/ylab/hibikino_toms_ws/install/toms_msg/share/toms_msg/cmake/toms_msgConfig-version.cmake
[18.897s] -- Up-to-date symlink: /home/ylab/hibikino_toms_ws/install/toms_msg/share/toms_msg/package.xml
[18.897s] -- Installing: /home/ylab/hibikino_toms_ws/install/toms_msg/lib/libtoms_msg__rosidl_generator_c.so
[18.899s] -- Set runtime path of "/home/ylab/hibikino_toms_ws/install/toms_msg/lib/libtoms_msg__rosidl_generator_c.so" to ""
[18.899s] -- Installing: /home/ylab/hibikino_toms_ws/install/toms_msg/lib/libtoms_msg__rosidl_typesupport_fastrtps_c.so
[18.900s] -- Set runtime path of "/home/ylab/hibikino_toms_ws/install/toms_msg/lib/libtoms_msg__rosidl_typesupport_fastrtps_c.so" to ""
[18.901s] -- Installing: /home/ylab/hibikino_toms_ws/install/toms_msg/lib/libtoms_msg__rosidl_typesupport_fastrtps_cpp.so
[18.902s] -- Set runtime path of "/home/ylab/hibikino_toms_ws/install/toms_msg/lib/libtoms_msg__rosidl_typesupport_fastrtps_cpp.so" to ""
[18.902s] -- Installing: /home/ylab/hibikino_toms_ws/install/toms_msg/lib/libtoms_msg__rosidl_typesupport_introspection_c.so
[18.903s] -- Set runtime path of "/home/ylab/hibikino_toms_ws/install/toms_msg/lib/libtoms_msg__rosidl_typesupport_introspection_c.so" to ""
[18.904s] -- Installing: /home/ylab/hibikino_toms_ws/install/toms_msg/lib/libtoms_msg__rosidl_typesupport_c.so
[18.905s] -- Set runtime path of "/home/ylab/hibikino_toms_ws/install/toms_msg/lib/libtoms_msg__rosidl_typesupport_c.so" to ""
[18.905s] -- Installing: /home/ylab/hibikino_toms_ws/install/toms_msg/lib/libtoms_msg__rosidl_typesupport_introspection_cpp.so
[18.906s] -- Set runtime path of "/home/ylab/hibikino_toms_ws/install/toms_msg/lib/libtoms_msg__rosidl_typesupport_introspection_cpp.so" to ""
[18.907s] -- Installing: /home/ylab/hibikino_toms_ws/install/toms_msg/lib/libtoms_msg__rosidl_typesupport_cpp.so
[18.908s] -- Set runtime path of "/home/ylab/hibikino_toms_ws/install/toms_msg/lib/libtoms_msg__rosidl_typesupport_cpp.so" to ""
[19.035s] Listing '/home/ylab/hibikino_toms_ws/install/toms_msg/local/lib/python3.10/dist-packages/toms_msg'...
[19.035s] Compiling '/home/ylab/hibikino_toms_ws/install/toms_msg/local/lib/python3.10/dist-packages/toms_msg/__init__.py'...
[19.036s] Listing '/home/ylab/hibikino_toms_ws/install/toms_msg/local/lib/python3.10/dist-packages/toms_msg/msg'...
[19.036s] Compiling '/home/ylab/hibikino_toms_ws/install/toms_msg/local/lib/python3.10/dist-packages/toms_msg/msg/__init__.py'...
[19.036s] Compiling '/home/ylab/hibikino_toms_ws/install/toms_msg/local/lib/python3.10/dist-packages/toms_msg/msg/_tomato_data.py'...
[19.036s] Compiling '/home/ylab/hibikino_toms_ws/install/toms_msg/local/lib/python3.10/dist-packages/toms_msg/msg/_tomato_pos.py'...
[19.037s] Listing '/home/ylab/hibikino_toms_ws/install/toms_msg/local/lib/python3.10/dist-packages/toms_msg/srv'...
[19.037s] Compiling '/home/ylab/hibikino_toms_ws/install/toms_msg/local/lib/python3.10/dist-packages/toms_msg/srv/__init__.py'...
[19.037s] Compiling '/home/ylab/hibikino_toms_ws/install/toms_msg/local/lib/python3.10/dist-packages/toms_msg/srv/_arm_service.py'...
[19.037s] Compiling '/home/ylab/hibikino_toms_ws/install/toms_msg/local/lib/python3.10/dist-packages/toms_msg/srv/_cart_service.py'...
[19.038s] Compiling '/home/ylab/hibikino_toms_ws/install/toms_msg/local/lib/python3.10/dist-packages/toms_msg/srv/_crawler_service.py'...
[19.038s] Compiling '/home/ylab/hibikino_toms_ws/install/toms_msg/local/lib/python3.10/dist-packages/toms_msg/srv/_end_effector_service.py'...
[19.038s] Compiling '/home/ylab/hibikino_toms_ws/install/toms_msg/local/lib/python3.10/dist-packages/toms_msg/srv/_rail_service.py'...
[19.038s] Compiling '/home/ylab/hibikino_toms_ws/install/toms_msg/local/lib/python3.10/dist-packages/toms_msg/srv/_suction_command.py'...
[19.039s] Compiling '/home/ylab/hibikino_toms_ws/install/toms_msg/local/lib/python3.10/dist-packages/toms_msg/srv/_vision_service.py'...
[19.048s] -- Installing: /home/ylab/hibikino_toms_ws/install/toms_msg/lib/libtoms_msg__rosidl_generator_py.so
[19.049s] -- Set runtime path of "/home/ylab/hibikino_toms_ws/install/toms_msg/lib/libtoms_msg__rosidl_generator_py.so" to ""
[19.049s] -- Up-to-date: /home/ylab/hibikino_toms_ws/install/toms_msg/share/toms_msg/cmake/export_toms_msg__rosidl_generator_cExport.cmake
[19.049s] -- Up-to-date: /home/ylab/hibikino_toms_ws/install/toms_msg/share/toms_msg/cmake/export_toms_msg__rosidl_generator_cExport-noconfig.cmake
[19.050s] -- Up-to-date: /home/ylab/hibikino_toms_ws/install/toms_msg/share/toms_msg/cmake/export_toms_msg__rosidl_typesupport_fastrtps_cExport.cmake
[19.050s] -- Up-to-date: /home/ylab/hibikino_toms_ws/install/toms_msg/share/toms_msg/cmake/export_toms_msg__rosidl_typesupport_fastrtps_cExport-noconfig.cmake
[19.050s] -- Up-to-date: /home/ylab/hibikino_toms_ws/install/toms_msg/share/toms_msg/cmake/export_toms_msg__rosidl_generator_cppExport.cmake
[19.051s] -- Up-to-date: /home/ylab/hibikino_toms_ws/install/toms_msg/share/toms_msg/cmake/export_toms_msg__rosidl_typesupport_fastrtps_cppExport.cmake
[19.051s] -- Up-to-date: /home/ylab/hibikino_toms_ws/install/toms_msg/share/toms_msg/cmake/export_toms_msg__rosidl_typesupport_fastrtps_cppExport-noconfig.cmake
[19.051s] -- Up-to-date: /home/ylab/hibikino_toms_ws/install/toms_msg/share/toms_msg/cmake/toms_msg__rosidl_typesupport_introspection_cExport.cmake
[19.052s] -- Up-to-date: /home/ylab/hibikino_toms_ws/install/toms_msg/share/toms_msg/cmake/toms_msg__rosidl_typesupport_introspection_cExport-noconfig.cmake
[19.052s] -- Up-to-date: /home/ylab/hibikino_toms_ws/install/toms_msg/share/toms_msg/cmake/toms_msg__rosidl_typesupport_cExport.cmake
[19.052s] -- Up-to-date: /home/ylab/hibikino_toms_ws/install/toms_msg/share/toms_msg/cmake/toms_msg__rosidl_typesupport_cExport-noconfig.cmake
[19.053s] -- Up-to-date: /home/ylab/hibikino_toms_ws/install/toms_msg/share/toms_msg/cmake/toms_msg__rosidl_typesupport_introspection_cppExport.cmake
[19.053s] -- Up-to-date: /home/ylab/hibikino_toms_ws/install/toms_msg/share/toms_msg/cmake/toms_msg__rosidl_typesupport_introspection_cppExport-noconfig.cmake
[19.053s] -- Up-to-date: /home/ylab/hibikino_toms_ws/install/toms_msg/share/toms_msg/cmake/toms_msg__rosidl_typesupport_cppExport.cmake
[19.054s] -- Up-to-date: /home/ylab/hibikino_toms_ws/install/toms_msg/share/toms_msg/cmake/toms_msg__rosidl_typesupport_cppExport-noconfig.cmake
[19.054s] -- Up-to-date: /home/ylab/hibikino_toms_ws/install/toms_msg/share/toms_msg/cmake/export_toms_msg__rosidl_generator_pyExport.cmake
[19.054s] -- Up-to-date: /home/ylab/hibikino_toms_ws/install/toms_msg/share/toms_msg/cmake/export_toms_msg__rosidl_generator_pyExport-noconfig.cmake
[19.064s] Invoked command in '/home/ylab/hibikino_toms_ws/build/toms_msg' returned '0': CMAKE_PREFIX_PATH=${CMAKE_PREFIX_PATH}:/home/ylab/hibikino_toms_ws/install/vision_pkg:/home/ylab/hibikino_toms_ws/install/behavior_planner:/home/ylab/hibikino_toms_ws/install/smach_ros:/home/ylab/hibikino_toms_ws/install/smach:/home/ylab/hibikino_toms_ws/install/harvest_task_pkg:/home/ylab/hibikino_toms_ws/install/end_effector_pkg:/home/ylab/hibikino_toms_ws/install/cart_module_ros2:/home/ylab/hibikino_toms_ws/install/cart_controller_pkg:/home/ylab/hibikino_toms_ws/install/arm_controller_pkg:/home/ylab/ws/install/opencv_tests:/opt/ros/humble /usr/bin/cmake --install /home/ylab/hibikino_toms_ws/build/toms_msg
