[5.640s] Invoking command in '/home/ylab/hibikino_toms_ws/build/vision_pkg': PYTHONPATH=/home/ylab/hibikino_toms_ws/build/vision_pkg/prefix_override:/usr/lib/python3/dist-packages/colcon_core/task/python/colcon_distutils_commands:/home/ylab/hibikino_toms_ws/install/vision_pkg/lib/python3.10/site-packages:${PYTHONPATH} /usr/bin/python3 -W ignore:setup.py install is deprecated -W ignore:easy_install command is deprecated setup.py develop --editable --build-directory /home/ylab/hibikino_toms_ws/build/vision_pkg/build --no-deps symlink_data
[6.391s] running develop
[6.897s] running egg_info
[6.898s] writing vision_pkg.egg-info/PKG-INFO
[6.899s] writing dependency_links to vision_pkg.egg-info/dependency_links.txt
[6.900s] writing entry points to vision_pkg.egg-info/entry_points.txt
[6.900s] writing requirements to vision_pkg.egg-info/requires.txt
[6.900s] writing top-level names to vision_pkg.egg-info/top_level.txt
[6.905s] reading manifest file 'vision_pkg.egg-info/SOURCES.txt'
[6.908s] writing manifest file 'vision_pkg.egg-info/SOURCES.txt'
[6.911s] running build_ext
[6.912s] Creating /home/ylab/hibikino_toms_ws/install/vision_pkg/lib/python3.10/site-packages/vision-pkg.egg-link (link to .)
[6.914s] Installing vision_client_d435_node script to /home/ylab/hibikino_toms_ws/install/vision_pkg/lib/vision_pkg
[6.915s] Installing vision_client_node script to /home/ylab/hibikino_toms_ws/install/vision_pkg/lib/vision_pkg
[6.915s] Installing vision_service script to /home/ylab/hibikino_toms_ws/install/vision_pkg/lib/vision_pkg
[6.916s] Installing vision_service_d435 script to /home/ylab/hibikino_toms_ws/install/vision_pkg/lib/vision_pkg
[6.916s] 
[6.917s] Installed /home/ylab/hibikino_toms_ws/build/vision_pkg
[6.917s] running symlink_data
[7.061s] Invoked command in '/home/ylab/hibikino_toms_ws/build/vision_pkg' returned '0': PYTHONPATH=/home/ylab/hibikino_toms_ws/build/vision_pkg/prefix_override:/usr/lib/python3/dist-packages/colcon_core/task/python/colcon_distutils_commands:/home/ylab/hibikino_toms_ws/install/vision_pkg/lib/python3.10/site-packages:${PYTHONPATH} /usr/bin/python3 -W ignore:setup.py install is deprecated -W ignore:easy_install command is deprecated setup.py develop --editable --build-directory /home/ylab/hibikino_toms_ws/build/vision_pkg/build --no-deps symlink_data
