[5.734s] Invoking command in '/home/ylab/hibikino_toms_ws/build/cart_controller_pkg': PYTHONPATH=/home/ylab/hibikino_toms_ws/build/cart_controller_pkg/prefix_override:/usr/lib/python3/dist-packages/colcon_core/task/python/colcon_distutils_commands:/home/ylab/hibikino_toms_ws/install/cart_controller_pkg/lib/python3.10/site-packages:${PYTHONPATH} /usr/bin/python3 -W ignore:setup.py install is deprecated -W ignore:easy_install command is deprecated setup.py develop --editable --build-directory /home/ylab/hibikino_toms_ws/build/cart_controller_pkg/build --no-deps symlink_data
[6.533s] running develop
[7.086s] running egg_info
[7.086s] writing cart_controller_pkg.egg-info/PKG-INFO
[7.088s] writing dependency_links to cart_controller_pkg.egg-info/dependency_links.txt
[7.089s] writing entry points to cart_controller_pkg.egg-info/entry_points.txt
[7.089s] writing requirements to cart_controller_pkg.egg-info/requires.txt
[7.089s] writing top-level names to cart_controller_pkg.egg-info/top_level.txt
[7.093s] reading manifest file 'cart_controller_pkg.egg-info/SOURCES.txt'
[7.095s] writing manifest file 'cart_controller_pkg.egg-info/SOURCES.txt'
[7.104s] running build_ext
[7.104s] Creating /home/ylab/hibikino_toms_ws/install/cart_controller_pkg/lib/python3.10/site-packages/cart-controller-pkg.egg-link (link to .)
[7.104s] Installing crawler_client_node script to /home/ylab/hibikino_toms_ws/install/cart_controller_pkg/lib/cart_controller_pkg
[7.105s] Installing crawler_service_node script to /home/ylab/hibikino_toms_ws/install/cart_controller_pkg/lib/cart_controller_pkg
[7.106s] Installing rail_client_node script to /home/ylab/hibikino_toms_ws/install/cart_controller_pkg/lib/cart_controller_pkg
[7.106s] Installing rail_service_node script to /home/ylab/hibikino_toms_ws/install/cart_controller_pkg/lib/cart_controller_pkg
[7.108s] 
[7.108s] Installed /home/ylab/hibikino_toms_ws/build/cart_controller_pkg
[7.108s] running symlink_data
[7.218s] Invoked command in '/home/ylab/hibikino_toms_ws/build/cart_controller_pkg' returned '0': PYTHONPATH=/home/ylab/hibikino_toms_ws/build/cart_controller_pkg/prefix_override:/usr/lib/python3/dist-packages/colcon_core/task/python/colcon_distutils_commands:/home/ylab/hibikino_toms_ws/install/cart_controller_pkg/lib/python3.10/site-packages:${PYTHONPATH} /usr/bin/python3 -W ignore:setup.py install is deprecated -W ignore:easy_install command is deprecated setup.py develop --editable --build-directory /home/ylab/hibikino_toms_ws/build/cart_controller_pkg/build --no-deps symlink_data
