[8.901s] Invoking command in '/home/ylab/hibikino_toms_ws/build/vision_pkg': PYTHONPATH=/home/ylab/hibikino_toms_ws/build/vision_pkg/prefix_override:/usr/lib/python3/dist-packages/colcon_core/task/python/colcon_distutils_commands:/home/ylab/hibikino_toms_ws/install/vision_pkg/lib/python3.10/site-packages:${PYTHONPATH} /usr/bin/python3 -W ignore:setup.py install is deprecated -W ignore:easy_install command is deprecated setup.py develop --editable --build-directory /home/ylab/hibikino_toms_ws/build/vision_pkg/build --no-deps symlink_data
[9.653s] running develop
[10.166s] running egg_info
[10.166s] writing vision_pkg.egg-info/PKG-INFO
[10.167s] writing dependency_links to vision_pkg.egg-info/dependency_links.txt
[10.168s] writing entry points to vision_pkg.egg-info/entry_points.txt
[10.168s] writing requirements to vision_pkg.egg-info/requires.txt
[10.168s] writing top-level names to vision_pkg.egg-info/top_level.txt
[10.174s] reading manifest file 'vision_pkg.egg-info/SOURCES.txt'
[10.176s] writing manifest file 'vision_pkg.egg-info/SOURCES.txt'
[10.181s] running build_ext
[10.182s] Creating /home/ylab/hibikino_toms_ws/install/vision_pkg/lib/python3.10/site-packages/vision-pkg.egg-link (link to .)
[10.184s] Installing vision_client_d435_node script to /home/ylab/hibikino_toms_ws/install/vision_pkg/lib/vision_pkg
[10.185s] Installing vision_client_node script to /home/ylab/hibikino_toms_ws/install/vision_pkg/lib/vision_pkg
[10.185s] Installing vision_service script to /home/ylab/hibikino_toms_ws/install/vision_pkg/lib/vision_pkg
[10.185s] Installing vision_service_d435 script to /home/ylab/hibikino_toms_ws/install/vision_pkg/lib/vision_pkg
[10.186s] 
[10.186s] Installed /home/ylab/hibikino_toms_ws/build/vision_pkg
[10.186s] running symlink_data
[10.367s] Invoked command in '/home/ylab/hibikino_toms_ws/build/vision_pkg' returned '0': PYTHONPATH=/home/ylab/hibikino_toms_ws/build/vision_pkg/prefix_override:/usr/lib/python3/dist-packages/colcon_core/task/python/colcon_distutils_commands:/home/ylab/hibikino_toms_ws/install/vision_pkg/lib/python3.10/site-packages:${PYTHONPATH} /usr/bin/python3 -W ignore:setup.py install is deprecated -W ignore:easy_install command is deprecated setup.py develop --editable --build-directory /home/ylab/hibikino_toms_ws/build/vision_pkg/build --no-deps symlink_data
