[8.892s] Invoking command in '/home/ylab/hibikino_toms_ws/build/harvest_task_pkg': PYTHONPATH=/home/ylab/hibikino_toms_ws/build/harvest_task_pkg/prefix_override:/usr/lib/python3/dist-packages/colcon_core/task/python/colcon_distutils_commands:/home/ylab/hibikino_toms_ws/install/harvest_task_pkg/lib/python3.10/site-packages:${PYTHONPATH} /usr/bin/python3 -W ignore:setup.py install is deprecated -W ignore:easy_install command is deprecated setup.py develop --editable --build-directory /home/ylab/hibikino_toms_ws/build/harvest_task_pkg/build --no-deps symlink_data
[9.657s] running develop
[10.182s] running egg_info
[10.182s] writing harvest_task_pkg.egg-info/PKG-INFO
[10.183s] writing dependency_links to harvest_task_pkg.egg-info/dependency_links.txt
[10.184s] writing entry points to harvest_task_pkg.egg-info/entry_points.txt
[10.184s] writing requirements to harvest_task_pkg.egg-info/requires.txt
[10.184s] writing top-level names to harvest_task_pkg.egg-info/top_level.txt
[10.190s] reading manifest file 'harvest_task_pkg.egg-info/SOURCES.txt'
[10.192s] writing manifest file 'harvest_task_pkg.egg-info/SOURCES.txt'
[10.197s] running build_ext
[10.197s] Creating /home/ylab/hibikino_toms_ws/install/harvest_task_pkg/lib/python3.10/site-packages/harvest-task-pkg.egg-link (link to .)
[10.200s] Installing analyze_to_harvest_client script to /home/ylab/hibikino_toms_ws/install/harvest_task_pkg/lib/harvest_task_pkg
[10.201s] Installing demo script to /home/ylab/hibikino_toms_ws/install/harvest_task_pkg/lib/harvest_task_pkg
[10.201s] Installing harvest_state_machine script to /home/ylab/hibikino_toms_ws/install/harvest_task_pkg/lib/harvest_task_pkg
[10.201s] Installing harvest_state_machine_test script to /home/ylab/hibikino_toms_ws/install/harvest_task_pkg/lib/harvest_task_pkg
[10.201s] Installing harvest_task_cart_state script to /home/ylab/hibikino_toms_ws/install/harvest_task_pkg/lib/harvest_task_pkg
[10.202s] 
[10.202s] Installed /home/ylab/hibikino_toms_ws/build/harvest_task_pkg
[10.203s] running symlink_data
[10.357s] Invoked command in '/home/ylab/hibikino_toms_ws/build/harvest_task_pkg' returned '0': PYTHONPATH=/home/ylab/hibikino_toms_ws/build/harvest_task_pkg/prefix_override:/usr/lib/python3/dist-packages/colcon_core/task/python/colcon_distutils_commands:/home/ylab/hibikino_toms_ws/install/harvest_task_pkg/lib/python3.10/site-packages:${PYTHONPATH} /usr/bin/python3 -W ignore:setup.py install is deprecated -W ignore:easy_install command is deprecated setup.py develop --editable --build-directory /home/ylab/hibikino_toms_ws/build/harvest_task_pkg/build --no-deps symlink_data
