[5.753s] Invoking command in '/home/ylab/hibikino_toms_ws/build/arm_controller_pkg': PYTHONPATH=/home/ylab/hibikino_toms_ws/build/arm_controller_pkg/prefix_override:/usr/lib/python3/dist-packages/colcon_core/task/python/colcon_distutils_commands:/home/ylab/hibikino_toms_ws/install/arm_controller_pkg/lib/python3.10/site-packages:${PYTHONPATH} /usr/bin/python3 -W ignore:setup.py install is deprecated -W ignore:easy_install command is deprecated setup.py develop --editable --build-directory /home/ylab/hibikino_toms_ws/build/arm_controller_pkg/build --no-deps symlink_data
[6.486s] running develop
[6.992s] running egg_info
[6.993s] writing arm_controller_pkg.egg-info/PKG-INFO
[6.994s] writing dependency_links to arm_controller_pkg.egg-info/dependency_links.txt
[6.994s] writing entry points to arm_controller_pkg.egg-info/entry_points.txt
[6.994s] writing requirements to arm_controller_pkg.egg-info/requires.txt
[6.994s] writing top-level names to arm_controller_pkg.egg-info/top_level.txt
[6.999s] reading manifest file 'arm_controller_pkg.egg-info/SOURCES.txt'
[7.002s] writing manifest file 'arm_controller_pkg.egg-info/SOURCES.txt'
[7.006s] running build_ext
[7.006s] Creating /home/ylab/hibikino_toms_ws/install/arm_controller_pkg/lib/python3.10/site-packages/arm-controller-pkg.egg-link (link to .)
[7.008s] Installing arm_client_node script to /home/ylab/hibikino_toms_ws/install/arm_controller_pkg/lib/arm_controller_pkg
[7.009s] Installing arm_client_node_d435 script to /home/ylab/hibikino_toms_ws/install/arm_controller_pkg/lib/arm_controller_pkg
[7.010s] Installing arm_controller script to /home/ylab/hibikino_toms_ws/install/arm_controller_pkg/lib/arm_controller_pkg
[7.010s] Installing arm_controller_server_d435 script to /home/ylab/hibikino_toms_ws/install/arm_controller_pkg/lib/arm_controller_pkg
[7.011s] Installing arm_smooth_controller script to /home/ylab/hibikino_toms_ws/install/arm_controller_pkg/lib/arm_controller_pkg
[7.011s] 
[7.011s] Installed /home/ylab/hibikino_toms_ws/build/arm_controller_pkg
[7.011s] running symlink_data
[7.175s] Invoked command in '/home/ylab/hibikino_toms_ws/build/arm_controller_pkg' returned '0': PYTHONPATH=/home/ylab/hibikino_toms_ws/build/arm_controller_pkg/prefix_override:/usr/lib/python3/dist-packages/colcon_core/task/python/colcon_distutils_commands:/home/ylab/hibikino_toms_ws/install/arm_controller_pkg/lib/python3.10/site-packages:${PYTHONPATH} /usr/bin/python3 -W ignore:setup.py install is deprecated -W ignore:easy_install command is deprecated setup.py develop --editable --build-directory /home/ylab/hibikino_toms_ws/build/arm_controller_pkg/build --no-deps symlink_data
