[5.650s] Invoking command in '/home/ylab/hibikino_toms_ws/build/harvest_task_pkg': PYTHONPATH=/home/ylab/hibikino_toms_ws/build/harvest_task_pkg/prefix_override:/usr/lib/python3/dist-packages/colcon_core/task/python/colcon_distutils_commands:/home/ylab/hibikino_toms_ws/install/harvest_task_pkg/lib/python3.10/site-packages:${PYTHONPATH} /usr/bin/python3 -W ignore:setup.py install is deprecated -W ignore:easy_install command is deprecated setup.py develop --editable --build-directory /home/ylab/hibikino_toms_ws/build/harvest_task_pkg/build --no-deps symlink_data
[6.387s] running develop
[6.889s] running egg_info
[6.889s] writing harvest_task_pkg.egg-info/PKG-INFO
[6.890s] writing dependency_links to harvest_task_pkg.egg-info/dependency_links.txt
[6.890s] writing entry points to harvest_task_pkg.egg-info/entry_points.txt
[6.890s] writing requirements to harvest_task_pkg.egg-info/requires.txt
[6.891s] writing top-level names to harvest_task_pkg.egg-info/top_level.txt
[6.896s] reading manifest file 'harvest_task_pkg.egg-info/SOURCES.txt'
[6.898s] writing manifest file 'harvest_task_pkg.egg-info/SOURCES.txt'
[6.902s] running build_ext
[6.903s] Creating /home/ylab/hibikino_toms_ws/install/harvest_task_pkg/lib/python3.10/site-packages/harvest-task-pkg.egg-link (link to .)
[6.905s] Installing analyze_to_harvest_client script to /home/ylab/hibikino_toms_ws/install/harvest_task_pkg/lib/harvest_task_pkg
[6.905s] Installing demo script to /home/ylab/hibikino_toms_ws/install/harvest_task_pkg/lib/harvest_task_pkg
[6.906s] Installing harvest_state_machine script to /home/ylab/hibikino_toms_ws/install/harvest_task_pkg/lib/harvest_task_pkg
[6.906s] Installing harvest_state_machine_test script to /home/ylab/hibikino_toms_ws/install/harvest_task_pkg/lib/harvest_task_pkg
[6.906s] Installing harvest_task_cart_state script to /home/ylab/hibikino_toms_ws/install/harvest_task_pkg/lib/harvest_task_pkg
[6.907s] 
[6.907s] Installed /home/ylab/hibikino_toms_ws/build/harvest_task_pkg
[6.908s] running symlink_data
[7.059s] Invoked command in '/home/ylab/hibikino_toms_ws/build/harvest_task_pkg' returned '0': PYTHONPATH=/home/ylab/hibikino_toms_ws/build/harvest_task_pkg/prefix_override:/usr/lib/python3/dist-packages/colcon_core/task/python/colcon_distutils_commands:/home/ylab/hibikino_toms_ws/install/harvest_task_pkg/lib/python3.10/site-packages:${PYTHONPATH} /usr/bin/python3 -W ignore:setup.py install is deprecated -W ignore:easy_install command is deprecated setup.py develop --editable --build-directory /home/ylab/hibikino_toms_ws/build/harvest_task_pkg/build --no-deps symlink_data
