[0.342s] [34mcolcon[0m [1;30mDEBUG[0m [32mCommand line arguments: ['/usr/bin/colcon', 'build', '--symlink-install'][0m
[0.342s] [34mcolcon[0m [1;30mDEBUG[0m [32mParsed command line arguments: Namespace(log_base=None, log_level=None, verb_name='build', build_base='build', install_base='install', merge_install=False, symlink_install=True, test_result_base=None, continue_on_error=False, executor='parallel', parallel_workers=12, event_handlers=None, ignore_user_meta=False, metas=['./colcon.meta'], base_paths=['.'], packages_ignore=None, packages_ignore_regex=None, paths=None, packages_up_to=None, packages_up_to_regex=None, packages_above=None, packages_above_and_dependencies=None, packages_above_depth=None, packages_select_by_dep=None, packages_skip_by_dep=None, packages_skip_up_to=None, packages_select_build_failed=False, packages_skip_build_finished=False, packages_select_test_failures=False, packages_skip_test_passed=False, packages_select=None, packages_skip=None, packages_select_regex=None, packages_skip_regex=None, packages_start=None, packages_end=None, allow_overriding=[], cmake_args=None, cmake_target=None, cmake_target_skip_unavailable=False, cmake_clean_cache=False, cmake_clean_first=False, cmake_force_configure=False, ament_cmake_args=None, catkin_cmake_args=None, catkin_skip_building_tests=False, verb_parser=<colcon_defaults.argument_parser.defaults.DefaultArgumentsDecorator object at 0xffffb1f2bfd0>, verb_extension=<colcon_core.verb.build.BuildVerb object at 0xffffb1f2b9d0>, main=<bound method BuildVerb.main of <colcon_core.verb.build.BuildVerb object at 0xffffb1f2b9d0>>)[0m
[0.927s] [34mcolcon.colcon_core.package_discovery[0m [1;30mLevel 1[0m discover_packages(colcon_meta) check parameters
[0.927s] [34mcolcon.colcon_core.package_discovery[0m [1;30mLevel 1[0m discover_packages(recursive) check parameters
[0.927s] [34mcolcon.colcon_core.package_discovery[0m [1;30mLevel 1[0m discover_packages(ignore) check parameters
[0.928s] [34mcolcon.colcon_core.package_discovery[0m [1;30mLevel 1[0m discover_packages(path) check parameters
[0.928s] [34mcolcon.colcon_core.package_discovery[0m [1;30mLevel 1[0m discover_packages(colcon_meta) discover
[0.928s] [34mcolcon.colcon_core.package_discovery[0m [1;30mLevel 1[0m discover_packages(recursive) discover
[0.928s] [34mcolcon.colcon_core.package_discovery[0m [1;30mINFO[0m Crawling recursively for packages in '/home/ylab/hibikino_toms_ws'
[0.928s] [34mcolcon.colcon_core.package_identification[0m [1;30mLevel 1[0m _identify(.) by extensions ['ignore', 'ignore_ament_install']
[0.928s] [34mcolcon.colcon_core.package_identification[0m [1;30mLevel 1[0m _identify(.) by extension 'ignore'
[0.929s] [34mcolcon.colcon_core.package_identification[0m [1;30mLevel 1[0m _identify(.) by extension 'ignore_ament_install'
[0.929s] [34mcolcon.colcon_core.package_identification[0m [1;30mLevel 1[0m _identify(.) by extensions ['colcon_pkg']
[0.929s] [34mcolcon.colcon_core.package_identification[0m [1;30mLevel 1[0m _identify(.) by extension 'colcon_pkg'
[0.929s] [34mcolcon.colcon_core.package_identification[0m [1;30mLevel 1[0m _identify(.) by extensions ['colcon_meta']
[0.929s] [34mcolcon.colcon_core.package_identification[0m [1;30mLevel 1[0m _identify(.) by extension 'colcon_meta'
[0.929s] [34mcolcon.colcon_core.package_identification[0m [1;30mLevel 1[0m _identify(.) by extensions ['ros']
[0.929s] [34mcolcon.colcon_core.package_identification[0m [1;30mLevel 1[0m _identify(.) by extension 'ros'
[0.956s] [34mcolcon.colcon_core.package_identification[0m [1;30mLevel 1[0m _identify(.) by extensions ['cmake', 'python']
[0.957s] [34mcolcon.colcon_core.package_identification[0m [1;30mLevel 1[0m _identify(.) by extension 'cmake'
[0.957s] [34mcolcon.colcon_core.package_identification[0m [1;30mLevel 1[0m _identify(.) by extension 'python'
[0.957s] [34mcolcon.colcon_core.package_identification[0m [1;30mLevel 1[0m _identify(.) by extensions ['python_setup_py']
[0.957s] [34mcolcon.colcon_core.package_identification[0m [1;30mLevel 1[0m _identify(.) by extension 'python_setup_py'
[0.957s] [34mcolcon.colcon_core.package_identification[0m [1;30mLevel 1[0m _identify(build) by extensions ['ignore', 'ignore_ament_install']
[0.958s] [34mcolcon.colcon_core.package_identification[0m [1;30mLevel 1[0m _identify(build) by extension 'ignore'
[0.958s] [34mcolcon.colcon_core.package_identification[0m [1;30mLevel 1[0m _identify(build) ignored
[0.958s] [34mcolcon.colcon_core.package_identification[0m [1;30mLevel 1[0m _identify(install) by extensions ['ignore', 'ignore_ament_install']
[0.958s] [34mcolcon.colcon_core.package_identification[0m [1;30mLevel 1[0m _identify(install) by extension 'ignore'
[0.958s] [34mcolcon.colcon_core.package_identification[0m [1;30mLevel 1[0m _identify(install) ignored
[0.959s] [34mcolcon.colcon_core.package_identification[0m [1;30mLevel 1[0m _identify(log) by extensions ['ignore', 'ignore_ament_install']
[0.959s] [34mcolcon.colcon_core.package_identification[0m [1;30mLevel 1[0m _identify(log) by extension 'ignore'
[0.959s] [34mcolcon.colcon_core.package_identification[0m [1;30mLevel 1[0m _identify(log) ignored
[0.959s] [34mcolcon.colcon_core.package_identification[0m [1;30mLevel 1[0m _identify(module) by extensions ['ignore', 'ignore_ament_install']
[0.959s] [34mcolcon.colcon_core.package_identification[0m [1;30mLevel 1[0m _identify(module) by extension 'ignore'
[0.959s] [34mcolcon.colcon_core.package_identification[0m [1;30mLevel 1[0m _identify(module) by extension 'ignore_ament_install'
[0.960s] [34mcolcon.colcon_core.package_identification[0m [1;30mLevel 1[0m _identify(module) by extensions ['colcon_pkg']
[0.960s] [34mcolcon.colcon_core.package_identification[0m [1;30mLevel 1[0m _identify(module) by extension 'colcon_pkg'
[0.960s] [34mcolcon.colcon_core.package_identification[0m [1;30mLevel 1[0m _identify(module) by extensions ['colcon_meta']
[0.960s] [34mcolcon.colcon_core.package_identification[0m [1;30mLevel 1[0m _identify(module) by extension 'colcon_meta'
[0.960s] [34mcolcon.colcon_core.package_identification[0m [1;30mLevel 1[0m _identify(module) by extensions ['ros']
[0.960s] [34mcolcon.colcon_core.package_identification[0m [1;30mLevel 1[0m _identify(module) by extension 'ros'
[0.960s] [34mcolcon.colcon_core.package_identification[0m [1;30mLevel 1[0m _identify(module) by extensions ['cmake', 'python']
[0.960s] [34mcolcon.colcon_core.package_identification[0m [1;30mLevel 1[0m _identify(module) by extension 'cmake'
[0.960s] [34mcolcon.colcon_core.package_identification[0m [1;30mLevel 1[0m _identify(module) by extension 'python'
[0.961s] [34mcolcon.colcon_core.package_identification[0m [1;30mLevel 1[0m _identify(module) by extensions ['python_setup_py']
[0.961s] [34mcolcon.colcon_core.package_identification[0m [1;30mLevel 1[0m _identify(module) by extension 'python_setup_py'
[0.961s] [34mcolcon.colcon_core.package_identification[0m [1;30mLevel 1[0m _identify(module/__pycache__) by extensions ['ignore', 'ignore_ament_install']
[0.961s] [34mcolcon.colcon_core.package_identification[0m [1;30mLevel 1[0m _identify(module/__pycache__) by extension 'ignore'
[0.961s] [34mcolcon.colcon_core.package_identification[0m [1;30mLevel 1[0m _identify(module/__pycache__) by extension 'ignore_ament_install'
[0.962s] [34mcolcon.colcon_core.package_identification[0m [1;30mLevel 1[0m _identify(module/__pycache__) by extensions ['colcon_pkg']
[0.962s] [34mcolcon.colcon_core.package_identification[0m [1;30mLevel 1[0m _identify(module/__pycache__) by extension 'colcon_pkg'
[0.962s] [34mcolcon.colcon_core.package_identification[0m [1;30mLevel 1[0m _identify(module/__pycache__) by extensions ['colcon_meta']
[0.962s] [34mcolcon.colcon_core.package_identification[0m [1;30mLevel 1[0m _identify(module/__pycache__) by extension 'colcon_meta'
[0.962s] [34mcolcon.colcon_core.package_identification[0m [1;30mLevel 1[0m _identify(module/__pycache__) by extensions ['ros']
[0.962s] [34mcolcon.colcon_core.package_identification[0m [1;30mLevel 1[0m _identify(module/__pycache__) by extension 'ros'
[0.962s] [34mcolcon.colcon_core.package_identification[0m [1;30mLevel 1[0m _identify(module/__pycache__) by extensions ['cmake', 'python']
[0.962s] [34mcolcon.colcon_core.package_identification[0m [1;30mLevel 1[0m _identify(module/__pycache__) by extension 'cmake'
[0.962s] [34mcolcon.colcon_core.package_identification[0m [1;30mLevel 1[0m _identify(module/__pycache__) by extension 'python'
[0.962s] [34mcolcon.colcon_core.package_identification[0m [1;30mLevel 1[0m _identify(module/__pycache__) by extensions ['python_setup_py']
[0.963s] [34mcolcon.colcon_core.package_identification[0m [1;30mLevel 1[0m _identify(module/__pycache__) by extension 'python_setup_py'
[0.963s] [34mcolcon.colcon_core.package_identification[0m [1;30mLevel 1[0m _identify(module/weights) by extensions ['ignore', 'ignore_ament_install']
[0.963s] [34mcolcon.colcon_core.package_identification[0m [1;30mLevel 1[0m _identify(module/weights) by extension 'ignore'
[0.963s] [34mcolcon.colcon_core.package_identification[0m [1;30mLevel 1[0m _identify(module/weights) by extension 'ignore_ament_install'
[0.963s] [34mcolcon.colcon_core.package_identification[0m [1;30mLevel 1[0m _identify(module/weights) by extensions ['colcon_pkg']
[0.963s] [34mcolcon.colcon_core.package_identification[0m [1;30mLevel 1[0m _identify(module/weights) by extension 'colcon_pkg'
[0.964s] [34mcolcon.colcon_core.package_identification[0m [1;30mLevel 1[0m _identify(module/weights) by extensions ['colcon_meta']
[0.964s] [34mcolcon.colcon_core.package_identification[0m [1;30mLevel 1[0m _identify(module/weights) by extension 'colcon_meta'
[0.964s] [34mcolcon.colcon_core.package_identification[0m [1;30mLevel 1[0m _identify(module/weights) by extensions ['ros']
[0.964s] [34mcolcon.colcon_core.package_identification[0m [1;30mLevel 1[0m _identify(module/weights) by extension 'ros'
[0.964s] [34mcolcon.colcon_core.package_identification[0m [1;30mLevel 1[0m _identify(module/weights) by extensions ['cmake', 'python']
[0.964s] [34mcolcon.colcon_core.package_identification[0m [1;30mLevel 1[0m _identify(module/weights) by extension 'cmake'
[0.964s] [34mcolcon.colcon_core.package_identification[0m [1;30mLevel 1[0m _identify(module/weights) by extension 'python'
[0.964s] [34mcolcon.colcon_core.package_identification[0m [1;30mLevel 1[0m _identify(module/weights) by extensions ['python_setup_py']
[0.964s] [34mcolcon.colcon_core.package_identification[0m [1;30mLevel 1[0m _identify(module/weights) by extension 'python_setup_py'
[0.965s] [34mcolcon.colcon_core.package_identification[0m [1;30mLevel 1[0m _identify(src) by extensions ['ignore', 'ignore_ament_install']
[0.965s] [34mcolcon.colcon_core.package_identification[0m [1;30mLevel 1[0m _identify(src) by extension 'ignore'
[0.965s] [34mcolcon.colcon_core.package_identification[0m [1;30mLevel 1[0m _identify(src) by extension 'ignore_ament_install'
[0.965s] [34mcolcon.colcon_core.package_identification[0m [1;30mLevel 1[0m _identify(src) by extensions ['colcon_pkg']
[0.965s] [34mcolcon.colcon_core.package_identification[0m [1;30mLevel 1[0m _identify(src) by extension 'colcon_pkg'
[0.965s] [34mcolcon.colcon_core.package_identification[0m [1;30mLevel 1[0m _identify(src) by extensions ['colcon_meta']
[0.965s] [34mcolcon.colcon_core.package_identification[0m [1;30mLevel 1[0m _identify(src) by extension 'colcon_meta'
[0.965s] [34mcolcon.colcon_core.package_identification[0m [1;30mLevel 1[0m _identify(src) by extensions ['ros']
[0.965s] [34mcolcon.colcon_core.package_identification[0m [1;30mLevel 1[0m _identify(src) by extension 'ros'
[0.966s] [34mcolcon.colcon_core.package_identification[0m [1;30mLevel 1[0m _identify(src) by extensions ['cmake', 'python']
[0.966s] [34mcolcon.colcon_core.package_identification[0m [1;30mLevel 1[0m _identify(src) by extension 'cmake'
[0.966s] [34mcolcon.colcon_core.package_identification[0m [1;30mLevel 1[0m _identify(src) by extension 'python'
[0.966s] [34mcolcon.colcon_core.package_identification[0m [1;30mLevel 1[0m _identify(src) by extensions ['python_setup_py']
[0.966s] [34mcolcon.colcon_core.package_identification[0m [1;30mLevel 1[0m _identify(src) by extension 'python_setup_py'
[0.966s] [34mcolcon.colcon_core.package_identification[0m [1;30mLevel 1[0m _identify(src/arm_controller_pkg) by extensions ['ignore', 'ignore_ament_install']
[0.967s] [34mcolcon.colcon_core.package_identification[0m [1;30mLevel 1[0m _identify(src/arm_controller_pkg) by extension 'ignore'
[0.967s] [34mcolcon.colcon_core.package_identification[0m [1;30mLevel 1[0m _identify(src/arm_controller_pkg) by extension 'ignore_ament_install'
[0.967s] [34mcolcon.colcon_core.package_identification[0m [1;30mLevel 1[0m _identify(src/arm_controller_pkg) by extensions ['colcon_pkg']
[0.967s] [34mcolcon.colcon_core.package_identification[0m [1;30mLevel 1[0m _identify(src/arm_controller_pkg) by extension 'colcon_pkg'
[0.967s] [34mcolcon.colcon_core.package_identification[0m [1;30mLevel 1[0m _identify(src/arm_controller_pkg) by extensions ['colcon_meta']
[0.967s] [34mcolcon.colcon_core.package_identification[0m [1;30mLevel 1[0m _identify(src/arm_controller_pkg) by extension 'colcon_meta'
[0.967s] [34mcolcon.colcon_core.package_identification[0m [1;30mLevel 1[0m _identify(src/arm_controller_pkg) by extensions ['ros']
[0.967s] [34mcolcon.colcon_core.package_identification[0m [1;30mLevel 1[0m _identify(src/arm_controller_pkg) by extension 'ros'
[0.973s] [34mcolcon.colcon_core.package_identification[0m [1;30mDEBUG[0m [32mPackage 'src/arm_controller_pkg' with type 'ros.ament_python' and name 'arm_controller_pkg'[0m
[0.974s] [34mcolcon.colcon_core.package_identification[0m [1;30mLevel 1[0m _identify(src/cart_controller_pkg) by extensions ['ignore', 'ignore_ament_install']
[0.974s] [34mcolcon.colcon_core.package_identification[0m [1;30mLevel 1[0m _identify(src/cart_controller_pkg) by extension 'ignore'
[0.974s] [34mcolcon.colcon_core.package_identification[0m [1;30mLevel 1[0m _identify(src/cart_controller_pkg) by extension 'ignore_ament_install'
[0.975s] [34mcolcon.colcon_core.package_identification[0m [1;30mLevel 1[0m _identify(src/cart_controller_pkg) by extensions ['colcon_pkg']
[0.975s] [34mcolcon.colcon_core.package_identification[0m [1;30mLevel 1[0m _identify(src/cart_controller_pkg) by extension 'colcon_pkg'
[0.975s] [34mcolcon.colcon_core.package_identification[0m [1;30mLevel 1[0m _identify(src/cart_controller_pkg) by extensions ['colcon_meta']
[0.975s] [34mcolcon.colcon_core.package_identification[0m [1;30mLevel 1[0m _identify(src/cart_controller_pkg) by extension 'colcon_meta'
[0.975s] [34mcolcon.colcon_core.package_identification[0m [1;30mLevel 1[0m _identify(src/cart_controller_pkg) by extensions ['ros']
[0.975s] [34mcolcon.colcon_core.package_identification[0m [1;30mLevel 1[0m _identify(src/cart_controller_pkg) by extension 'ros'
[0.977s] [34mcolcon.colcon_core.package_identification[0m [1;30mDEBUG[0m [32mPackage 'src/cart_controller_pkg' with type 'ros.ament_python' and name 'cart_controller_pkg'[0m
[0.977s] [34mcolcon.colcon_core.package_identification[0m [1;30mLevel 1[0m _identify(src/cart_module_ros2) by extensions ['ignore', 'ignore_ament_install']
[0.978s] [34mcolcon.colcon_core.package_identification[0m [1;30mLevel 1[0m _identify(src/cart_module_ros2) by extension 'ignore'
[0.978s] [34mcolcon.colcon_core.package_identification[0m [1;30mLevel 1[0m _identify(src/cart_module_ros2) by extension 'ignore_ament_install'
[0.978s] [34mcolcon.colcon_core.package_identification[0m [1;30mLevel 1[0m _identify(src/cart_module_ros2) by extensions ['colcon_pkg']
[0.978s] [34mcolcon.colcon_core.package_identification[0m [1;30mLevel 1[0m _identify(src/cart_module_ros2) by extension 'colcon_pkg'
[0.978s] [34mcolcon.colcon_core.package_identification[0m [1;30mLevel 1[0m _identify(src/cart_module_ros2) by extensions ['colcon_meta']
[0.978s] [34mcolcon.colcon_core.package_identification[0m [1;30mLevel 1[0m _identify(src/cart_module_ros2) by extension 'colcon_meta'
[0.978s] [34mcolcon.colcon_core.package_identification[0m [1;30mLevel 1[0m _identify(src/cart_module_ros2) by extensions ['ros']
[0.978s] [34mcolcon.colcon_core.package_identification[0m [1;30mLevel 1[0m _identify(src/cart_module_ros2) by extension 'ros'
[0.980s] [34mcolcon.colcon_core.package_identification[0m [1;30mDEBUG[0m [32mPackage 'src/cart_module_ros2' with type 'ros.ament_python' and name 'cart_module_ros2'[0m
[0.980s] [34mcolcon.colcon_core.package_identification[0m [1;30mLevel 1[0m _identify(src/end_effector_pkg) by extensions ['ignore', 'ignore_ament_install']
[0.980s] [34mcolcon.colcon_core.package_identification[0m [1;30mLevel 1[0m _identify(src/end_effector_pkg) by extension 'ignore'
[0.980s] [34mcolcon.colcon_core.package_identification[0m [1;30mLevel 1[0m _identify(src/end_effector_pkg) by extension 'ignore_ament_install'
[0.980s] [34mcolcon.colcon_core.package_identification[0m [1;30mLevel 1[0m _identify(src/end_effector_pkg) by extensions ['colcon_pkg']
[0.981s] [34mcolcon.colcon_core.package_identification[0m [1;30mLevel 1[0m _identify(src/end_effector_pkg) by extension 'colcon_pkg'
[0.981s] [34mcolcon.colcon_core.package_identification[0m [1;30mLevel 1[0m _identify(src/end_effector_pkg) by extensions ['colcon_meta']
[0.981s] [34mcolcon.colcon_core.package_identification[0m [1;30mLevel 1[0m _identify(src/end_effector_pkg) by extension 'colcon_meta'
[0.981s] [34mcolcon.colcon_core.package_identification[0m [1;30mLevel 1[0m _identify(src/end_effector_pkg) by extensions ['ros']
[0.981s] [34mcolcon.colcon_core.package_identification[0m [1;30mLevel 1[0m _identify(src/end_effector_pkg) by extension 'ros'
[0.982s] [34mcolcon.colcon_core.package_identification[0m [1;30mDEBUG[0m [32mPackage 'src/end_effector_pkg' with type 'ros.ament_python' and name 'end_effector_pkg'[0m
[0.982s] [34mcolcon.colcon_core.package_identification[0m [1;30mLevel 1[0m _identify(src/harvest_task_pkg) by extensions ['ignore', 'ignore_ament_install']
[0.982s] [34mcolcon.colcon_core.package_identification[0m [1;30mLevel 1[0m _identify(src/harvest_task_pkg) by extension 'ignore'
[0.983s] [34mcolcon.colcon_core.package_identification[0m [1;30mLevel 1[0m _identify(src/harvest_task_pkg) by extension 'ignore_ament_install'
[0.983s] [34mcolcon.colcon_core.package_identification[0m [1;30mLevel 1[0m _identify(src/harvest_task_pkg) by extensions ['colcon_pkg']
[0.983s] [34mcolcon.colcon_core.package_identification[0m [1;30mLevel 1[0m _identify(src/harvest_task_pkg) by extension 'colcon_pkg'
[0.983s] [34mcolcon.colcon_core.package_identification[0m [1;30mLevel 1[0m _identify(src/harvest_task_pkg) by extensions ['colcon_meta']
[0.983s] [34mcolcon.colcon_core.package_identification[0m [1;30mLevel 1[0m _identify(src/harvest_task_pkg) by extension 'colcon_meta'
[0.983s] [34mcolcon.colcon_core.package_identification[0m [1;30mLevel 1[0m _identify(src/harvest_task_pkg) by extensions ['ros']
[0.983s] [34mcolcon.colcon_core.package_identification[0m [1;30mLevel 1[0m _identify(src/harvest_task_pkg) by extension 'ros'
[0.984s] [34mcolcon.colcon_core.package_identification[0m [1;30mDEBUG[0m [32mPackage 'src/harvest_task_pkg' with type 'ros.ament_python' and name 'harvest_task_pkg'[0m
[0.985s] [34mcolcon.colcon_core.package_identification[0m [1;30mLevel 1[0m _identify(src/toms_msg) by extensions ['ignore', 'ignore_ament_install']
[0.985s] [34mcolcon.colcon_core.package_identification[0m [1;30mLevel 1[0m _identify(src/toms_msg) by extension 'ignore'
[0.985s] [34mcolcon.colcon_core.package_identification[0m [1;30mLevel 1[0m _identify(src/toms_msg) by extension 'ignore_ament_install'
[0.985s] [34mcolcon.colcon_core.package_identification[0m [1;30mLevel 1[0m _identify(src/toms_msg) by extensions ['colcon_pkg']
[0.985s] [34mcolcon.colcon_core.package_identification[0m [1;30mLevel 1[0m _identify(src/toms_msg) by extension 'colcon_pkg'
[0.986s] [34mcolcon.colcon_core.package_identification[0m [1;30mLevel 1[0m _identify(src/toms_msg) by extensions ['colcon_meta']
[0.986s] [34mcolcon.colcon_core.package_identification[0m [1;30mLevel 1[0m _identify(src/toms_msg) by extension 'colcon_meta'
[0.986s] [34mcolcon.colcon_core.package_identification[0m [1;30mLevel 1[0m _identify(src/toms_msg) by extensions ['ros']
[0.986s] [34mcolcon.colcon_core.package_identification[0m [1;30mLevel 1[0m _identify(src/toms_msg) by extension 'ros'
[0.987s] [34mcolcon.colcon_core.package_identification[0m [1;30mDEBUG[0m [32mPackage 'src/toms_msg' with type 'ros.ament_cmake' and name 'toms_msg'[0m
[0.988s] [34mcolcon.colcon_core.package_identification[0m [1;30mLevel 1[0m _identify(src/vision_pkg) by extensions ['ignore', 'ignore_ament_install']
[0.988s] [34mcolcon.colcon_core.package_identification[0m [1;30mLevel 1[0m _identify(src/vision_pkg) by extension 'ignore'
[0.988s] [34mcolcon.colcon_core.package_identification[0m [1;30mLevel 1[0m _identify(src/vision_pkg) by extension 'ignore_ament_install'
[0.988s] [34mcolcon.colcon_core.package_identification[0m [1;30mLevel 1[0m _identify(src/vision_pkg) by extensions ['colcon_pkg']
[0.988s] [34mcolcon.colcon_core.package_identification[0m [1;30mLevel 1[0m _identify(src/vision_pkg) by extension 'colcon_pkg'
[0.988s] [34mcolcon.colcon_core.package_identification[0m [1;30mLevel 1[0m _identify(src/vision_pkg) by extensions ['colcon_meta']
[0.988s] [34mcolcon.colcon_core.package_identification[0m [1;30mLevel 1[0m _identify(src/vision_pkg) by extension 'colcon_meta'
[0.989s] [34mcolcon.colcon_core.package_identification[0m [1;30mLevel 1[0m _identify(src/vision_pkg) by extensions ['ros']
[0.989s] [34mcolcon.colcon_core.package_identification[0m [1;30mLevel 1[0m _identify(src/vision_pkg) by extension 'ros'
[0.990s] [34mcolcon.colcon_core.package_identification[0m [1;30mDEBUG[0m [32mPackage 'src/vision_pkg' with type 'ros.ament_python' and name 'vision_pkg'[0m
[0.990s] [34mcolcon.colcon_core.package_discovery[0m [1;30mLevel 1[0m discover_packages(recursive) using defaults
[0.991s] [34mcolcon.colcon_core.package_discovery[0m [1;30mLevel 1[0m discover_packages(ignore) discover
[0.991s] [34mcolcon.colcon_core.package_discovery[0m [1;30mLevel 1[0m discover_packages(ignore) using defaults
[0.991s] [34mcolcon.colcon_core.package_discovery[0m [1;30mLevel 1[0m discover_packages(path) discover
[0.991s] [34mcolcon.colcon_core.package_discovery[0m [1;30mLevel 1[0m discover_packages(path) using defaults
[1.039s] [34mcolcon.colcon_core.package_discovery[0m [1;30mLevel 1[0m discover_packages(prefix_path) check parameters
[1.039s] [34mcolcon.colcon_core.package_discovery[0m [1;30mLevel 1[0m discover_packages(prefix_path) discover
[1.052s] [34mcolcon.colcon_installed_package_information.package_discovery[0m [1;30mDEBUG[0m [32mFound 14 installed packages in /home/ylab/hibikino_toms_ws/install[0m
[1.057s] [34mcolcon.colcon_installed_package_information.package_discovery[0m [1;30mDEBUG[0m [32mFound 9 installed packages in /home/ylab/ws/install[0m
[1.061s] [34mcolcon.colcon_installed_package_information.package_discovery[0m [1;30mDEBUG[0m [32mFound 337 installed packages in /opt/ros/humble[0m
[1.064s] [34mcolcon.colcon_core.package_discovery[0m [1;30mLevel 1[0m discover_packages(prefix_path) using defaults
[1.217s] [34mcolcon.colcon_core.package_selection[0m [1;30mWARNING[0m [33mSome selected packages are already built in one or more underlay workspaces:
	'toms_msg' is in: /home/ylab/hibikino_toms_ws/install/toms_msg
If a package in a merged underlay workspace is overridden and it installs headers, then all packages in the overlay must sort their include directories by workspace order. Failure to do so may result in build failures or undefined behavior at run time.
If the overridden package is used by another package in any underlay, then the overriding package in the overlay must be API and ABI compatible or undefined behavior at run time may occur.

If you understand the risks and want to override a package anyways, add the following to the command line:
	--allow-overriding toms_msg

This may be promoted to an error in a future release of colcon-override-check.[0m
[1.219s] [34mcolcon.colcon_core.verb[0m [1;30mLevel 5[0m set package 'arm_controller_pkg' build argument 'cmake_args' from command line to 'None'
[1.219s] [34mcolcon.colcon_core.verb[0m [1;30mLevel 5[0m set package 'arm_controller_pkg' build argument 'cmake_target' from command line to 'None'
[1.219s] [34mcolcon.colcon_core.verb[0m [1;30mLevel 5[0m set package 'arm_controller_pkg' build argument 'cmake_target_skip_unavailable' from command line to 'False'
[1.219s] [34mcolcon.colcon_core.verb[0m [1;30mLevel 5[0m set package 'arm_controller_pkg' build argument 'cmake_clean_cache' from command line to 'False'
[1.220s] [34mcolcon.colcon_core.verb[0m [1;30mLevel 5[0m set package 'arm_controller_pkg' build argument 'cmake_clean_first' from command line to 'False'
[1.220s] [34mcolcon.colcon_core.verb[0m [1;30mLevel 5[0m set package 'arm_controller_pkg' build argument 'cmake_force_configure' from command line to 'False'
[1.220s] [34mcolcon.colcon_core.verb[0m [1;30mLevel 5[0m set package 'arm_controller_pkg' build argument 'ament_cmake_args' from command line to 'None'
[1.220s] [34mcolcon.colcon_core.verb[0m [1;30mLevel 5[0m set package 'arm_controller_pkg' build argument 'catkin_cmake_args' from command line to 'None'
[1.220s] [34mcolcon.colcon_core.verb[0m [1;30mLevel 5[0m set package 'arm_controller_pkg' build argument 'catkin_skip_building_tests' from command line to 'False'
[1.220s] [34mcolcon.colcon_core.verb[0m [1;30mDEBUG[0m [32mBuilding package 'arm_controller_pkg' with the following arguments: {'ament_cmake_args': None, 'build_base': '/home/ylab/hibikino_toms_ws/build/arm_controller_pkg', 'catkin_cmake_args': None, 'catkin_skip_building_tests': False, 'cmake_args': None, 'cmake_clean_cache': False, 'cmake_clean_first': False, 'cmake_force_configure': False, 'cmake_target': None, 'cmake_target_skip_unavailable': False, 'install_base': '/home/ylab/hibikino_toms_ws/install/arm_controller_pkg', 'merge_install': False, 'path': '/home/ylab/hibikino_toms_ws/src/arm_controller_pkg', 'symlink_install': True, 'test_result_base': None}[0m
[1.221s] [34mcolcon.colcon_core.verb[0m [1;30mLevel 5[0m set package 'cart_controller_pkg' build argument 'cmake_args' from command line to 'None'
[1.221s] [34mcolcon.colcon_core.verb[0m [1;30mLevel 5[0m set package 'cart_controller_pkg' build argument 'cmake_target' from command line to 'None'
[1.221s] [34mcolcon.colcon_core.verb[0m [1;30mLevel 5[0m set package 'cart_controller_pkg' build argument 'cmake_target_skip_unavailable' from command line to 'False'
[1.221s] [34mcolcon.colcon_core.verb[0m [1;30mLevel 5[0m set package 'cart_controller_pkg' build argument 'cmake_clean_cache' from command line to 'False'
[1.221s] [34mcolcon.colcon_core.verb[0m [1;30mLevel 5[0m set package 'cart_controller_pkg' build argument 'cmake_clean_first' from command line to 'False'
[1.221s] [34mcolcon.colcon_core.verb[0m [1;30mLevel 5[0m set package 'cart_controller_pkg' build argument 'cmake_force_configure' from command line to 'False'
[1.221s] [34mcolcon.colcon_core.verb[0m [1;30mLevel 5[0m set package 'cart_controller_pkg' build argument 'ament_cmake_args' from command line to 'None'
[1.221s] [34mcolcon.colcon_core.verb[0m [1;30mLevel 5[0m set package 'cart_controller_pkg' build argument 'catkin_cmake_args' from command line to 'None'
[1.221s] [34mcolcon.colcon_core.verb[0m [1;30mLevel 5[0m set package 'cart_controller_pkg' build argument 'catkin_skip_building_tests' from command line to 'False'
[1.221s] [34mcolcon.colcon_core.verb[0m [1;30mDEBUG[0m [32mBuilding package 'cart_controller_pkg' with the following arguments: {'ament_cmake_args': None, 'build_base': '/home/ylab/hibikino_toms_ws/build/cart_controller_pkg', 'catkin_cmake_args': None, 'catkin_skip_building_tests': False, 'cmake_args': None, 'cmake_clean_cache': False, 'cmake_clean_first': False, 'cmake_force_configure': False, 'cmake_target': None, 'cmake_target_skip_unavailable': False, 'install_base': '/home/ylab/hibikino_toms_ws/install/cart_controller_pkg', 'merge_install': False, 'path': '/home/ylab/hibikino_toms_ws/src/cart_controller_pkg', 'symlink_install': True, 'test_result_base': None}[0m
[1.222s] [34mcolcon.colcon_core.verb[0m [1;30mLevel 5[0m set package 'cart_module_ros2' build argument 'cmake_args' from command line to 'None'
[1.222s] [34mcolcon.colcon_core.verb[0m [1;30mLevel 5[0m set package 'cart_module_ros2' build argument 'cmake_target' from command line to 'None'
[1.222s] [34mcolcon.colcon_core.verb[0m [1;30mLevel 5[0m set package 'cart_module_ros2' build argument 'cmake_target_skip_unavailable' from command line to 'False'
[1.222s] [34mcolcon.colcon_core.verb[0m [1;30mLevel 5[0m set package 'cart_module_ros2' build argument 'cmake_clean_cache' from command line to 'False'
[1.222s] [34mcolcon.colcon_core.verb[0m [1;30mLevel 5[0m set package 'cart_module_ros2' build argument 'cmake_clean_first' from command line to 'False'
[1.222s] [34mcolcon.colcon_core.verb[0m [1;30mLevel 5[0m set package 'cart_module_ros2' build argument 'cmake_force_configure' from command line to 'False'
[1.222s] [34mcolcon.colcon_core.verb[0m [1;30mLevel 5[0m set package 'cart_module_ros2' build argument 'ament_cmake_args' from command line to 'None'
[1.222s] [34mcolcon.colcon_core.verb[0m [1;30mLevel 5[0m set package 'cart_module_ros2' build argument 'catkin_cmake_args' from command line to 'None'
[1.222s] [34mcolcon.colcon_core.verb[0m [1;30mLevel 5[0m set package 'cart_module_ros2' build argument 'catkin_skip_building_tests' from command line to 'False'
[1.222s] [34mcolcon.colcon_core.verb[0m [1;30mDEBUG[0m [32mBuilding package 'cart_module_ros2' with the following arguments: {'ament_cmake_args': None, 'build_base': '/home/ylab/hibikino_toms_ws/build/cart_module_ros2', 'catkin_cmake_args': None, 'catkin_skip_building_tests': False, 'cmake_args': None, 'cmake_clean_cache': False, 'cmake_clean_first': False, 'cmake_force_configure': False, 'cmake_target': None, 'cmake_target_skip_unavailable': False, 'install_base': '/home/ylab/hibikino_toms_ws/install/cart_module_ros2', 'merge_install': False, 'path': '/home/ylab/hibikino_toms_ws/src/cart_module_ros2', 'symlink_install': True, 'test_result_base': None}[0m
[1.223s] [34mcolcon.colcon_core.verb[0m [1;30mLevel 5[0m set package 'end_effector_pkg' build argument 'cmake_args' from command line to 'None'
[1.223s] [34mcolcon.colcon_core.verb[0m [1;30mLevel 5[0m set package 'end_effector_pkg' build argument 'cmake_target' from command line to 'None'
[1.223s] [34mcolcon.colcon_core.verb[0m [1;30mLevel 5[0m set package 'end_effector_pkg' build argument 'cmake_target_skip_unavailable' from command line to 'False'
[1.223s] [34mcolcon.colcon_core.verb[0m [1;30mLevel 5[0m set package 'end_effector_pkg' build argument 'cmake_clean_cache' from command line to 'False'
[1.223s] [34mcolcon.colcon_core.verb[0m [1;30mLevel 5[0m set package 'end_effector_pkg' build argument 'cmake_clean_first' from command line to 'False'
[1.223s] [34mcolcon.colcon_core.verb[0m [1;30mLevel 5[0m set package 'end_effector_pkg' build argument 'cmake_force_configure' from command line to 'False'
[1.223s] [34mcolcon.colcon_core.verb[0m [1;30mLevel 5[0m set package 'end_effector_pkg' build argument 'ament_cmake_args' from command line to 'None'
[1.224s] [34mcolcon.colcon_core.verb[0m [1;30mLevel 5[0m set package 'end_effector_pkg' build argument 'catkin_cmake_args' from command line to 'None'
[1.224s] [34mcolcon.colcon_core.verb[0m [1;30mLevel 5[0m set package 'end_effector_pkg' build argument 'catkin_skip_building_tests' from command line to 'False'
[1.224s] [34mcolcon.colcon_core.verb[0m [1;30mDEBUG[0m [32mBuilding package 'end_effector_pkg' with the following arguments: {'ament_cmake_args': None, 'build_base': '/home/ylab/hibikino_toms_ws/build/end_effector_pkg', 'catkin_cmake_args': None, 'catkin_skip_building_tests': False, 'cmake_args': None, 'cmake_clean_cache': False, 'cmake_clean_first': False, 'cmake_force_configure': False, 'cmake_target': None, 'cmake_target_skip_unavailable': False, 'install_base': '/home/ylab/hibikino_toms_ws/install/end_effector_pkg', 'merge_install': False, 'path': '/home/ylab/hibikino_toms_ws/src/end_effector_pkg', 'symlink_install': True, 'test_result_base': None}[0m
[1.224s] [34mcolcon.colcon_core.verb[0m [1;30mLevel 5[0m set package 'harvest_task_pkg' build argument 'cmake_args' from command line to 'None'
[1.224s] [34mcolcon.colcon_core.verb[0m [1;30mLevel 5[0m set package 'harvest_task_pkg' build argument 'cmake_target' from command line to 'None'
[1.225s] [34mcolcon.colcon_core.verb[0m [1;30mLevel 5[0m set package 'harvest_task_pkg' build argument 'cmake_target_skip_unavailable' from command line to 'False'
[1.225s] [34mcolcon.colcon_core.verb[0m [1;30mLevel 5[0m set package 'harvest_task_pkg' build argument 'cmake_clean_cache' from command line to 'False'
[1.225s] [34mcolcon.colcon_core.verb[0m [1;30mLevel 5[0m set package 'harvest_task_pkg' build argument 'cmake_clean_first' from command line to 'False'
[1.225s] [34mcolcon.colcon_core.verb[0m [1;30mLevel 5[0m set package 'harvest_task_pkg' build argument 'cmake_force_configure' from command line to 'False'
[1.225s] [34mcolcon.colcon_core.verb[0m [1;30mLevel 5[0m set package 'harvest_task_pkg' build argument 'ament_cmake_args' from command line to 'None'
[1.225s] [34mcolcon.colcon_core.verb[0m [1;30mLevel 5[0m set package 'harvest_task_pkg' build argument 'catkin_cmake_args' from command line to 'None'
[1.225s] [34mcolcon.colcon_core.verb[0m [1;30mLevel 5[0m set package 'harvest_task_pkg' build argument 'catkin_skip_building_tests' from command line to 'False'
[1.225s] [34mcolcon.colcon_core.verb[0m [1;30mDEBUG[0m [32mBuilding package 'harvest_task_pkg' with the following arguments: {'ament_cmake_args': None, 'build_base': '/home/ylab/hibikino_toms_ws/build/harvest_task_pkg', 'catkin_cmake_args': None, 'catkin_skip_building_tests': False, 'cmake_args': None, 'cmake_clean_cache': False, 'cmake_clean_first': False, 'cmake_force_configure': False, 'cmake_target': None, 'cmake_target_skip_unavailable': False, 'install_base': '/home/ylab/hibikino_toms_ws/install/harvest_task_pkg', 'merge_install': False, 'path': '/home/ylab/hibikino_toms_ws/src/harvest_task_pkg', 'symlink_install': True, 'test_result_base': None}[0m
[1.226s] [34mcolcon.colcon_core.verb[0m [1;30mLevel 5[0m set package 'toms_msg' build argument 'cmake_args' from command line to 'None'
[1.226s] [34mcolcon.colcon_core.verb[0m [1;30mLevel 5[0m set package 'toms_msg' build argument 'cmake_target' from command line to 'None'
[1.226s] [34mcolcon.colcon_core.verb[0m [1;30mLevel 5[0m set package 'toms_msg' build argument 'cmake_target_skip_unavailable' from command line to 'False'
[1.226s] [34mcolcon.colcon_core.verb[0m [1;30mLevel 5[0m set package 'toms_msg' build argument 'cmake_clean_cache' from command line to 'False'
[1.226s] [34mcolcon.colcon_core.verb[0m [1;30mLevel 5[0m set package 'toms_msg' build argument 'cmake_clean_first' from command line to 'False'
[1.226s] [34mcolcon.colcon_core.verb[0m [1;30mLevel 5[0m set package 'toms_msg' build argument 'cmake_force_configure' from command line to 'False'
[1.226s] [34mcolcon.colcon_core.verb[0m [1;30mLevel 5[0m set package 'toms_msg' build argument 'ament_cmake_args' from command line to 'None'
[1.226s] [34mcolcon.colcon_core.verb[0m [1;30mLevel 5[0m set package 'toms_msg' build argument 'catkin_cmake_args' from command line to 'None'
[1.226s] [34mcolcon.colcon_core.verb[0m [1;30mLevel 5[0m set package 'toms_msg' build argument 'catkin_skip_building_tests' from command line to 'False'
[1.226s] [34mcolcon.colcon_core.verb[0m [1;30mDEBUG[0m [32mBuilding package 'toms_msg' with the following arguments: {'ament_cmake_args': None, 'build_base': '/home/ylab/hibikino_toms_ws/build/toms_msg', 'catkin_cmake_args': None, 'catkin_skip_building_tests': False, 'cmake_args': None, 'cmake_clean_cache': False, 'cmake_clean_first': False, 'cmake_force_configure': False, 'cmake_target': None, 'cmake_target_skip_unavailable': False, 'install_base': '/home/ylab/hibikino_toms_ws/install/toms_msg', 'merge_install': False, 'path': '/home/ylab/hibikino_toms_ws/src/toms_msg', 'symlink_install': True, 'test_result_base': None}[0m
[1.227s] [34mcolcon.colcon_core.verb[0m [1;30mLevel 5[0m set package 'vision_pkg' build argument 'cmake_args' from command line to 'None'
[1.227s] [34mcolcon.colcon_core.verb[0m [1;30mLevel 5[0m set package 'vision_pkg' build argument 'cmake_target' from command line to 'None'
[1.227s] [34mcolcon.colcon_core.verb[0m [1;30mLevel 5[0m set package 'vision_pkg' build argument 'cmake_target_skip_unavailable' from command line to 'False'
[1.227s] [34mcolcon.colcon_core.verb[0m [1;30mLevel 5[0m set package 'vision_pkg' build argument 'cmake_clean_cache' from command line to 'False'
[1.227s] [34mcolcon.colcon_core.verb[0m [1;30mLevel 5[0m set package 'vision_pkg' build argument 'cmake_clean_first' from command line to 'False'
[1.227s] [34mcolcon.colcon_core.verb[0m [1;30mLevel 5[0m set package 'vision_pkg' build argument 'cmake_force_configure' from command line to 'False'
[1.227s] [34mcolcon.colcon_core.verb[0m [1;30mLevel 5[0m set package 'vision_pkg' build argument 'ament_cmake_args' from command line to 'None'
[1.227s] [34mcolcon.colcon_core.verb[0m [1;30mLevel 5[0m set package 'vision_pkg' build argument 'catkin_cmake_args' from command line to 'None'
[1.227s] [34mcolcon.colcon_core.verb[0m [1;30mLevel 5[0m set package 'vision_pkg' build argument 'catkin_skip_building_tests' from command line to 'False'
[1.227s] [34mcolcon.colcon_core.verb[0m [1;30mDEBUG[0m [32mBuilding package 'vision_pkg' with the following arguments: {'ament_cmake_args': None, 'build_base': '/home/ylab/hibikino_toms_ws/build/vision_pkg', 'catkin_cmake_args': None, 'catkin_skip_building_tests': False, 'cmake_args': None, 'cmake_clean_cache': False, 'cmake_clean_first': False, 'cmake_force_configure': False, 'cmake_target': None, 'cmake_target_skip_unavailable': False, 'install_base': '/home/ylab/hibikino_toms_ws/install/vision_pkg', 'merge_install': False, 'path': '/home/ylab/hibikino_toms_ws/src/vision_pkg', 'symlink_install': True, 'test_result_base': None}[0m
[1.228s] [34mcolcon.colcon_core.executor[0m [1;30mINFO[0m Executing jobs using 'parallel' executor
[1.231s] [34mcolcon.colcon_parallel_executor.executor.parallel[0m [1;30mDEBUG[0m [32mrun_until_complete[0m
[1.231s] [34mcolcon.colcon_ros.task.ament_python.build[0m [1;30mINFO[0m Building ROS package in '/home/ylab/hibikino_toms_ws/src/arm_controller_pkg' with build type 'ament_python'
[1.232s] [34mcolcon.colcon_core.shell[0m [1;30mLevel 1[0m create_environment_hook('arm_controller_pkg', 'ament_prefix_path')
[1.240s] [34mcolcon.colcon_core.plugin_system[0m [1;30mINFO[0m Skipping extension 'colcon_core.shell.bat': Not used on non-Windows systems
[1.240s] [34mcolcon.colcon_core.shell[0m [1;30mINFO[0m Creating environment hook '/home/ylab/hibikino_toms_ws/install/arm_controller_pkg/share/arm_controller_pkg/hook/ament_prefix_path.ps1'
[1.243s] [34mcolcon.colcon_core.shell[0m [1;30mINFO[0m Creating environment descriptor '/home/ylab/hibikino_toms_ws/install/arm_controller_pkg/share/arm_controller_pkg/hook/ament_prefix_path.dsv'
[1.244s] [34mcolcon.colcon_core.shell[0m [1;30mINFO[0m Creating environment hook '/home/ylab/hibikino_toms_ws/install/arm_controller_pkg/share/arm_controller_pkg/hook/ament_prefix_path.sh'
[1.246s] [34mcolcon.colcon_core.shell[0m [1;30mINFO[0m Skip shell extension 'powershell' for command environment: Not usable outside of PowerShell
[1.247s] [34mcolcon.colcon_core.shell[0m [1;30mDEBUG[0m [32mSkip shell extension 'dsv' for command environment[0m
[1.258s] [34mcolcon.colcon_ros.task.ament_python.build[0m [1;30mINFO[0m Building ROS package in '/home/ylab/hibikino_toms_ws/src/cart_controller_pkg' with build type 'ament_python'
[1.258s] [34mcolcon.colcon_core.shell[0m [1;30mLevel 1[0m create_environment_hook('cart_controller_pkg', 'ament_prefix_path')
[1.259s] [34mcolcon.colcon_core.shell[0m [1;30mINFO[0m Creating environment hook '/home/ylab/hibikino_toms_ws/install/cart_controller_pkg/share/cart_controller_pkg/hook/ament_prefix_path.ps1'
[1.260s] [34mcolcon.colcon_core.shell[0m [1;30mINFO[0m Creating environment descriptor '/home/ylab/hibikino_toms_ws/install/cart_controller_pkg/share/cart_controller_pkg/hook/ament_prefix_path.dsv'
[1.261s] [34mcolcon.colcon_core.shell[0m [1;30mINFO[0m Creating environment hook '/home/ylab/hibikino_toms_ws/install/cart_controller_pkg/share/cart_controller_pkg/hook/ament_prefix_path.sh'
[1.262s] [34mcolcon.colcon_core.shell[0m [1;30mINFO[0m Skip shell extension 'powershell' for command environment: Not usable outside of PowerShell
[1.262s] [34mcolcon.colcon_core.shell[0m [1;30mDEBUG[0m [32mSkip shell extension 'dsv' for command environment[0m
[1.272s] [34mcolcon.colcon_ros.task.ament_python.build[0m [1;30mINFO[0m Building ROS package in '/home/ylab/hibikino_toms_ws/src/cart_module_ros2' with build type 'ament_python'
[1.273s] [34mcolcon.colcon_core.shell[0m [1;30mLevel 1[0m create_environment_hook('cart_module_ros2', 'ament_prefix_path')
[1.273s] [34mcolcon.colcon_core.shell[0m [1;30mINFO[0m Creating environment hook '/home/ylab/hibikino_toms_ws/install/cart_module_ros2/share/cart_module_ros2/hook/ament_prefix_path.ps1'
[1.275s] [34mcolcon.colcon_core.shell[0m [1;30mINFO[0m Creating environment descriptor '/home/ylab/hibikino_toms_ws/install/cart_module_ros2/share/cart_module_ros2/hook/ament_prefix_path.dsv'
[1.276s] [34mcolcon.colcon_core.shell[0m [1;30mINFO[0m Creating environment hook '/home/ylab/hibikino_toms_ws/install/cart_module_ros2/share/cart_module_ros2/hook/ament_prefix_path.sh'
[1.277s] [34mcolcon.colcon_core.shell[0m [1;30mINFO[0m Skip shell extension 'powershell' for command environment: Not usable outside of PowerShell
[1.278s] [34mcolcon.colcon_core.shell[0m [1;30mDEBUG[0m [32mSkip shell extension 'dsv' for command environment[0m
[1.287s] [34mcolcon.colcon_ros.task.ament_python.build[0m [1;30mINFO[0m Building ROS package in '/home/ylab/hibikino_toms_ws/src/end_effector_pkg' with build type 'ament_python'
[1.287s] [34mcolcon.colcon_core.shell[0m [1;30mLevel 1[0m create_environment_hook('end_effector_pkg', 'ament_prefix_path')
[1.288s] [34mcolcon.colcon_core.shell[0m [1;30mINFO[0m Creating environment hook '/home/ylab/hibikino_toms_ws/install/end_effector_pkg/share/end_effector_pkg/hook/ament_prefix_path.ps1'
[1.289s] [34mcolcon.colcon_core.shell[0m [1;30mINFO[0m Creating environment descriptor '/home/ylab/hibikino_toms_ws/install/end_effector_pkg/share/end_effector_pkg/hook/ament_prefix_path.dsv'
[1.290s] [34mcolcon.colcon_core.shell[0m [1;30mINFO[0m Creating environment hook '/home/ylab/hibikino_toms_ws/install/end_effector_pkg/share/end_effector_pkg/hook/ament_prefix_path.sh'
[1.292s] [34mcolcon.colcon_core.shell[0m [1;30mINFO[0m Skip shell extension 'powershell' for command environment: Not usable outside of PowerShell
[1.292s] [34mcolcon.colcon_core.shell[0m [1;30mDEBUG[0m [32mSkip shell extension 'dsv' for command environment[0m
[1.302s] [34mcolcon.colcon_ros.task.ament_python.build[0m [1;30mINFO[0m Building ROS package in '/home/ylab/hibikino_toms_ws/src/harvest_task_pkg' with build type 'ament_python'
[1.302s] [34mcolcon.colcon_core.shell[0m [1;30mLevel 1[0m create_environment_hook('harvest_task_pkg', 'ament_prefix_path')
[1.302s] [34mcolcon.colcon_core.shell[0m [1;30mINFO[0m Creating environment hook '/home/ylab/hibikino_toms_ws/install/harvest_task_pkg/share/harvest_task_pkg/hook/ament_prefix_path.ps1'
[1.304s] [34mcolcon.colcon_core.shell[0m [1;30mINFO[0m Creating environment descriptor '/home/ylab/hibikino_toms_ws/install/harvest_task_pkg/share/harvest_task_pkg/hook/ament_prefix_path.dsv'
[1.304s] [34mcolcon.colcon_core.shell[0m [1;30mINFO[0m Creating environment hook '/home/ylab/hibikino_toms_ws/install/harvest_task_pkg/share/harvest_task_pkg/hook/ament_prefix_path.sh'
[1.306s] [34mcolcon.colcon_core.shell[0m [1;30mINFO[0m Skip shell extension 'powershell' for command environment: Not usable outside of PowerShell
[1.306s] [34mcolcon.colcon_core.shell[0m [1;30mDEBUG[0m [32mSkip shell extension 'dsv' for command environment[0m
[1.316s] [34mcolcon.colcon_ros.task.ament_cmake.build[0m [1;30mINFO[0m Building ROS package in '/home/ylab/hibikino_toms_ws/src/toms_msg' with build type 'ament_cmake'
[1.316s] [34mcolcon.colcon_cmake.task.cmake.build[0m [1;30mINFO[0m Building CMake package in '/home/ylab/hibikino_toms_ws/src/toms_msg'
[1.317s] [34mcolcon.colcon_core.shell[0m [1;30mINFO[0m Skip shell extension 'powershell' for command environment: Not usable outside of PowerShell
[1.317s] [34mcolcon.colcon_core.shell[0m [1;30mDEBUG[0m [32mSkip shell extension 'dsv' for command environment[0m
[1.326s] [34mcolcon.colcon_ros.task.ament_python.build[0m [1;30mINFO[0m Building ROS package in '/home/ylab/hibikino_toms_ws/src/vision_pkg' with build type 'ament_python'
[1.327s] [34mcolcon.colcon_core.shell[0m [1;30mLevel 1[0m create_environment_hook('vision_pkg', 'ament_prefix_path')
[1.327s] [34mcolcon.colcon_core.shell[0m [1;30mINFO[0m Creating environment hook '/home/ylab/hibikino_toms_ws/install/vision_pkg/share/vision_pkg/hook/ament_prefix_path.ps1'
[1.329s] [34mcolcon.colcon_core.shell[0m [1;30mINFO[0m Creating environment descriptor '/home/ylab/hibikino_toms_ws/install/vision_pkg/share/vision_pkg/hook/ament_prefix_path.dsv'
[1.330s] [34mcolcon.colcon_core.shell[0m [1;30mINFO[0m Creating environment hook '/home/ylab/hibikino_toms_ws/install/vision_pkg/share/vision_pkg/hook/ament_prefix_path.sh'
[1.331s] [34mcolcon.colcon_core.shell[0m [1;30mINFO[0m Skip shell extension 'powershell' for command environment: Not usable outside of PowerShell
[1.331s] [34mcolcon.colcon_core.shell[0m [1;30mDEBUG[0m [32mSkip shell extension 'dsv' for command environment[0m
[2.068s] [34mcolcon.colcon_core.task.python.build[0m [1;30mINFO[0m Building Python package in '/home/ylab/hibikino_toms_ws/src/arm_controller_pkg'
[2.069s] [34mcolcon.colcon_core.shell[0m [1;30mINFO[0m Skip shell extension 'powershell' for command environment: Not usable outside of PowerShell
[2.069s] [34mcolcon.colcon_core.shell[0m [1;30mDEBUG[0m [32mSkip shell extension 'dsv' for command environment[0m
[2.802s] [34mcolcon.colcon_core.task.python.build[0m [1;30mINFO[0m Building Python package in '/home/ylab/hibikino_toms_ws/src/cart_controller_pkg'
[2.803s] [34mcolcon.colcon_core.shell[0m [1;30mINFO[0m Skip shell extension 'powershell' for command environment: Not usable outside of PowerShell
[2.803s] [34mcolcon.colcon_core.shell[0m [1;30mDEBUG[0m [32mSkip shell extension 'dsv' for command environment[0m
[3.597s] [34mcolcon.colcon_core.task.python.build[0m [1;30mINFO[0m Building Python package in '/home/ylab/hibikino_toms_ws/src/cart_module_ros2'
[3.598s] [34mcolcon.colcon_core.shell[0m [1;30mINFO[0m Skip shell extension 'powershell' for command environment: Not usable outside of PowerShell
[3.598s] [34mcolcon.colcon_core.shell[0m [1;30mDEBUG[0m [32mSkip shell extension 'dsv' for command environment[0m
[4.341s] [34mcolcon.colcon_core.task.python.build[0m [1;30mINFO[0m Building Python package in '/home/ylab/hibikino_toms_ws/src/end_effector_pkg'
[4.342s] [34mcolcon.colcon_core.shell[0m [1;30mINFO[0m Skip shell extension 'powershell' for command environment: Not usable outside of PowerShell
[4.342s] [34mcolcon.colcon_core.shell[0m [1;30mDEBUG[0m [32mSkip shell extension 'dsv' for command environment[0m
[5.088s] [34mcolcon.colcon_core.task.python.build[0m [1;30mINFO[0m Building Python package in '/home/ylab/hibikino_toms_ws/src/harvest_task_pkg'
[5.089s] [34mcolcon.colcon_core.shell[0m [1;30mINFO[0m Skip shell extension 'powershell' for command environment: Not usable outside of PowerShell
[5.090s] [34mcolcon.colcon_core.shell[0m [1;30mDEBUG[0m [32mSkip shell extension 'dsv' for command environment[0m
[5.118s] [34mcolcon.colcon_core.event_handler.log_command[0m [1;30mDEBUG[0m [32mInvoking command in '/home/ylab/hibikino_toms_ws/build/toms_msg': CMAKE_PREFIX_PATH=${CMAKE_PREFIX_PATH}:/home/ylab/hibikino_toms_ws/install/vision_pkg:/home/ylab/hibikino_toms_ws/install/behavior_planner:/home/ylab/hibikino_toms_ws/install/smach_ros:/home/ylab/hibikino_toms_ws/install/smach:/home/ylab/hibikino_toms_ws/install/harvest_task_pkg:/home/ylab/hibikino_toms_ws/install/end_effector_pkg:/home/ylab/hibikino_toms_ws/install/cart_module_ros2:/home/ylab/hibikino_toms_ws/install/cart_controller_pkg:/home/ylab/hibikino_toms_ws/install/arm_controller_pkg:/home/ylab/ws/install/opencv_tests:/opt/ros/humble /usr/bin/cmake --build /home/ylab/hibikino_toms_ws/build/toms_msg -- -j12 -l12[0m
[5.917s] [34mcolcon.colcon_core.task.python.build[0m [1;30mINFO[0m Building Python package in '/home/ylab/hibikino_toms_ws/src/vision_pkg'
[5.919s] [34mcolcon.colcon_core.shell[0m [1;30mINFO[0m Skip shell extension 'powershell' for command environment: Not usable outside of PowerShell
[5.919s] [34mcolcon.colcon_core.shell[0m [1;30mDEBUG[0m [32mSkip shell extension 'dsv' for command environment[0m
[6.952s] [34mcolcon.colcon_core.event_handler.log_command[0m [1;30mDEBUG[0m [32mInvoking command in '/home/ylab/hibikino_toms_ws/build/harvest_task_pkg': PYTHONPATH=/home/ylab/hibikino_toms_ws/build/harvest_task_pkg/prefix_override:/usr/lib/python3/dist-packages/colcon_core/task/python/colcon_distutils_commands:/home/ylab/hibikino_toms_ws/install/harvest_task_pkg/lib/python3.10/site-packages:${PYTHONPATH} /usr/bin/python3 -W ignore:setup.py install is deprecated -W ignore:easy_install command is deprecated setup.py develop --editable --build-directory /home/ylab/hibikino_toms_ws/build/harvest_task_pkg/build --no-deps symlink_data[0m
[6.958s] [34mcolcon.colcon_core.event_handler.log_command[0m [1;30mDEBUG[0m [32mInvoking command in '/home/ylab/hibikino_toms_ws/build/cart_module_ros2': PYTHONPATH=/home/ylab/hibikino_toms_ws/build/cart_module_ros2/prefix_override:/usr/lib/python3/dist-packages/colcon_core/task/python/colcon_distutils_commands:/home/ylab/hibikino_toms_ws/install/cart_module_ros2/lib/python3.10/site-packages:${PYTHONPATH} /usr/bin/python3 -W ignore:setup.py install is deprecated -W ignore:easy_install command is deprecated setup.py develop --editable --build-directory /home/ylab/hibikino_toms_ws/build/cart_module_ros2/build --no-deps symlink_data[0m
[6.967s] [34mcolcon.colcon_core.event_handler.log_command[0m [1;30mDEBUG[0m [32mInvoking command in '/home/ylab/hibikino_toms_ws/build/vision_pkg': PYTHONPATH=/home/ylab/hibikino_toms_ws/build/vision_pkg/prefix_override:/usr/lib/python3/dist-packages/colcon_core/task/python/colcon_distutils_commands:/home/ylab/hibikino_toms_ws/install/vision_pkg/lib/python3.10/site-packages:${PYTHONPATH} /usr/bin/python3 -W ignore:setup.py install is deprecated -W ignore:easy_install command is deprecated setup.py develop --editable --build-directory /home/ylab/hibikino_toms_ws/build/vision_pkg/build --no-deps symlink_data[0m
[6.979s] [34mcolcon.colcon_core.event_handler.log_command[0m [1;30mDEBUG[0m [32mInvoking command in '/home/ylab/hibikino_toms_ws/build/end_effector_pkg': PYTHONPATH=/home/ylab/hibikino_toms_ws/build/end_effector_pkg/prefix_override:/usr/lib/python3/dist-packages/colcon_core/task/python/colcon_distutils_commands:/home/ylab/hibikino_toms_ws/install/end_effector_pkg/lib/python3.10/site-packages:${PYTHONPATH} /usr/bin/python3 -W ignore:setup.py install is deprecated -W ignore:easy_install command is deprecated setup.py develop --editable --build-directory /home/ylab/hibikino_toms_ws/build/end_effector_pkg/build --no-deps symlink_data[0m
[6.987s] [34mcolcon.colcon_core.event_handler.log_command[0m [1;30mDEBUG[0m [32mInvoking command in '/home/ylab/hibikino_toms_ws/build/arm_controller_pkg': PYTHONPATH=/home/ylab/hibikino_toms_ws/build/arm_controller_pkg/prefix_override:/usr/lib/python3/dist-packages/colcon_core/task/python/colcon_distutils_commands:/home/ylab/hibikino_toms_ws/install/arm_controller_pkg/lib/python3.10/site-packages:${PYTHONPATH} /usr/bin/python3 -W ignore:setup.py install is deprecated -W ignore:easy_install command is deprecated setup.py develop --editable --build-directory /home/ylab/hibikino_toms_ws/build/arm_controller_pkg/build --no-deps symlink_data[0m
[6.993s] [34mcolcon.colcon_core.event_handler.log_command[0m [1;30mDEBUG[0m [32mInvoking command in '/home/ylab/hibikino_toms_ws/build/cart_controller_pkg': PYTHONPATH=/home/ylab/hibikino_toms_ws/build/cart_controller_pkg/prefix_override:/usr/lib/python3/dist-packages/colcon_core/task/python/colcon_distutils_commands:/home/ylab/hibikino_toms_ws/install/cart_controller_pkg/lib/python3.10/site-packages:${PYTHONPATH} /usr/bin/python3 -W ignore:setup.py install is deprecated -W ignore:easy_install command is deprecated setup.py develop --editable --build-directory /home/ylab/hibikino_toms_ws/build/cart_controller_pkg/build --no-deps symlink_data[0m
[8.319s] [34mcolcon.colcon_core.shell[0m [1;30mLevel 1[0m create_environment_hook('cart_module_ros2', 'pythonpath_develop')
[8.320s] [34mcolcon.colcon_core.shell[0m [1;30mINFO[0m Creating environment hook '/home/ylab/hibikino_toms_ws/build/cart_module_ros2/share/cart_module_ros2/hook/pythonpath_develop.ps1'
[8.322s] [34mcolcon.colcon_core.event_handler.log_command[0m [1;30mDEBUG[0m [32mInvoked command in '/home/ylab/hibikino_toms_ws/build/cart_module_ros2' returned '0': PYTHONPATH=/home/ylab/hibikino_toms_ws/build/cart_module_ros2/prefix_override:/usr/lib/python3/dist-packages/colcon_core/task/python/colcon_distutils_commands:/home/ylab/hibikino_toms_ws/install/cart_module_ros2/lib/python3.10/site-packages:${PYTHONPATH} /usr/bin/python3 -W ignore:setup.py install is deprecated -W ignore:easy_install command is deprecated setup.py develop --editable --build-directory /home/ylab/hibikino_toms_ws/build/cart_module_ros2/build --no-deps symlink_data[0m
[8.323s] [34mcolcon.colcon_core.shell[0m [1;30mINFO[0m Creating environment descriptor '/home/ylab/hibikino_toms_ws/build/cart_module_ros2/share/cart_module_ros2/hook/pythonpath_develop.dsv'
[8.324s] [34mcolcon.colcon_core.shell[0m [1;30mINFO[0m Creating environment hook '/home/ylab/hibikino_toms_ws/build/cart_module_ros2/share/cart_module_ros2/hook/pythonpath_develop.sh'
[8.335s] [34mcolcon.colcon_core.environment[0m [1;30mLevel 1[0m checking '/home/ylab/hibikino_toms_ws/install/cart_module_ros2' for CMake module files
[8.336s] [34mcolcon.colcon_core.environment[0m [1;30mLevel 1[0m checking '/home/ylab/hibikino_toms_ws/install/cart_module_ros2' for CMake config files
[8.338s] [34mcolcon.colcon_core.environment[0m [1;30mLevel 1[0m checking '/home/ylab/hibikino_toms_ws/install/cart_module_ros2/lib'
[8.338s] [34mcolcon.colcon_core.environment[0m [1;30mLevel 1[0m checking '/home/ylab/hibikino_toms_ws/install/cart_module_ros2/bin'
[8.338s] [34mcolcon.colcon_core.environment[0m [1;30mLevel 1[0m checking '/home/ylab/hibikino_toms_ws/install/cart_module_ros2/lib/pkgconfig/cart_module_ros2.pc'
[8.339s] [34mcolcon.colcon_core.environment[0m [1;30mLevel 1[0m checking '/home/ylab/hibikino_toms_ws/install/cart_module_ros2/lib/python3.10/site-packages'
[8.339s] [34mcolcon.colcon_core.shell[0m [1;30mLevel 1[0m create_environment_hook('cart_module_ros2', 'pythonpath')
[8.340s] [34mcolcon.colcon_core.shell[0m [1;30mINFO[0m Creating environment hook '/home/ylab/hibikino_toms_ws/install/cart_module_ros2/share/cart_module_ros2/hook/pythonpath.ps1'
[8.341s] [34mcolcon.colcon_core.shell[0m [1;30mINFO[0m Creating environment descriptor '/home/ylab/hibikino_toms_ws/install/cart_module_ros2/share/cart_module_ros2/hook/pythonpath.dsv'
[8.342s] [34mcolcon.colcon_core.shell[0m [1;30mINFO[0m Creating environment hook '/home/ylab/hibikino_toms_ws/install/cart_module_ros2/share/cart_module_ros2/hook/pythonpath.sh'
[8.343s] [34mcolcon.colcon_core.environment[0m [1;30mLevel 1[0m checking '/home/ylab/hibikino_toms_ws/install/cart_module_ros2/bin'
[8.343s] [34mcolcon.colcon_core.environment[0m [1;30mLevel 1[0m create_environment_scripts_only(cart_module_ros2)
[8.344s] [34mcolcon.colcon_core.shell[0m [1;30mINFO[0m Creating package script '/home/ylab/hibikino_toms_ws/install/cart_module_ros2/share/cart_module_ros2/package.ps1'
[8.348s] [34mcolcon.colcon_core.shell[0m [1;30mINFO[0m Creating package descriptor '/home/ylab/hibikino_toms_ws/install/cart_module_ros2/share/cart_module_ros2/package.dsv'
[8.350s] [34mcolcon.colcon_core.shell[0m [1;30mINFO[0m Creating package script '/home/ylab/hibikino_toms_ws/install/cart_module_ros2/share/cart_module_ros2/package.sh'
[8.352s] [34mcolcon.colcon_core.shell[0m [1;30mINFO[0m Creating package script '/home/ylab/hibikino_toms_ws/install/cart_module_ros2/share/cart_module_ros2/package.bash'
[8.354s] [34mcolcon.colcon_core.shell[0m [1;30mINFO[0m Creating package script '/home/ylab/hibikino_toms_ws/install/cart_module_ros2/share/cart_module_ros2/package.zsh'
[8.356s] [34mcolcon.colcon_core.environment[0m [1;30mLevel 1[0m create_file_with_runtime_dependencies(/home/ylab/hibikino_toms_ws/install/cart_module_ros2/share/colcon-core/packages/cart_module_ros2)
[8.358s] [34mcolcon.colcon_core.shell[0m [1;30mLevel 1[0m create_environment_hook('harvest_task_pkg', 'pythonpath_develop')
[8.359s] [34mcolcon.colcon_core.shell[0m [1;30mINFO[0m Creating environment hook '/home/ylab/hibikino_toms_ws/build/harvest_task_pkg/share/harvest_task_pkg/hook/pythonpath_develop.ps1'
[8.361s] [34mcolcon.colcon_core.shell[0m [1;30mINFO[0m Creating environment descriptor '/home/ylab/hibikino_toms_ws/build/harvest_task_pkg/share/harvest_task_pkg/hook/pythonpath_develop.dsv'
[8.362s] [34mcolcon.colcon_core.event_handler.log_command[0m [1;30mDEBUG[0m [32mInvoked command in '/home/ylab/hibikino_toms_ws/build/harvest_task_pkg' returned '0': PYTHONPATH=/home/ylab/hibikino_toms_ws/build/harvest_task_pkg/prefix_override:/usr/lib/python3/dist-packages/colcon_core/task/python/colcon_distutils_commands:/home/ylab/hibikino_toms_ws/install/harvest_task_pkg/lib/python3.10/site-packages:${PYTHONPATH} /usr/bin/python3 -W ignore:setup.py install is deprecated -W ignore:easy_install command is deprecated setup.py develop --editable --build-directory /home/ylab/hibikino_toms_ws/build/harvest_task_pkg/build --no-deps symlink_data[0m
[8.363s] [34mcolcon.colcon_core.shell[0m [1;30mINFO[0m Creating environment hook '/home/ylab/hibikino_toms_ws/build/harvest_task_pkg/share/harvest_task_pkg/hook/pythonpath_develop.sh'
[8.366s] [34mcolcon.colcon_core.environment[0m [1;30mLevel 1[0m checking '/home/ylab/hibikino_toms_ws/install/harvest_task_pkg' for CMake module files
[8.368s] [34mcolcon.colcon_core.environment[0m [1;30mLevel 1[0m checking '/home/ylab/hibikino_toms_ws/install/harvest_task_pkg' for CMake config files
[8.369s] [34mcolcon.colcon_core.environment[0m [1;30mLevel 1[0m checking '/home/ylab/hibikino_toms_ws/install/harvest_task_pkg/lib'
[8.369s] [34mcolcon.colcon_core.environment[0m [1;30mLevel 1[0m checking '/home/ylab/hibikino_toms_ws/install/harvest_task_pkg/bin'
[8.369s] [34mcolcon.colcon_core.environment[0m [1;30mLevel 1[0m checking '/home/ylab/hibikino_toms_ws/install/harvest_task_pkg/lib/pkgconfig/harvest_task_pkg.pc'
[8.370s] [34mcolcon.colcon_core.environment[0m [1;30mLevel 1[0m checking '/home/ylab/hibikino_toms_ws/install/harvest_task_pkg/lib/python3.10/site-packages'
[8.370s] [34mcolcon.colcon_core.shell[0m [1;30mLevel 1[0m create_environment_hook('harvest_task_pkg', 'pythonpath')
[8.371s] [34mcolcon.colcon_core.shell[0m [1;30mINFO[0m Creating environment hook '/home/ylab/hibikino_toms_ws/install/harvest_task_pkg/share/harvest_task_pkg/hook/pythonpath.ps1'
[8.372s] [34mcolcon.colcon_core.shell[0m [1;30mINFO[0m Creating environment descriptor '/home/ylab/hibikino_toms_ws/install/harvest_task_pkg/share/harvest_task_pkg/hook/pythonpath.dsv'
[8.373s] [34mcolcon.colcon_core.shell[0m [1;30mINFO[0m Creating environment hook '/home/ylab/hibikino_toms_ws/install/harvest_task_pkg/share/harvest_task_pkg/hook/pythonpath.sh'
[8.375s] [34mcolcon.colcon_core.environment[0m [1;30mLevel 1[0m checking '/home/ylab/hibikino_toms_ws/install/harvest_task_pkg/bin'
[8.375s] [34mcolcon.colcon_core.environment[0m [1;30mLevel 1[0m create_environment_scripts_only(harvest_task_pkg)
[8.376s] [34mcolcon.colcon_core.shell[0m [1;30mINFO[0m Creating package script '/home/ylab/hibikino_toms_ws/install/harvest_task_pkg/share/harvest_task_pkg/package.ps1'
[8.378s] [34mcolcon.colcon_core.shell[0m [1;30mINFO[0m Creating package descriptor '/home/ylab/hibikino_toms_ws/install/harvest_task_pkg/share/harvest_task_pkg/package.dsv'
[8.379s] [34mcolcon.colcon_core.shell[0m [1;30mINFO[0m Creating package script '/home/ylab/hibikino_toms_ws/install/harvest_task_pkg/share/harvest_task_pkg/package.sh'
[8.380s] [34mcolcon.colcon_core.shell[0m [1;30mINFO[0m Creating package script '/home/ylab/hibikino_toms_ws/install/harvest_task_pkg/share/harvest_task_pkg/package.bash'
[8.381s] [34mcolcon.colcon_core.shell[0m [1;30mINFO[0m Creating package script '/home/ylab/hibikino_toms_ws/install/harvest_task_pkg/share/harvest_task_pkg/package.zsh'
[8.382s] [34mcolcon.colcon_core.environment[0m [1;30mLevel 1[0m create_file_with_runtime_dependencies(/home/ylab/hibikino_toms_ws/install/harvest_task_pkg/share/colcon-core/packages/harvest_task_pkg)
[8.385s] [34mcolcon.colcon_core.shell[0m [1;30mLevel 1[0m create_environment_hook('vision_pkg', 'pythonpath_develop')
[8.386s] [34mcolcon.colcon_core.shell[0m [1;30mINFO[0m Creating environment hook '/home/ylab/hibikino_toms_ws/build/vision_pkg/share/vision_pkg/hook/pythonpath_develop.ps1'
[8.388s] [34mcolcon.colcon_core.event_handler.log_command[0m [1;30mDEBUG[0m [32mInvoked command in '/home/ylab/hibikino_toms_ws/build/vision_pkg' returned '0': PYTHONPATH=/home/ylab/hibikino_toms_ws/build/vision_pkg/prefix_override:/usr/lib/python3/dist-packages/colcon_core/task/python/colcon_distutils_commands:/home/ylab/hibikino_toms_ws/install/vision_pkg/lib/python3.10/site-packages:${PYTHONPATH} /usr/bin/python3 -W ignore:setup.py install is deprecated -W ignore:easy_install command is deprecated setup.py develop --editable --build-directory /home/ylab/hibikino_toms_ws/build/vision_pkg/build --no-deps symlink_data[0m
[8.388s] [34mcolcon.colcon_core.shell[0m [1;30mINFO[0m Creating environment descriptor '/home/ylab/hibikino_toms_ws/build/vision_pkg/share/vision_pkg/hook/pythonpath_develop.dsv'
[8.389s] [34mcolcon.colcon_core.shell[0m [1;30mINFO[0m Creating environment hook '/home/ylab/hibikino_toms_ws/build/vision_pkg/share/vision_pkg/hook/pythonpath_develop.sh'
[8.391s] [34mcolcon.colcon_core.environment[0m [1;30mLevel 1[0m checking '/home/ylab/hibikino_toms_ws/install/vision_pkg' for CMake module files
[8.392s] [34mcolcon.colcon_core.environment[0m [1;30mLevel 1[0m checking '/home/ylab/hibikino_toms_ws/install/vision_pkg' for CMake config files
[8.393s] [34mcolcon.colcon_core.environment[0m [1;30mLevel 1[0m checking '/home/ylab/hibikino_toms_ws/install/vision_pkg/lib'
[8.393s] [34mcolcon.colcon_core.environment[0m [1;30mLevel 1[0m checking '/home/ylab/hibikino_toms_ws/install/vision_pkg/bin'
[8.393s] [34mcolcon.colcon_core.environment[0m [1;30mLevel 1[0m checking '/home/ylab/hibikino_toms_ws/install/vision_pkg/lib/pkgconfig/vision_pkg.pc'
[8.394s] [34mcolcon.colcon_core.environment[0m [1;30mLevel 1[0m checking '/home/ylab/hibikino_toms_ws/install/vision_pkg/lib/python3.10/site-packages'
[8.394s] [34mcolcon.colcon_core.shell[0m [1;30mLevel 1[0m create_environment_hook('vision_pkg', 'pythonpath')
[8.395s] [34mcolcon.colcon_core.shell[0m [1;30mINFO[0m Creating environment hook '/home/ylab/hibikino_toms_ws/install/vision_pkg/share/vision_pkg/hook/pythonpath.ps1'
[8.396s] [34mcolcon.colcon_core.shell[0m [1;30mINFO[0m Creating environment descriptor '/home/ylab/hibikino_toms_ws/install/vision_pkg/share/vision_pkg/hook/pythonpath.dsv'
[8.397s] [34mcolcon.colcon_core.shell[0m [1;30mINFO[0m Creating environment hook '/home/ylab/hibikino_toms_ws/install/vision_pkg/share/vision_pkg/hook/pythonpath.sh'
[8.398s] [34mcolcon.colcon_core.environment[0m [1;30mLevel 1[0m checking '/home/ylab/hibikino_toms_ws/install/vision_pkg/bin'
[8.398s] [34mcolcon.colcon_core.environment[0m [1;30mLevel 1[0m create_environment_scripts_only(vision_pkg)
[8.399s] [34mcolcon.colcon_core.shell[0m [1;30mINFO[0m Creating package script '/home/ylab/hibikino_toms_ws/install/vision_pkg/share/vision_pkg/package.ps1'
[8.400s] [34mcolcon.colcon_core.shell[0m [1;30mINFO[0m Creating package descriptor '/home/ylab/hibikino_toms_ws/install/vision_pkg/share/vision_pkg/package.dsv'
[8.401s] [34mcolcon.colcon_core.shell[0m [1;30mINFO[0m Creating package script '/home/ylab/hibikino_toms_ws/install/vision_pkg/share/vision_pkg/package.sh'
[8.402s] [34mcolcon.colcon_core.shell[0m [1;30mINFO[0m Creating package script '/home/ylab/hibikino_toms_ws/install/vision_pkg/share/vision_pkg/package.bash'
[8.403s] [34mcolcon.colcon_core.shell[0m [1;30mINFO[0m Creating package script '/home/ylab/hibikino_toms_ws/install/vision_pkg/share/vision_pkg/package.zsh'
[8.404s] [34mcolcon.colcon_core.environment[0m [1;30mLevel 1[0m create_file_with_runtime_dependencies(/home/ylab/hibikino_toms_ws/install/vision_pkg/share/colcon-core/packages/vision_pkg)
[8.404s] [34mcolcon.colcon_core.shell[0m [1;30mLevel 1[0m create_environment_hook('arm_controller_pkg', 'pythonpath_develop')
[8.405s] [34mcolcon.colcon_core.shell[0m [1;30mINFO[0m Creating environment hook '/home/ylab/hibikino_toms_ws/build/arm_controller_pkg/share/arm_controller_pkg/hook/pythonpath_develop.ps1'
[8.408s] [34mcolcon.colcon_core.shell[0m [1;30mINFO[0m Creating environment descriptor '/home/ylab/hibikino_toms_ws/build/arm_controller_pkg/share/arm_controller_pkg/hook/pythonpath_develop.dsv'
[8.408s] [34mcolcon.colcon_core.event_handler.log_command[0m [1;30mDEBUG[0m [32mInvoked command in '/home/ylab/hibikino_toms_ws/build/arm_controller_pkg' returned '0': PYTHONPATH=/home/ylab/hibikino_toms_ws/build/arm_controller_pkg/prefix_override:/usr/lib/python3/dist-packages/colcon_core/task/python/colcon_distutils_commands:/home/ylab/hibikino_toms_ws/install/arm_controller_pkg/lib/python3.10/site-packages:${PYTHONPATH} /usr/bin/python3 -W ignore:setup.py install is deprecated -W ignore:easy_install command is deprecated setup.py develop --editable --build-directory /home/ylab/hibikino_toms_ws/build/arm_controller_pkg/build --no-deps symlink_data[0m
[8.409s] [34mcolcon.colcon_core.shell[0m [1;30mINFO[0m Creating environment hook '/home/ylab/hibikino_toms_ws/build/arm_controller_pkg/share/arm_controller_pkg/hook/pythonpath_develop.sh'
[8.411s] [34mcolcon.colcon_core.environment[0m [1;30mLevel 1[0m checking '/home/ylab/hibikino_toms_ws/install/arm_controller_pkg' for CMake module files
[8.413s] [34mcolcon.colcon_core.environment[0m [1;30mLevel 1[0m checking '/home/ylab/hibikino_toms_ws/install/arm_controller_pkg' for CMake config files
[8.414s] [34mcolcon.colcon_core.environment[0m [1;30mLevel 1[0m checking '/home/ylab/hibikino_toms_ws/install/arm_controller_pkg/lib'
[8.414s] [34mcolcon.colcon_core.environment[0m [1;30mLevel 1[0m checking '/home/ylab/hibikino_toms_ws/install/arm_controller_pkg/bin'
[8.414s] [34mcolcon.colcon_core.environment[0m [1;30mLevel 1[0m checking '/home/ylab/hibikino_toms_ws/install/arm_controller_pkg/lib/pkgconfig/arm_controller_pkg.pc'
[8.415s] [34mcolcon.colcon_core.environment[0m [1;30mLevel 1[0m checking '/home/ylab/hibikino_toms_ws/install/arm_controller_pkg/lib/python3.10/site-packages'
[8.415s] [34mcolcon.colcon_core.shell[0m [1;30mLevel 1[0m create_environment_hook('arm_controller_pkg', 'pythonpath')
[8.415s] [34mcolcon.colcon_core.shell[0m [1;30mINFO[0m Creating environment hook '/home/ylab/hibikino_toms_ws/install/arm_controller_pkg/share/arm_controller_pkg/hook/pythonpath.ps1'
[8.416s] [34mcolcon.colcon_core.shell[0m [1;30mINFO[0m Creating environment descriptor '/home/ylab/hibikino_toms_ws/install/arm_controller_pkg/share/arm_controller_pkg/hook/pythonpath.dsv'
[8.417s] [34mcolcon.colcon_core.shell[0m [1;30mINFO[0m Creating environment hook '/home/ylab/hibikino_toms_ws/install/arm_controller_pkg/share/arm_controller_pkg/hook/pythonpath.sh'
[8.419s] [34mcolcon.colcon_core.environment[0m [1;30mLevel 1[0m checking '/home/ylab/hibikino_toms_ws/install/arm_controller_pkg/bin'
[8.419s] [34mcolcon.colcon_core.environment[0m [1;30mLevel 1[0m create_environment_scripts_only(arm_controller_pkg)
[8.420s] [34mcolcon.colcon_core.shell[0m [1;30mINFO[0m Creating package script '/home/ylab/hibikino_toms_ws/install/arm_controller_pkg/share/arm_controller_pkg/package.ps1'
[8.421s] [34mcolcon.colcon_core.shell[0m [1;30mINFO[0m Creating package descriptor '/home/ylab/hibikino_toms_ws/install/arm_controller_pkg/share/arm_controller_pkg/package.dsv'
[8.422s] [34mcolcon.colcon_core.shell[0m [1;30mINFO[0m Creating package script '/home/ylab/hibikino_toms_ws/install/arm_controller_pkg/share/arm_controller_pkg/package.sh'
[8.423s] [34mcolcon.colcon_core.shell[0m [1;30mINFO[0m Creating package script '/home/ylab/hibikino_toms_ws/install/arm_controller_pkg/share/arm_controller_pkg/package.bash'
[8.424s] [34mcolcon.colcon_core.shell[0m [1;30mINFO[0m Creating package script '/home/ylab/hibikino_toms_ws/install/arm_controller_pkg/share/arm_controller_pkg/package.zsh'
[8.425s] [34mcolcon.colcon_core.environment[0m [1;30mLevel 1[0m create_file_with_runtime_dependencies(/home/ylab/hibikino_toms_ws/install/arm_controller_pkg/share/colcon-core/packages/arm_controller_pkg)
[8.426s] [34mcolcon.colcon_core.shell[0m [1;30mLevel 1[0m create_environment_hook('end_effector_pkg', 'pythonpath_develop')
[8.426s] [34mcolcon.colcon_core.shell[0m [1;30mINFO[0m Creating environment hook '/home/ylab/hibikino_toms_ws/build/end_effector_pkg/share/end_effector_pkg/hook/pythonpath_develop.ps1'
[8.428s] [34mcolcon.colcon_core.event_handler.log_command[0m [1;30mDEBUG[0m [32mInvoked command in '/home/ylab/hibikino_toms_ws/build/end_effector_pkg' returned '0': PYTHONPATH=/home/ylab/hibikino_toms_ws/build/end_effector_pkg/prefix_override:/usr/lib/python3/dist-packages/colcon_core/task/python/colcon_distutils_commands:/home/ylab/hibikino_toms_ws/install/end_effector_pkg/lib/python3.10/site-packages:${PYTHONPATH} /usr/bin/python3 -W ignore:setup.py install is deprecated -W ignore:easy_install command is deprecated setup.py develop --editable --build-directory /home/ylab/hibikino_toms_ws/build/end_effector_pkg/build --no-deps symlink_data[0m
[8.429s] [34mcolcon.colcon_core.shell[0m [1;30mINFO[0m Creating environment descriptor '/home/ylab/hibikino_toms_ws/build/end_effector_pkg/share/end_effector_pkg/hook/pythonpath_develop.dsv'
[8.429s] [34mcolcon.colcon_core.shell[0m [1;30mINFO[0m Creating environment hook '/home/ylab/hibikino_toms_ws/build/end_effector_pkg/share/end_effector_pkg/hook/pythonpath_develop.sh'
[8.431s] [34mcolcon.colcon_core.environment[0m [1;30mLevel 1[0m checking '/home/ylab/hibikino_toms_ws/install/end_effector_pkg' for CMake module files
[8.432s] [34mcolcon.colcon_core.environment[0m [1;30mLevel 1[0m checking '/home/ylab/hibikino_toms_ws/install/end_effector_pkg' for CMake config files
[8.433s] [34mcolcon.colcon_core.environment[0m [1;30mLevel 1[0m checking '/home/ylab/hibikino_toms_ws/install/end_effector_pkg/lib'
[8.433s] [34mcolcon.colcon_core.environment[0m [1;30mLevel 1[0m checking '/home/ylab/hibikino_toms_ws/install/end_effector_pkg/bin'
[8.433s] [34mcolcon.colcon_core.environment[0m [1;30mLevel 1[0m checking '/home/ylab/hibikino_toms_ws/install/end_effector_pkg/lib/pkgconfig/end_effector_pkg.pc'
[8.434s] [34mcolcon.colcon_core.environment[0m [1;30mLevel 1[0m checking '/home/ylab/hibikino_toms_ws/install/end_effector_pkg/lib/python3.10/site-packages'
[8.434s] [34mcolcon.colcon_core.shell[0m [1;30mLevel 1[0m create_environment_hook('end_effector_pkg', 'pythonpath')
[8.434s] [34mcolcon.colcon_core.shell[0m [1;30mINFO[0m Creating environment hook '/home/ylab/hibikino_toms_ws/install/end_effector_pkg/share/end_effector_pkg/hook/pythonpath.ps1'
[8.435s] [34mcolcon.colcon_core.shell[0m [1;30mINFO[0m Creating environment descriptor '/home/ylab/hibikino_toms_ws/install/end_effector_pkg/share/end_effector_pkg/hook/pythonpath.dsv'
[8.436s] [34mcolcon.colcon_core.shell[0m [1;30mINFO[0m Creating environment hook '/home/ylab/hibikino_toms_ws/install/end_effector_pkg/share/end_effector_pkg/hook/pythonpath.sh'
[8.438s] [34mcolcon.colcon_core.environment[0m [1;30mLevel 1[0m checking '/home/ylab/hibikino_toms_ws/install/end_effector_pkg/bin'
[8.438s] [34mcolcon.colcon_core.environment[0m [1;30mLevel 1[0m create_environment_scripts_only(end_effector_pkg)
[8.439s] [34mcolcon.colcon_core.shell[0m [1;30mINFO[0m Creating package script '/home/ylab/hibikino_toms_ws/install/end_effector_pkg/share/end_effector_pkg/package.ps1'
[8.440s] [34mcolcon.colcon_core.shell[0m [1;30mINFO[0m Creating package descriptor '/home/ylab/hibikino_toms_ws/install/end_effector_pkg/share/end_effector_pkg/package.dsv'
[8.441s] [34mcolcon.colcon_core.shell[0m [1;30mINFO[0m Creating package script '/home/ylab/hibikino_toms_ws/install/end_effector_pkg/share/end_effector_pkg/package.sh'
[8.442s] [34mcolcon.colcon_core.shell[0m [1;30mINFO[0m Creating package script '/home/ylab/hibikino_toms_ws/install/end_effector_pkg/share/end_effector_pkg/package.bash'
[8.443s] [34mcolcon.colcon_core.shell[0m [1;30mINFO[0m Creating package script '/home/ylab/hibikino_toms_ws/install/end_effector_pkg/share/end_effector_pkg/package.zsh'
[8.444s] [34mcolcon.colcon_core.environment[0m [1;30mLevel 1[0m create_file_with_runtime_dependencies(/home/ylab/hibikino_toms_ws/install/end_effector_pkg/share/colcon-core/packages/end_effector_pkg)
[8.475s] [34mcolcon.colcon_core.shell[0m [1;30mLevel 1[0m create_environment_hook('cart_controller_pkg', 'pythonpath_develop')
[8.476s] [34mcolcon.colcon_core.shell[0m [1;30mINFO[0m Creating environment hook '/home/ylab/hibikino_toms_ws/build/cart_controller_pkg/share/cart_controller_pkg/hook/pythonpath_develop.ps1'
[8.477s] [34mcolcon.colcon_core.event_handler.log_command[0m [1;30mDEBUG[0m [32mInvoked command in '/home/ylab/hibikino_toms_ws/build/cart_controller_pkg' returned '0': PYTHONPATH=/home/ylab/hibikino_toms_ws/build/cart_controller_pkg/prefix_override:/usr/lib/python3/dist-packages/colcon_core/task/python/colcon_distutils_commands:/home/ylab/hibikino_toms_ws/install/cart_controller_pkg/lib/python3.10/site-packages:${PYTHONPATH} /usr/bin/python3 -W ignore:setup.py install is deprecated -W ignore:easy_install command is deprecated setup.py develop --editable --build-directory /home/ylab/hibikino_toms_ws/build/cart_controller_pkg/build --no-deps symlink_data[0m
[8.479s] [34mcolcon.colcon_core.shell[0m [1;30mINFO[0m Creating environment descriptor '/home/ylab/hibikino_toms_ws/build/cart_controller_pkg/share/cart_controller_pkg/hook/pythonpath_develop.dsv'
[8.480s] [34mcolcon.colcon_core.shell[0m [1;30mINFO[0m Creating environment hook '/home/ylab/hibikino_toms_ws/build/cart_controller_pkg/share/cart_controller_pkg/hook/pythonpath_develop.sh'
[8.483s] [34mcolcon.colcon_core.environment[0m [1;30mLevel 1[0m checking '/home/ylab/hibikino_toms_ws/install/cart_controller_pkg' for CMake module files
[8.485s] [34mcolcon.colcon_core.environment[0m [1;30mLevel 1[0m checking '/home/ylab/hibikino_toms_ws/install/cart_controller_pkg' for CMake config files
[8.487s] [34mcolcon.colcon_core.environment[0m [1;30mLevel 1[0m checking '/home/ylab/hibikino_toms_ws/install/cart_controller_pkg/lib'
[8.487s] [34mcolcon.colcon_core.environment[0m [1;30mLevel 1[0m checking '/home/ylab/hibikino_toms_ws/install/cart_controller_pkg/bin'
[8.487s] [34mcolcon.colcon_core.environment[0m [1;30mLevel 1[0m checking '/home/ylab/hibikino_toms_ws/install/cart_controller_pkg/lib/pkgconfig/cart_controller_pkg.pc'
[8.488s] [34mcolcon.colcon_core.environment[0m [1;30mLevel 1[0m checking '/home/ylab/hibikino_toms_ws/install/cart_controller_pkg/lib/python3.10/site-packages'
[8.488s] [34mcolcon.colcon_core.shell[0m [1;30mLevel 1[0m create_environment_hook('cart_controller_pkg', 'pythonpath')
[8.489s] [34mcolcon.colcon_core.shell[0m [1;30mINFO[0m Creating environment hook '/home/ylab/hibikino_toms_ws/install/cart_controller_pkg/share/cart_controller_pkg/hook/pythonpath.ps1'
[8.491s] [34mcolcon.colcon_core.shell[0m [1;30mINFO[0m Creating environment descriptor '/home/ylab/hibikino_toms_ws/install/cart_controller_pkg/share/cart_controller_pkg/hook/pythonpath.dsv'
[8.492s] [34mcolcon.colcon_core.shell[0m [1;30mINFO[0m Creating environment hook '/home/ylab/hibikino_toms_ws/install/cart_controller_pkg/share/cart_controller_pkg/hook/pythonpath.sh'
[8.494s] [34mcolcon.colcon_core.environment[0m [1;30mLevel 1[0m checking '/home/ylab/hibikino_toms_ws/install/cart_controller_pkg/bin'
[8.494s] [34mcolcon.colcon_core.environment[0m [1;30mLevel 1[0m create_environment_scripts_only(cart_controller_pkg)
[8.495s] [34mcolcon.colcon_core.shell[0m [1;30mINFO[0m Creating package script '/home/ylab/hibikino_toms_ws/install/cart_controller_pkg/share/cart_controller_pkg/package.ps1'
[8.496s] [34mcolcon.colcon_core.shell[0m [1;30mINFO[0m Creating package descriptor '/home/ylab/hibikino_toms_ws/install/cart_controller_pkg/share/cart_controller_pkg/package.dsv'
[8.498s] [34mcolcon.colcon_core.shell[0m [1;30mINFO[0m Creating package script '/home/ylab/hibikino_toms_ws/install/cart_controller_pkg/share/cart_controller_pkg/package.sh'
[8.499s] [34mcolcon.colcon_core.shell[0m [1;30mINFO[0m Creating package script '/home/ylab/hibikino_toms_ws/install/cart_controller_pkg/share/cart_controller_pkg/package.bash'
[8.500s] [34mcolcon.colcon_core.shell[0m [1;30mINFO[0m Creating package script '/home/ylab/hibikino_toms_ws/install/cart_controller_pkg/share/cart_controller_pkg/package.zsh'
[8.500s] [34mcolcon.colcon_core.environment[0m [1;30mLevel 1[0m create_file_with_runtime_dependencies(/home/ylab/hibikino_toms_ws/install/cart_controller_pkg/share/colcon-core/packages/cart_controller_pkg)
[20.088s] [34mcolcon.colcon_core.event_handler.log_command[0m [1;30mDEBUG[0m [32mInvoked command in '/home/ylab/hibikino_toms_ws/build/toms_msg' returned '0': CMAKE_PREFIX_PATH=${CMAKE_PREFIX_PATH}:/home/ylab/hibikino_toms_ws/install/vision_pkg:/home/ylab/hibikino_toms_ws/install/behavior_planner:/home/ylab/hibikino_toms_ws/install/smach_ros:/home/ylab/hibikino_toms_ws/install/smach:/home/ylab/hibikino_toms_ws/install/harvest_task_pkg:/home/ylab/hibikino_toms_ws/install/end_effector_pkg:/home/ylab/hibikino_toms_ws/install/cart_module_ros2:/home/ylab/hibikino_toms_ws/install/cart_controller_pkg:/home/ylab/hibikino_toms_ws/install/arm_controller_pkg:/home/ylab/ws/install/opencv_tests:/opt/ros/humble /usr/bin/cmake --build /home/ylab/hibikino_toms_ws/build/toms_msg -- -j12 -l12[0m
[20.112s] [34mcolcon.colcon_core.event_handler.log_command[0m [1;30mDEBUG[0m [32mInvoking command in '/home/ylab/hibikino_toms_ws/build/toms_msg': CMAKE_PREFIX_PATH=${CMAKE_PREFIX_PATH}:/home/ylab/hibikino_toms_ws/install/vision_pkg:/home/ylab/hibikino_toms_ws/install/behavior_planner:/home/ylab/hibikino_toms_ws/install/smach_ros:/home/ylab/hibikino_toms_ws/install/smach:/home/ylab/hibikino_toms_ws/install/harvest_task_pkg:/home/ylab/hibikino_toms_ws/install/end_effector_pkg:/home/ylab/hibikino_toms_ws/install/cart_module_ros2:/home/ylab/hibikino_toms_ws/install/cart_controller_pkg:/home/ylab/hibikino_toms_ws/install/arm_controller_pkg:/home/ylab/ws/install/opencv_tests:/opt/ros/humble /usr/bin/cmake --install /home/ylab/hibikino_toms_ws/build/toms_msg[0m
[20.378s] [34mcolcon.colcon_core.environment[0m [1;30mLevel 1[0m create_environment_scripts_only(toms_msg)
[20.379s] [34mcolcon.colcon_core.environment[0m [1;30mLevel 1[0m checking '/home/ylab/hibikino_toms_ws/install/toms_msg' for CMake module files
[20.381s] [34mcolcon.colcon_core.event_handler.log_command[0m [1;30mDEBUG[0m [32mInvoked command in '/home/ylab/hibikino_toms_ws/build/toms_msg' returned '0': CMAKE_PREFIX_PATH=${CMAKE_PREFIX_PATH}:/home/ylab/hibikino_toms_ws/install/vision_pkg:/home/ylab/hibikino_toms_ws/install/behavior_planner:/home/ylab/hibikino_toms_ws/install/smach_ros:/home/ylab/hibikino_toms_ws/install/smach:/home/ylab/hibikino_toms_ws/install/harvest_task_pkg:/home/ylab/hibikino_toms_ws/install/end_effector_pkg:/home/ylab/hibikino_toms_ws/install/cart_module_ros2:/home/ylab/hibikino_toms_ws/install/cart_controller_pkg:/home/ylab/hibikino_toms_ws/install/arm_controller_pkg:/home/ylab/ws/install/opencv_tests:/opt/ros/humble /usr/bin/cmake --install /home/ylab/hibikino_toms_ws/build/toms_msg[0m
[20.383s] [34mcolcon.colcon_core.environment[0m [1;30mLevel 1[0m checking '/home/ylab/hibikino_toms_ws/install/toms_msg' for CMake config files
[20.389s] [34mcolcon.colcon_core.shell[0m [1;30mLevel 1[0m create_environment_hook('toms_msg', 'cmake_prefix_path')
[20.390s] [34mcolcon.colcon_core.shell[0m [1;30mINFO[0m Creating environment hook '/home/ylab/hibikino_toms_ws/install/toms_msg/share/toms_msg/hook/cmake_prefix_path.ps1'
[20.392s] [34mcolcon.colcon_core.shell[0m [1;30mINFO[0m Creating environment descriptor '/home/ylab/hibikino_toms_ws/install/toms_msg/share/toms_msg/hook/cmake_prefix_path.dsv'
[20.394s] [34mcolcon.colcon_core.shell[0m [1;30mINFO[0m Creating environment hook '/home/ylab/hibikino_toms_ws/install/toms_msg/share/toms_msg/hook/cmake_prefix_path.sh'
[20.396s] [34mcolcon.colcon_core.environment[0m [1;30mLevel 1[0m checking '/home/ylab/hibikino_toms_ws/install/toms_msg/lib'
[20.396s] [34mcolcon.colcon_core.shell[0m [1;30mLevel 1[0m create_environment_hook('toms_msg', 'ld_library_path_lib')
[20.397s] [34mcolcon.colcon_core.shell[0m [1;30mINFO[0m Creating environment hook '/home/ylab/hibikino_toms_ws/install/toms_msg/share/toms_msg/hook/ld_library_path_lib.ps1'
[20.399s] [34mcolcon.colcon_core.shell[0m [1;30mINFO[0m Creating environment descriptor '/home/ylab/hibikino_toms_ws/install/toms_msg/share/toms_msg/hook/ld_library_path_lib.dsv'
[20.400s] [34mcolcon.colcon_core.shell[0m [1;30mINFO[0m Creating environment hook '/home/ylab/hibikino_toms_ws/install/toms_msg/share/toms_msg/hook/ld_library_path_lib.sh'
[20.402s] [34mcolcon.colcon_core.environment[0m [1;30mLevel 1[0m checking '/home/ylab/hibikino_toms_ws/install/toms_msg/bin'
[20.402s] [34mcolcon.colcon_core.environment[0m [1;30mLevel 1[0m checking '/home/ylab/hibikino_toms_ws/install/toms_msg/lib/pkgconfig/toms_msg.pc'
[20.403s] [34mcolcon.colcon_core.environment[0m [1;30mLevel 1[0m checking '/home/ylab/hibikino_toms_ws/install/toms_msg/lib/python3.10/site-packages'
[20.404s] [34mcolcon.colcon_core.environment[0m [1;30mLevel 1[0m checking '/home/ylab/hibikino_toms_ws/install/toms_msg/bin'
[20.405s] [34mcolcon.colcon_core.shell[0m [1;30mINFO[0m Creating package script '/home/ylab/hibikino_toms_ws/install/toms_msg/share/toms_msg/package.ps1'
[20.407s] [34mcolcon.colcon_core.shell[0m [1;30mINFO[0m Creating package descriptor '/home/ylab/hibikino_toms_ws/install/toms_msg/share/toms_msg/package.dsv'
[20.409s] [34mcolcon.colcon_core.shell[0m [1;30mINFO[0m Creating package script '/home/ylab/hibikino_toms_ws/install/toms_msg/share/toms_msg/package.sh'
[20.410s] [34mcolcon.colcon_core.shell[0m [1;30mINFO[0m Creating package script '/home/ylab/hibikino_toms_ws/install/toms_msg/share/toms_msg/package.bash'
[20.412s] [34mcolcon.colcon_core.shell[0m [1;30mINFO[0m Creating package script '/home/ylab/hibikino_toms_ws/install/toms_msg/share/toms_msg/package.zsh'
[20.413s] [34mcolcon.colcon_core.environment[0m [1;30mLevel 1[0m create_file_with_runtime_dependencies(/home/ylab/hibikino_toms_ws/install/toms_msg/share/colcon-core/packages/toms_msg)
[20.416s] [34mcolcon.colcon_core.environment[0m [1;30mLevel 1[0m create_environment_scripts_only(toms_msg)
[20.417s] [34mcolcon.colcon_core.environment[0m [1;30mLevel 1[0m checking '/home/ylab/hibikino_toms_ws/install/toms_msg' for CMake module files
[20.419s] [34mcolcon.colcon_core.environment[0m [1;30mLevel 1[0m checking '/home/ylab/hibikino_toms_ws/install/toms_msg' for CMake config files
[20.426s] [34mcolcon.colcon_core.shell[0m [1;30mLevel 1[0m create_environment_hook('toms_msg', 'cmake_prefix_path')
[20.426s] [34mcolcon.colcon_core.shell[0m [1;30mINFO[0m Creating environment hook '/home/ylab/hibikino_toms_ws/install/toms_msg/share/toms_msg/hook/cmake_prefix_path.ps1'
[20.428s] [34mcolcon.colcon_core.shell[0m [1;30mINFO[0m Creating environment descriptor '/home/ylab/hibikino_toms_ws/install/toms_msg/share/toms_msg/hook/cmake_prefix_path.dsv'
[20.429s] [34mcolcon.colcon_core.shell[0m [1;30mINFO[0m Creating environment hook '/home/ylab/hibikino_toms_ws/install/toms_msg/share/toms_msg/hook/cmake_prefix_path.sh'
[20.431s] [34mcolcon.colcon_core.environment[0m [1;30mLevel 1[0m checking '/home/ylab/hibikino_toms_ws/install/toms_msg/lib'
[20.431s] [34mcolcon.colcon_core.shell[0m [1;30mLevel 1[0m create_environment_hook('toms_msg', 'ld_library_path_lib')
[20.432s] [34mcolcon.colcon_core.shell[0m [1;30mINFO[0m Creating environment hook '/home/ylab/hibikino_toms_ws/install/toms_msg/share/toms_msg/hook/ld_library_path_lib.ps1'
[20.434s] [34mcolcon.colcon_core.shell[0m [1;30mINFO[0m Creating environment descriptor '/home/ylab/hibikino_toms_ws/install/toms_msg/share/toms_msg/hook/ld_library_path_lib.dsv'
[20.435s] [34mcolcon.colcon_core.shell[0m [1;30mINFO[0m Creating environment hook '/home/ylab/hibikino_toms_ws/install/toms_msg/share/toms_msg/hook/ld_library_path_lib.sh'
[20.437s] [34mcolcon.colcon_core.environment[0m [1;30mLevel 1[0m checking '/home/ylab/hibikino_toms_ws/install/toms_msg/bin'
[20.437s] [34mcolcon.colcon_core.environment[0m [1;30mLevel 1[0m checking '/home/ylab/hibikino_toms_ws/install/toms_msg/lib/pkgconfig/toms_msg.pc'
[20.438s] [34mcolcon.colcon_core.environment[0m [1;30mLevel 1[0m checking '/home/ylab/hibikino_toms_ws/install/toms_msg/lib/python3.10/site-packages'
[20.438s] [34mcolcon.colcon_core.environment[0m [1;30mLevel 1[0m checking '/home/ylab/hibikino_toms_ws/install/toms_msg/bin'
[20.439s] [34mcolcon.colcon_core.shell[0m [1;30mINFO[0m Creating package script '/home/ylab/hibikino_toms_ws/install/toms_msg/share/toms_msg/package.ps1'
[20.442s] [34mcolcon.colcon_core.shell[0m [1;30mINFO[0m Creating package descriptor '/home/ylab/hibikino_toms_ws/install/toms_msg/share/toms_msg/package.dsv'
[20.443s] [34mcolcon.colcon_core.shell[0m [1;30mINFO[0m Creating package script '/home/ylab/hibikino_toms_ws/install/toms_msg/share/toms_msg/package.sh'
[20.446s] [34mcolcon.colcon_core.shell[0m [1;30mINFO[0m Creating package script '/home/ylab/hibikino_toms_ws/install/toms_msg/share/toms_msg/package.bash'
[20.448s] [34mcolcon.colcon_core.shell[0m [1;30mINFO[0m Creating package script '/home/ylab/hibikino_toms_ws/install/toms_msg/share/toms_msg/package.zsh'
[20.449s] [34mcolcon.colcon_core.environment[0m [1;30mLevel 1[0m create_file_with_runtime_dependencies(/home/ylab/hibikino_toms_ws/install/toms_msg/share/colcon-core/packages/toms_msg)
[20.450s] [34mcolcon.colcon_parallel_executor.executor.parallel[0m [1;30mDEBUG[0m [32mclosing loop[0m
[20.452s] [34mcolcon.colcon_parallel_executor.executor.parallel[0m [1;30mDEBUG[0m [32mloop closed[0m
[20.452s] [34mcolcon.colcon_parallel_executor.executor.parallel[0m [1;30mDEBUG[0m [32mrun_until_complete finished with '0'[0m
[20.453s] [34mcolcon.colcon_core.event_reactor[0m [1;30mDEBUG[0m [32mjoining thread[0m
[20.481s] [34mcolcon.colcon_core.plugin_system[0m [1;30mINFO[0m Skipping extension 'colcon_notification.desktop_notification.terminal_notifier': Not used on non-Darwin systems
[20.481s] [34mcolcon.colcon_core.plugin_system[0m [1;30mINFO[0m Skipping extension 'colcon_notification.desktop_notification.win32': Not used on non-Windows systems
[20.482s] [34mcolcon.colcon_notification.desktop_notification[0m [1;30mINFO[0m Sending desktop notification using 'notify2'
[20.595s] [34mcolcon.colcon_core.event_reactor[0m [1;30mDEBUG[0m [32mjoined thread[0m
[20.596s] [34mcolcon.colcon_core.shell[0m [1;30mINFO[0m Creating prefix script '/home/ylab/hibikino_toms_ws/install/local_setup.ps1'
[20.600s] [34mcolcon.colcon_core.shell[0m [1;30mINFO[0m Creating prefix util module '/home/ylab/hibikino_toms_ws/install/_local_setup_util_ps1.py'
[20.606s] [34mcolcon.colcon_core.shell[0m [1;30mINFO[0m Creating prefix chain script '/home/ylab/hibikino_toms_ws/install/setup.ps1'
[20.613s] [34mcolcon.colcon_core.shell[0m [1;30mINFO[0m Creating prefix script '/home/ylab/hibikino_toms_ws/install/local_setup.sh'
[20.616s] [34mcolcon.colcon_core.shell[0m [1;30mINFO[0m Creating prefix util module '/home/ylab/hibikino_toms_ws/install/_local_setup_util_sh.py'
[20.618s] [34mcolcon.colcon_core.shell[0m [1;30mINFO[0m Creating prefix chain script '/home/ylab/hibikino_toms_ws/install/setup.sh'
[20.626s] [34mcolcon.colcon_core.shell[0m [1;30mINFO[0m Creating prefix script '/home/ylab/hibikino_toms_ws/install/local_setup.bash'
[20.628s] [34mcolcon.colcon_core.shell[0m [1;30mINFO[0m Creating prefix chain script '/home/ylab/hibikino_toms_ws/install/setup.bash'
[20.636s] [34mcolcon.colcon_core.shell[0m [1;30mINFO[0m Creating prefix script '/home/ylab/hibikino_toms_ws/install/local_setup.zsh'
[20.638s] [34mcolcon.colcon_core.shell[0m [1;30mINFO[0m Creating prefix chain script '/home/ylab/hibikino_toms_ws/install/setup.zsh'
