[8.951s] Invoking command in '/home/ylab/hibikino_toms_ws/build/arm_controller_pkg': PYTHONPATH=/home/ylab/hibikino_toms_ws/build/arm_controller_pkg/prefix_override:/usr/lib/python3/dist-packages/colcon_core/task/python/colcon_distutils_commands:/home/ylab/hibikino_toms_ws/install/arm_controller_pkg/lib/python3.10/site-packages:${PYTHONPATH} /usr/bin/python3 -W ignore:setup.py install is deprecated -W ignore:easy_install command is deprecated setup.py develop --editable --build-directory /home/ylab/hibikino_toms_ws/build/arm_controller_pkg/build --no-deps symlink_data
[9.722s] running develop
[10.238s] running egg_info
[10.238s] writing arm_controller_pkg.egg-info/PKG-INFO
[10.239s] writing dependency_links to arm_controller_pkg.egg-info/dependency_links.txt
[10.240s] writing entry points to arm_controller_pkg.egg-info/entry_points.txt
[10.241s] writing requirements to arm_controller_pkg.egg-info/requires.txt
[10.241s] writing top-level names to arm_controller_pkg.egg-info/top_level.txt
[10.246s] reading manifest file 'arm_controller_pkg.egg-info/SOURCES.txt'
[10.249s] writing manifest file 'arm_controller_pkg.egg-info/SOURCES.txt'
[10.254s] running build_ext
[10.255s] Creating /home/ylab/hibikino_toms_ws/install/arm_controller_pkg/lib/python3.10/site-packages/arm-controller-pkg.egg-link (link to .)
[10.257s] Installing arm_client_node script to /home/ylab/hibikino_toms_ws/install/arm_controller_pkg/lib/arm_controller_pkg
[10.258s] Installing arm_client_node_d435 script to /home/ylab/hibikino_toms_ws/install/arm_controller_pkg/lib/arm_controller_pkg
[10.258s] Installing arm_controller script to /home/ylab/hibikino_toms_ws/install/arm_controller_pkg/lib/arm_controller_pkg
[10.258s] Installing arm_controller_server_d435 script to /home/ylab/hibikino_toms_ws/install/arm_controller_pkg/lib/arm_controller_pkg
[10.258s] Installing arm_smooth_controller script to /home/ylab/hibikino_toms_ws/install/arm_controller_pkg/lib/arm_controller_pkg
[10.259s] 
[10.259s] Installed /home/ylab/hibikino_toms_ws/build/arm_controller_pkg
[10.259s] running symlink_data
[10.458s] Invoked command in '/home/ylab/hibikino_toms_ws/build/arm_controller_pkg' returned '0': PYTHONPATH=/home/ylab/hibikino_toms_ws/build/arm_controller_pkg/prefix_override:/usr/lib/python3/dist-packages/colcon_core/task/python/colcon_distutils_commands:/home/ylab/hibikino_toms_ws/install/arm_controller_pkg/lib/python3.10/site-packages:${PYTHONPATH} /usr/bin/python3 -W ignore:setup.py install is deprecated -W ignore:easy_install command is deprecated setup.py develop --editable --build-directory /home/ylab/hibikino_toms_ws/build/arm_controller_pkg/build --no-deps symlink_data
